mode: atomic
github.com/sparkle/gateway/cmd/server/main.go:47.13,56.15 5 0
github.com/sparkle/gateway/cmd/server/main.go:56.15,57.56 1 0
github.com/sparkle/gateway/cmd/server/main.go:57.56,59.4 1 0
github.com/sparkle/gateway/cmd/server/main.go:63.2,65.16 3 0
github.com/sparkle/gateway/cmd/server/main.go:65.16,67.3 1 0
github.com/sparkle/gateway/cmd/server/main.go:68.2,72.16 3 0
github.com/sparkle/gateway/cmd/server/main.go:72.16,74.3 1 0
github.com/sparkle/gateway/cmd/server/main.go:75.2,79.16 3 0
github.com/sparkle/gateway/cmd/server/main.go:79.16,81.3 1 0
github.com/sparkle/gateway/cmd/server/main.go:82.2,90.16 5 0
github.com/sparkle/gateway/cmd/server/main.go:90.16,92.3 1 0
github.com/sparkle/gateway/cmd/server/main.go:93.2,99.25 4 0
github.com/sparkle/gateway/cmd/server/main.go:99.25,101.3 1 0
github.com/sparkle/gateway/cmd/server/main.go:102.2,111.16 9 0
github.com/sparkle/gateway/cmd/server/main.go:111.16,113.3 1 0
github.com/sparkle/gateway/cmd/server/main.go:116.2,117.16 2 0
github.com/sparkle/gateway/cmd/server/main.go:117.16,119.3 1 0
github.com/sparkle/gateway/cmd/server/main.go:120.2,124.16 3 0
github.com/sparkle/gateway/cmd/server/main.go:124.16,126.3 1 0
github.com/sparkle/gateway/cmd/server/main.go:127.2,127.25 1 0
github.com/sparkle/gateway/cmd/server/main.go:127.25,129.3 1 0
github.com/sparkle/gateway/cmd/server/main.go:132.2,133.16 2 0
github.com/sparkle/gateway/cmd/server/main.go:133.16,135.3 1 0
github.com/sparkle/gateway/cmd/server/main.go:136.2,176.16 19 0
github.com/sparkle/gateway/cmd/server/main.go:176.16,178.3 1 0
github.com/sparkle/gateway/cmd/server/main.go:179.2,194.12 6 0
github.com/sparkle/gateway/cmd/server/main.go:194.12,195.67 1 0
github.com/sparkle/gateway/cmd/server/main.go:195.67,197.4 1 0
github.com/sparkle/gateway/cmd/server/main.go:202.2,203.12 2 0
github.com/sparkle/gateway/cmd/server/main.go:203.12,204.65 1 0
github.com/sparkle/gateway/cmd/server/main.go:204.65,206.4 1 0
github.com/sparkle/gateway/cmd/server/main.go:211.2,213.12 3 0
github.com/sparkle/gateway/cmd/server/main.go:213.12,214.62 1 0
github.com/sparkle/gateway/cmd/server/main.go:214.62,216.4 1 0
github.com/sparkle/gateway/cmd/server/main.go:220.2,231.86 5 0
github.com/sparkle/gateway/cmd/server/main.go:231.86,233.3 1 0
github.com/sparkle/gateway/cmd/server/main.go:236.2,237.81 2 0
github.com/sparkle/gateway/cmd/server/main.go:237.81,239.3 1 0
github.com/sparkle/gateway/cmd/server/main.go:242.2,243.83 2 0
github.com/sparkle/gateway/cmd/server/main.go:243.83,245.3 1 0
github.com/sparkle/gateway/cmd/server/main.go:250.2,258.12 5 0
github.com/sparkle/gateway/cmd/server/main.go:258.12,259.66 1 0
github.com/sparkle/gateway/cmd/server/main.go:259.66,261.4 1 0
github.com/sparkle/gateway/cmd/server/main.go:269.2,272.12 2 0
github.com/sparkle/gateway/cmd/server/main.go:272.12,273.66 1 0
github.com/sparkle/gateway/cmd/server/main.go:273.66,275.4 1 0
github.com/sparkle/gateway/cmd/server/main.go:281.2,287.12 3 0
github.com/sparkle/gateway/cmd/server/main.go:287.12,288.68 1 0
github.com/sparkle/gateway/cmd/server/main.go:288.68,290.4 1 0
github.com/sparkle/gateway/cmd/server/main.go:293.2,294.12 2 0
github.com/sparkle/gateway/cmd/server/main.go:294.12,295.71 1 0
github.com/sparkle/gateway/cmd/server/main.go:295.71,297.4 1 0
github.com/sparkle/gateway/cmd/server/main.go:301.2,302.12 2 0
github.com/sparkle/gateway/cmd/server/main.go:302.12,303.58 1 0
github.com/sparkle/gateway/cmd/server/main.go:303.58,305.4 1 0
github.com/sparkle/gateway/cmd/server/main.go:311.2,311.27 1 0
github.com/sparkle/gateway/cmd/server/main.go:311.27,313.17 2 0
github.com/sparkle/gateway/cmd/server/main.go:313.17,315.4 1 0
github.com/sparkle/gateway/cmd/server/main.go:315.9,318.4 1 0
github.com/sparkle/gateway/cmd/server/main.go:319.8,321.3 1 0
github.com/sparkle/gateway/cmd/server/main.go:326.2,326.44 1 0
github.com/sparkle/gateway/cmd/server/main.go:326.44,329.17 2 0
github.com/sparkle/gateway/cmd/server/main.go:329.17,335.4 2 0
github.com/sparkle/gateway/cmd/server/main.go:338.3,354.5 4 0
github.com/sparkle/gateway/cmd/server/main.go:358.2,368.21 5 0
github.com/sparkle/gateway/cmd/server/main.go:368.21,370.3 1 0
github.com/sparkle/gateway/cmd/server/main.go:373.2,392.2 9 0
github.com/sparkle/gateway/cmd/server/main.go:392.2,394.43 1 0
github.com/sparkle/gateway/cmd/server/main.go:394.43,396.4 1 0
github.com/sparkle/gateway/cmd/server/main.go:397.3,424.82 9 0
github.com/sparkle/gateway/cmd/server/main.go:427.2,428.2 2 0
github.com/sparkle/gateway/cmd/server/main.go:428.2,431.3 2 0
github.com/sparkle/gateway/cmd/server/main.go:434.2,439.2 3 0
github.com/sparkle/gateway/cmd/server/main.go:439.2,449.55 7 0
github.com/sparkle/gateway/cmd/server/main.go:449.55,451.18 2 0
github.com/sparkle/gateway/cmd/server/main.go:451.18,454.5 2 0
github.com/sparkle/gateway/cmd/server/main.go:455.4,455.38 1 0
github.com/sparkle/gateway/cmd/server/main.go:458.3,458.61 1 0
github.com/sparkle/gateway/cmd/server/main.go:458.61,461.18 3 0
github.com/sparkle/gateway/cmd/server/main.go:461.18,464.5 2 0
github.com/sparkle/gateway/cmd/server/main.go:465.4,465.31 1 0
github.com/sparkle/gateway/cmd/server/main.go:468.3,468.68 1 0
github.com/sparkle/gateway/cmd/server/main.go:468.68,470.87 2 0
github.com/sparkle/gateway/cmd/server/main.go:470.87,473.5 2 0
github.com/sparkle/gateway/cmd/server/main.go:474.4,474.55 1 0
github.com/sparkle/gateway/cmd/server/main.go:477.3,477.68 1 0
github.com/sparkle/gateway/cmd/server/main.go:477.68,479.87 2 0
github.com/sparkle/gateway/cmd/server/main.go:479.87,482.5 2 0
github.com/sparkle/gateway/cmd/server/main.go:483.4,483.52 1 0
github.com/sparkle/gateway/cmd/server/main.go:486.3,486.69 1 0
github.com/sparkle/gateway/cmd/server/main.go:486.69,488.88 2 0
github.com/sparkle/gateway/cmd/server/main.go:488.88,491.5 2 0
github.com/sparkle/gateway/cmd/server/main.go:492.4,492.53 1 0
github.com/sparkle/gateway/cmd/server/main.go:496.3,496.65 1 0
github.com/sparkle/gateway/cmd/server/main.go:496.65,499.18 3 0
github.com/sparkle/gateway/cmd/server/main.go:499.18,502.5 2 0
github.com/sparkle/gateway/cmd/server/main.go:503.4,503.48 1 0
github.com/sparkle/gateway/cmd/server/main.go:508.3,508.70 1 0
github.com/sparkle/gateway/cmd/server/main.go:508.70,513.16 3 0
github.com/sparkle/gateway/cmd/server/main.go:514.32,515.44 1 0
github.com/sparkle/gateway/cmd/server/main.go:516.27,517.44 1 0
github.com/sparkle/gateway/cmd/server/main.go:518.29,519.53 1 0
github.com/sparkle/gateway/cmd/server/main.go:520.12,522.11 2 0
github.com/sparkle/gateway/cmd/server/main.go:526.4,526.14 1 0
github.com/sparkle/gateway/cmd/server/main.go:526.14,530.19 4 0
github.com/sparkle/gateway/cmd/server/main.go:530.19,535.6 1 0
github.com/sparkle/gateway/cmd/server/main.go:535.11,541.6 1 0
github.com/sparkle/gateway/cmd/server/main.go:544.4,547.6 1 0
github.com/sparkle/gateway/cmd/server/main.go:551.3,551.79 1 0
github.com/sparkle/gateway/cmd/server/main.go:551.79,555.16 3 0
github.com/sparkle/gateway/cmd/server/main.go:556.32,557.44 1 0
github.com/sparkle/gateway/cmd/server/main.go:558.27,559.44 1 0
github.com/sparkle/gateway/cmd/server/main.go:560.29,561.53 1 0
github.com/sparkle/gateway/cmd/server/main.go:562.12,564.11 2 0
github.com/sparkle/gateway/cmd/server/main.go:567.4,567.14 1 0
github.com/sparkle/gateway/cmd/server/main.go:567.14,571.19 4 0
github.com/sparkle/gateway/cmd/server/main.go:571.19,576.6 1 0
github.com/sparkle/gateway/cmd/server/main.go:576.11,582.6 1 0
github.com/sparkle/gateway/cmd/server/main.go:585.4,588.6 1 0
github.com/sparkle/gateway/cmd/server/main.go:592.3,592.71 1 0
github.com/sparkle/gateway/cmd/server/main.go:592.71,597.18 3 0
github.com/sparkle/gateway/cmd/server/main.go:597.18,600.5 2 0
github.com/sparkle/gateway/cmd/server/main.go:604.4,611.100 2 0
github.com/sparkle/gateway/cmd/server/main.go:611.100,614.5 2 0
github.com/sparkle/gateway/cmd/server/main.go:616.4,619.6 1 0
github.com/sparkle/gateway/cmd/server/main.go:623.3,623.53 1 0
github.com/sparkle/gateway/cmd/server/main.go:623.53,625.18 2 0
github.com/sparkle/gateway/cmd/server/main.go:625.18,628.5 2 0
github.com/sparkle/gateway/cmd/server/main.go:629.4,629.32 1 0
github.com/sparkle/gateway/cmd/server/main.go:633.3,633.56 1 0
github.com/sparkle/gateway/cmd/server/main.go:633.56,635.18 2 0
github.com/sparkle/gateway/cmd/server/main.go:635.18,638.5 2 0
github.com/sparkle/gateway/cmd/server/main.go:639.4,642.6 1 0
github.com/sparkle/gateway/cmd/server/main.go:646.3,646.66 1 0
github.com/sparkle/gateway/cmd/server/main.go:646.66,648.80 2 0
github.com/sparkle/gateway/cmd/server/main.go:648.80,651.5 2 0
github.com/sparkle/gateway/cmd/server/main.go:652.4,655.6 1 0
github.com/sparkle/gateway/cmd/server/main.go:659.3,659.62 1 0
github.com/sparkle/gateway/cmd/server/main.go:659.62,661.81 2 0
github.com/sparkle/gateway/cmd/server/main.go:661.81,664.5 2 0
github.com/sparkle/gateway/cmd/server/main.go:665.4,668.6 1 0
github.com/sparkle/gateway/cmd/server/main.go:672.3,672.56 1 0
github.com/sparkle/gateway/cmd/server/main.go:672.56,674.18 2 0
github.com/sparkle/gateway/cmd/server/main.go:674.18,677.5 2 0
github.com/sparkle/gateway/cmd/server/main.go:678.4,680.6 1 0
github.com/sparkle/gateway/cmd/server/main.go:686.2,687.22 2 0
github.com/sparkle/gateway/cmd/server/main.go:687.22,689.3 1 0
github.com/sparkle/gateway/cmd/server/main.go:690.2,696.16 3 0
github.com/sparkle/gateway/cmd/server/main.go:696.16,698.3 1 0
github.com/sparkle/gateway/cmd/server/main.go:700.2,701.43 2 0
github.com/sparkle/gateway/cmd/server/main.go:701.43,708.3 4 0
github.com/sparkle/gateway/cmd/server/main.go:713.2,713.33 1 0
github.com/sparkle/gateway/cmd/server/main.go:713.33,724.45 2 0
github.com/sparkle/gateway/cmd/server/main.go:724.45,725.47 1 0
github.com/sparkle/gateway/cmd/server/main.go:725.47,727.22 2 0
github.com/sparkle/gateway/cmd/server/main.go:727.22,729.6 1 0
github.com/sparkle/gateway/cmd/server/main.go:731.4,732.10 2 0
github.com/sparkle/gateway/cmd/server/main.go:736.3,737.20 2 0
github.com/sparkle/gateway/cmd/server/main.go:737.20,739.4 1 0
github.com/sparkle/gateway/cmd/server/main.go:742.3,743.19 2 0
github.com/sparkle/gateway/cmd/server/main.go:743.19,745.4 1 0
github.com/sparkle/gateway/cmd/server/main.go:747.3,747.54 1 0
github.com/sparkle/gateway/cmd/server/main.go:747.54,749.4 1 0
github.com/sparkle/gateway/cmd/server/main.go:752.3,754.40 3 0
github.com/sparkle/gateway/cmd/server/main.go:757.2,758.46 2 0
github.com/sparkle/gateway/cmd/server/main.go:758.46,760.3 1 0
github.com/sparkle/gateway/gen/proto/error_book/error_book.pb.go:49.31,54.2 4 0
github.com/sparkle/gateway/gen/proto/error_book/error_book.pb.go:56.39,58.2 1 0
github.com/sparkle/gateway/gen/proto/error_book/error_book.pb.go:60.37,60.38 0 0
github.com/sparkle/gateway/gen/proto/error_book/error_book.pb.go:62.59,64.14 2 0
github.com/sparkle/gateway/gen/proto/error_book/error_book.pb.go:64.14,66.34 2 0
github.com/sparkle/gateway/gen/proto/error_book/error_book.pb.go:66.34,68.4 1 0
github.com/sparkle/gateway/gen/proto/error_book/error_book.pb.go:69.3,69.12 1 0
github.com/sparkle/gateway/gen/proto/error_book/error_book.pb.go:71.2,71.24 1 0
github.com/sparkle/gateway/gen/proto/error_book/error_book.pb.go:75.50,77.2 1 0
github.com/sparkle/gateway/gen/proto/error_book/error_book.pb.go:79.38,80.14 1 0
github.com/sparkle/gateway/gen/proto/error_book/error_book.pb.go:80.14,82.3 1 0
github.com/sparkle/gateway/gen/proto/error_book/error_book.pb.go:83.2,83.11 1 0
github.com/sparkle/gateway/gen/proto/error_book/error_book.pb.go:86.42,87.14 1 0
github.com/sparkle/gateway/gen/proto/error_book/error_book.pb.go:87.14,89.3 1 0
github.com/sparkle/gateway/gen/proto/error_book/error_book.pb.go:90.2,90.11 1 0
github.com/sparkle/gateway/gen/proto/error_book/error_book.pb.go:93.47,94.14 1 0
github.com/sparkle/gateway/gen/proto/error_book/error_book.pb.go:94.14,96.3 1 0
github.com/sparkle/gateway/gen/proto/error_book/error_book.pb.go:97.2,97.11 1 0
github.com/sparkle/gateway/gen/proto/error_book/error_book.pb.go:100.43,101.14 1 0
github.com/sparkle/gateway/gen/proto/error_book/error_book.pb.go:101.14,103.3 1 0
github.com/sparkle/gateway/gen/proto/error_book/error_book.pb.go:104.2,104.11 1 0
github.com/sparkle/gateway/gen/proto/error_book/error_book.pb.go:107.48,108.14 1 0
github.com/sparkle/gateway/gen/proto/error_book/error_book.pb.go:108.14,110.3 1 0
github.com/sparkle/gateway/gen/proto/error_book/error_book.pb.go:111.2,111.11 1 0
github.com/sparkle/gateway/gen/proto/error_book/error_book.pb.go:114.52,115.14 1 0
github.com/sparkle/gateway/gen/proto/error_book/error_book.pb.go:115.14,117.3 1 0
github.com/sparkle/gateway/gen/proto/error_book/error_book.pb.go:118.2,118.11 1 0
github.com/sparkle/gateway/gen/proto/error_book/error_book.pb.go:121.46,122.14 1 0
github.com/sparkle/gateway/gen/proto/error_book/error_book.pb.go:122.14,124.3 1 0
github.com/sparkle/gateway/gen/proto/error_book/error_book.pb.go:125.2,125.11 1 0
github.com/sparkle/gateway/gen/proto/error_book/error_book.pb.go:128.49,129.14 1 0
github.com/sparkle/gateway/gen/proto/error_book/error_book.pb.go:129.14,131.3 1 0
github.com/sparkle/gateway/gen/proto/error_book/error_book.pb.go:132.2,132.11 1 0
github.com/sparkle/gateway/gen/proto/error_book/error_book.pb.go:135.49,136.14 1 0
github.com/sparkle/gateway/gen/proto/error_book/error_book.pb.go:136.14,138.3 1 0
github.com/sparkle/gateway/gen/proto/error_book/error_book.pb.go:139.2,139.10 1 0
github.com/sparkle/gateway/gen/proto/error_book/error_book.pb.go:142.46,143.14 1 0
github.com/sparkle/gateway/gen/proto/error_book/error_book.pb.go:143.14,145.3 1 0
github.com/sparkle/gateway/gen/proto/error_book/error_book.pb.go:146.2,146.10 1 0
github.com/sparkle/gateway/gen/proto/error_book/error_book.pb.go:149.64,150.14 1 0
github.com/sparkle/gateway/gen/proto/error_book/error_book.pb.go:150.14,152.3 1 0
github.com/sparkle/gateway/gen/proto/error_book/error_book.pb.go:153.2,153.12 1 0
github.com/sparkle/gateway/gen/proto/error_book/error_book.pb.go:156.66,157.14 1 0
github.com/sparkle/gateway/gen/proto/error_book/error_book.pb.go:157.14,159.3 1 0
github.com/sparkle/gateway/gen/proto/error_book/error_book.pb.go:160.2,160.12 1 0
github.com/sparkle/gateway/gen/proto/error_book/error_book.pb.go:163.64,164.14 1 0
github.com/sparkle/gateway/gen/proto/error_book/error_book.pb.go:164.14,166.3 1 0
github.com/sparkle/gateway/gen/proto/error_book/error_book.pb.go:167.2,167.12 1 0
github.com/sparkle/gateway/gen/proto/error_book/error_book.pb.go:170.65,171.14 1 0
github.com/sparkle/gateway/gen/proto/error_book/error_book.pb.go:171.14,173.3 1 0
github.com/sparkle/gateway/gen/proto/error_book/error_book.pb.go:174.2,174.12 1 0
github.com/sparkle/gateway/gen/proto/error_book/error_book.pb.go:177.61,178.14 1 0
github.com/sparkle/gateway/gen/proto/error_book/error_book.pb.go:178.14,180.3 1 0
github.com/sparkle/gateway/gen/proto/error_book/error_book.pb.go:181.2,181.12 1 0
github.com/sparkle/gateway/gen/proto/error_book/error_book.pb.go:184.61,185.14 1 0
github.com/sparkle/gateway/gen/proto/error_book/error_book.pb.go:185.14,187.3 1 0
github.com/sparkle/gateway/gen/proto/error_book/error_book.pb.go:188.2,188.12 1 0
github.com/sparkle/gateway/gen/proto/error_book/error_book.pb.go:205.39,210.2 4 0
github.com/sparkle/gateway/gen/proto/error_book/error_book.pb.go:212.47,214.2 1 0
github.com/sparkle/gateway/gen/proto/error_book/error_book.pb.go:216.45,216.46 0 0
github.com/sparkle/gateway/gen/proto/error_book/error_book.pb.go:218.67,220.14 2 0
github.com/sparkle/gateway/gen/proto/error_book/error_book.pb.go:220.14,222.34 2 0
github.com/sparkle/gateway/gen/proto/error_book/error_book.pb.go:222.34,224.4 1 0
github.com/sparkle/gateway/gen/proto/error_book/error_book.pb.go:225.3,225.12 1 0
github.com/sparkle/gateway/gen/proto/error_book/error_book.pb.go:227.2,227.24 1 0
github.com/sparkle/gateway/gen/proto/error_book/error_book.pb.go:231.58,233.2 1 0
github.com/sparkle/gateway/gen/proto/error_book/error_book.pb.go:235.53,236.14 1 0
github.com/sparkle/gateway/gen/proto/error_book/error_book.pb.go:236.14,238.3 1 0
github.com/sparkle/gateway/gen/proto/error_book/error_book.pb.go:239.2,239.11 1 0
github.com/sparkle/gateway/gen/proto/error_book/error_book.pb.go:242.58,243.14 1 0
github.com/sparkle/gateway/gen/proto/error_book/error_book.pb.go:243.14,245.3 1 0
github.com/sparkle/gateway/gen/proto/error_book/error_book.pb.go:246.2,246.11 1 0
github.com/sparkle/gateway/gen/proto/error_book/error_book.pb.go:249.53,250.14 1 0
github.com/sparkle/gateway/gen/proto/error_book/error_book.pb.go:250.14,252.3 1 0
github.com/sparkle/gateway/gen/proto/error_book/error_book.pb.go:253.2,253.11 1 0
github.com/sparkle/gateway/gen/proto/error_book/error_book.pb.go:256.59,257.14 1 0
github.com/sparkle/gateway/gen/proto/error_book/error_book.pb.go:257.14,259.3 1 0
github.com/sparkle/gateway/gen/proto/error_book/error_book.pb.go:260.2,260.11 1 0
github.com/sparkle/gateway/gen/proto/error_book/error_book.pb.go:263.58,264.14 1 0
github.com/sparkle/gateway/gen/proto/error_book/error_book.pb.go:264.14,266.3 1 0
github.com/sparkle/gateway/gen/proto/error_book/error_book.pb.go:267.2,267.12 1 0
github.com/sparkle/gateway/gen/proto/error_book/error_book.pb.go:270.66,271.14 1 0
github.com/sparkle/gateway/gen/proto/error_book/error_book.pb.go:271.14,273.3 1 0
github.com/sparkle/gateway/gen/proto/error_book/error_book.pb.go:274.2,274.12 1 0
github.com/sparkle/gateway/gen/proto/error_book/error_book.pb.go:277.59,278.14 1 0
github.com/sparkle/gateway/gen/proto/error_book/error_book.pb.go:278.14,280.3 1 0
github.com/sparkle/gateway/gen/proto/error_book/error_book.pb.go:281.2,281.11 1 0
github.com/sparkle/gateway/gen/proto/error_book/error_book.pb.go:284.51,285.14 1 0
github.com/sparkle/gateway/gen/proto/error_book/error_book.pb.go:285.14,287.3 1 0
github.com/sparkle/gateway/gen/proto/error_book/error_book.pb.go:288.2,288.11 1 0
github.com/sparkle/gateway/gen/proto/error_book/error_book.pb.go:301.38,306.2 4 0
github.com/sparkle/gateway/gen/proto/error_book/error_book.pb.go:308.46,310.2 1 0
github.com/sparkle/gateway/gen/proto/error_book/error_book.pb.go:312.44,312.45 0 0
github.com/sparkle/gateway/gen/proto/error_book/error_book.pb.go:314.66,316.14 2 0
github.com/sparkle/gateway/gen/proto/error_book/error_book.pb.go:316.14,318.34 2 0
github.com/sparkle/gateway/gen/proto/error_book/error_book.pb.go:318.34,320.4 1 0
github.com/sparkle/gateway/gen/proto/error_book/error_book.pb.go:321.3,321.12 1 0
github.com/sparkle/gateway/gen/proto/error_book/error_book.pb.go:323.2,323.24 1 0
github.com/sparkle/gateway/gen/proto/error_book/error_book.pb.go:327.57,329.2 1 0
github.com/sparkle/gateway/gen/proto/error_book/error_book.pb.go:331.45,332.14 1 0
github.com/sparkle/gateway/gen/proto/error_book/error_book.pb.go:332.14,334.3 1 0
github.com/sparkle/gateway/gen/proto/error_book/error_book.pb.go:335.2,335.11 1 0
github.com/sparkle/gateway/gen/proto/error_book/error_book.pb.go:338.47,339.14 1 0
github.com/sparkle/gateway/gen/proto/error_book/error_book.pb.go:339.14,341.3 1 0
github.com/sparkle/gateway/gen/proto/error_book/error_book.pb.go:342.2,342.11 1 0
github.com/sparkle/gateway/gen/proto/error_book/error_book.pb.go:345.53,346.14 1 0
github.com/sparkle/gateway/gen/proto/error_book/error_book.pb.go:346.14,348.3 1 0
github.com/sparkle/gateway/gen/proto/error_book/error_book.pb.go:349.2,349.10 1 0
github.com/sparkle/gateway/gen/proto/error_book/error_book.pb.go:352.50,353.14 1 0
github.com/sparkle/gateway/gen/proto/error_book/error_book.pb.go:353.14,355.3 1 0
github.com/sparkle/gateway/gen/proto/error_book/error_book.pb.go:356.2,356.14 1 0
github.com/sparkle/gateway/gen/proto/error_book/error_book.pb.go:372.38,377.2 4 0
github.com/sparkle/gateway/gen/proto/error_book/error_book.pb.go:379.46,381.2 1 0
github.com/sparkle/gateway/gen/proto/error_book/error_book.pb.go:383.44,383.45 0 0
github.com/sparkle/gateway/gen/proto/error_book/error_book.pb.go:385.66,387.14 2 0
github.com/sparkle/gateway/gen/proto/error_book/error_book.pb.go:387.14,389.34 2 0
github.com/sparkle/gateway/gen/proto/error_book/error_book.pb.go:389.34,391.4 1 0
github.com/sparkle/gateway/gen/proto/error_book/error_book.pb.go:392.3,392.12 1 0
github.com/sparkle/gateway/gen/proto/error_book/error_book.pb.go:394.2,394.24 1 0
github.com/sparkle/gateway/gen/proto/error_book/error_book.pb.go:398.57,400.2 1 0
github.com/sparkle/gateway/gen/proto/error_book/error_book.pb.go:402.49,403.14 1 0
github.com/sparkle/gateway/gen/proto/error_book/error_book.pb.go:403.14,405.3 1 0
github.com/sparkle/gateway/gen/proto/error_book/error_book.pb.go:406.2,406.11 1 0
github.com/sparkle/gateway/gen/proto/error_book/error_book.pb.go:409.55,410.14 1 0
github.com/sparkle/gateway/gen/proto/error_book/error_book.pb.go:410.14,412.3 1 0
github.com/sparkle/gateway/gen/proto/error_book/error_book.pb.go:413.2,413.11 1 0
github.com/sparkle/gateway/gen/proto/error_book/error_book.pb.go:416.59,417.14 1 0
github.com/sparkle/gateway/gen/proto/error_book/error_book.pb.go:417.14,419.3 1 0
github.com/sparkle/gateway/gen/proto/error_book/error_book.pb.go:420.2,420.11 1 0
github.com/sparkle/gateway/gen/proto/error_book/error_book.pb.go:423.53,424.14 1 0
github.com/sparkle/gateway/gen/proto/error_book/error_book.pb.go:424.14,426.3 1 0
github.com/sparkle/gateway/gen/proto/error_book/error_book.pb.go:427.2,427.11 1 0
github.com/sparkle/gateway/gen/proto/error_book/error_book.pb.go:430.56,431.14 1 0
github.com/sparkle/gateway/gen/proto/error_book/error_book.pb.go:431.14,433.3 1 0
github.com/sparkle/gateway/gen/proto/error_book/error_book.pb.go:434.2,434.11 1 0
github.com/sparkle/gateway/gen/proto/error_book/error_book.pb.go:437.54,438.14 1 0
github.com/sparkle/gateway/gen/proto/error_book/error_book.pb.go:438.14,440.3 1 0
github.com/sparkle/gateway/gen/proto/error_book/error_book.pb.go:441.2,441.11 1 0
github.com/sparkle/gateway/gen/proto/error_book/error_book.pb.go:444.50,445.14 1 0
github.com/sparkle/gateway/gen/proto/error_book/error_book.pb.go:445.14,447.3 1 0
github.com/sparkle/gateway/gen/proto/error_book/error_book.pb.go:448.2,448.11 1 0
github.com/sparkle/gateway/gen/proto/error_book/error_book.pb.go:467.37,472.2 4 0
github.com/sparkle/gateway/gen/proto/error_book/error_book.pb.go:474.45,476.2 1 0
github.com/sparkle/gateway/gen/proto/error_book/error_book.pb.go:478.43,478.44 0 0
github.com/sparkle/gateway/gen/proto/error_book/error_book.pb.go:480.65,482.14 2 0
github.com/sparkle/gateway/gen/proto/error_book/error_book.pb.go:482.14,484.34 2 0
github.com/sparkle/gateway/gen/proto/error_book/error_book.pb.go:484.34,486.4 1 0
github.com/sparkle/gateway/gen/proto/error_book/error_book.pb.go:487.3,487.12 1 0
github.com/sparkle/gateway/gen/proto/error_book/error_book.pb.go:489.2,489.24 1 0
github.com/sparkle/gateway/gen/proto/error_book/error_book.pb.go:493.56,495.2 1 0
github.com/sparkle/gateway/gen/proto/error_book/error_book.pb.go:497.48,498.14 1 0
github.com/sparkle/gateway/gen/proto/error_book/error_book.pb.go:498.14,500.3 1 0
github.com/sparkle/gateway/gen/proto/error_book/error_book.pb.go:501.2,501.11 1 0
github.com/sparkle/gateway/gen/proto/error_book/error_book.pb.go:504.53,505.14 1 0
github.com/sparkle/gateway/gen/proto/error_book/error_book.pb.go:505.14,507.3 1 0
github.com/sparkle/gateway/gen/proto/error_book/error_book.pb.go:508.2,508.11 1 0
github.com/sparkle/gateway/gen/proto/error_book/error_book.pb.go:511.49,512.14 1 0
github.com/sparkle/gateway/gen/proto/error_book/error_book.pb.go:512.14,514.3 1 0
github.com/sparkle/gateway/gen/proto/error_book/error_book.pb.go:515.2,515.11 1 0
github.com/sparkle/gateway/gen/proto/error_book/error_book.pb.go:518.51,519.14 1 0
github.com/sparkle/gateway/gen/proto/error_book/error_book.pb.go:519.14,521.3 1 0
github.com/sparkle/gateway/gen/proto/error_book/error_book.pb.go:522.2,522.11 1 0
github.com/sparkle/gateway/gen/proto/error_book/error_book.pb.go:525.53,526.37 1 0
github.com/sparkle/gateway/gen/proto/error_book/error_book.pb.go:526.37,528.3 1 0
github.com/sparkle/gateway/gen/proto/error_book/error_book.pb.go:529.2,529.10 1 0
github.com/sparkle/gateway/gen/proto/error_book/error_book.pb.go:532.53,533.37 1 0
github.com/sparkle/gateway/gen/proto/error_book/error_book.pb.go:533.37,535.3 1 0
github.com/sparkle/gateway/gen/proto/error_book/error_book.pb.go:536.2,536.10 1 0
github.com/sparkle/gateway/gen/proto/error_book/error_book.pb.go:539.50,540.37 1 0
github.com/sparkle/gateway/gen/proto/error_book/error_book.pb.go:540.37,542.3 1 0
github.com/sparkle/gateway/gen/proto/error_book/error_book.pb.go:543.2,543.14 1 0
github.com/sparkle/gateway/gen/proto/error_book/error_book.pb.go:546.49,547.14 1 0
github.com/sparkle/gateway/gen/proto/error_book/error_book.pb.go:547.14,549.3 1 0
github.com/sparkle/gateway/gen/proto/error_book/error_book.pb.go:550.2,550.11 1 0
github.com/sparkle/gateway/gen/proto/error_book/error_book.pb.go:553.45,554.14 1 0
github.com/sparkle/gateway/gen/proto/error_book/error_book.pb.go:554.14,556.3 1 0
github.com/sparkle/gateway/gen/proto/error_book/error_book.pb.go:557.2,557.10 1 0
github.com/sparkle/gateway/gen/proto/error_book/error_book.pb.go:560.49,561.14 1 0
github.com/sparkle/gateway/gen/proto/error_book/error_book.pb.go:561.14,563.3 1 0
github.com/sparkle/gateway/gen/proto/error_book/error_book.pb.go:564.2,564.10 1 0
github.com/sparkle/gateway/gen/proto/error_book/error_book.pb.go:578.38,583.2 4 0
github.com/sparkle/gateway/gen/proto/error_book/error_book.pb.go:585.46,587.2 1 0
github.com/sparkle/gateway/gen/proto/error_book/error_book.pb.go:589.44,589.45 0 0
github.com/sparkle/gateway/gen/proto/error_book/error_book.pb.go:591.66,593.14 2 0
github.com/sparkle/gateway/gen/proto/error_book/error_book.pb.go:593.14,595.34 2 0
github.com/sparkle/gateway/gen/proto/error_book/error_book.pb.go:595.34,597.4 1 0
github.com/sparkle/gateway/gen/proto/error_book/error_book.pb.go:598.3,598.12 1 0
github.com/sparkle/gateway/gen/proto/error_book/error_book.pb.go:600.2,600.24 1 0
github.com/sparkle/gateway/gen/proto/error_book/error_book.pb.go:604.57,606.2 1 0
github.com/sparkle/gateway/gen/proto/error_book/error_book.pb.go:608.56,609.14 1 0
github.com/sparkle/gateway/gen/proto/error_book/error_book.pb.go:609.14,611.3 1 0
github.com/sparkle/gateway/gen/proto/error_book/error_book.pb.go:612.2,612.12 1 0
github.com/sparkle/gateway/gen/proto/error_book/error_book.pb.go:615.47,616.14 1 0
github.com/sparkle/gateway/gen/proto/error_book/error_book.pb.go:616.14,618.3 1 0
github.com/sparkle/gateway/gen/proto/error_book/error_book.pb.go:619.2,619.10 1 0
github.com/sparkle/gateway/gen/proto/error_book/error_book.pb.go:622.46,623.14 1 0
github.com/sparkle/gateway/gen/proto/error_book/error_book.pb.go:623.14,625.3 1 0
github.com/sparkle/gateway/gen/proto/error_book/error_book.pb.go:626.2,626.10 1 0
github.com/sparkle/gateway/gen/proto/error_book/error_book.pb.go:629.50,630.14 1 0
github.com/sparkle/gateway/gen/proto/error_book/error_book.pb.go:630.14,632.3 1 0
github.com/sparkle/gateway/gen/proto/error_book/error_book.pb.go:633.2,633.10 1 0
github.com/sparkle/gateway/gen/proto/error_book/error_book.pb.go:636.48,637.14 1 0
github.com/sparkle/gateway/gen/proto/error_book/error_book.pb.go:637.14,639.3 1 0
github.com/sparkle/gateway/gen/proto/error_book/error_book.pb.go:640.2,640.14 1 0
github.com/sparkle/gateway/gen/proto/error_book/error_book.pb.go:651.35,656.2 4 0
github.com/sparkle/gateway/gen/proto/error_book/error_book.pb.go:658.43,660.2 1 0
github.com/sparkle/gateway/gen/proto/error_book/error_book.pb.go:662.41,662.42 0 0
github.com/sparkle/gateway/gen/proto/error_book/error_book.pb.go:664.63,666.14 2 0
github.com/sparkle/gateway/gen/proto/error_book/error_book.pb.go:666.14,668.34 2 0
github.com/sparkle/gateway/gen/proto/error_book/error_book.pb.go:668.34,670.4 1 0
github.com/sparkle/gateway/gen/proto/error_book/error_book.pb.go:671.3,671.12 1 0
github.com/sparkle/gateway/gen/proto/error_book/error_book.pb.go:673.2,673.24 1 0
github.com/sparkle/gateway/gen/proto/error_book/error_book.pb.go:677.54,679.2 1 0
github.com/sparkle/gateway/gen/proto/error_book/error_book.pb.go:681.47,682.14 1 0
github.com/sparkle/gateway/gen/proto/error_book/error_book.pb.go:682.14,684.3 1 0
github.com/sparkle/gateway/gen/proto/error_book/error_book.pb.go:685.2,685.11 1 0
github.com/sparkle/gateway/gen/proto/error_book/error_book.pb.go:688.46,689.14 1 0
github.com/sparkle/gateway/gen/proto/error_book/error_book.pb.go:689.14,691.3 1 0
github.com/sparkle/gateway/gen/proto/error_book/error_book.pb.go:692.2,692.11 1 0
github.com/sparkle/gateway/gen/proto/error_book/error_book.pb.go:709.38,714.2 4 0
github.com/sparkle/gateway/gen/proto/error_book/error_book.pb.go:716.46,718.2 1 0
github.com/sparkle/gateway/gen/proto/error_book/error_book.pb.go:720.44,720.45 0 0
github.com/sparkle/gateway/gen/proto/error_book/error_book.pb.go:722.66,724.14 2 0
github.com/sparkle/gateway/gen/proto/error_book/error_book.pb.go:724.14,726.34 2 0
github.com/sparkle/gateway/gen/proto/error_book/error_book.pb.go:726.34,728.4 1 0
github.com/sparkle/gateway/gen/proto/error_book/error_book.pb.go:729.3,729.12 1 0
github.com/sparkle/gateway/gen/proto/error_book/error_book.pb.go:731.2,731.24 1 0
github.com/sparkle/gateway/gen/proto/error_book/error_book.pb.go:735.57,737.2 1 0
github.com/sparkle/gateway/gen/proto/error_book/error_book.pb.go:739.50,740.14 1 0
github.com/sparkle/gateway/gen/proto/error_book/error_book.pb.go:740.14,742.3 1 0
github.com/sparkle/gateway/gen/proto/error_book/error_book.pb.go:743.2,743.11 1 0
github.com/sparkle/gateway/gen/proto/error_book/error_book.pb.go:746.49,747.14 1 0
github.com/sparkle/gateway/gen/proto/error_book/error_book.pb.go:747.14,749.3 1 0
github.com/sparkle/gateway/gen/proto/error_book/error_book.pb.go:750.2,750.11 1 0
github.com/sparkle/gateway/gen/proto/error_book/error_book.pb.go:753.55,754.39 1 0
github.com/sparkle/gateway/gen/proto/error_book/error_book.pb.go:754.39,756.3 1 0
github.com/sparkle/gateway/gen/proto/error_book/error_book.pb.go:757.2,757.11 1 0
github.com/sparkle/gateway/gen/proto/error_book/error_book.pb.go:760.53,761.37 1 0
github.com/sparkle/gateway/gen/proto/error_book/error_book.pb.go:761.37,763.3 1 0
github.com/sparkle/gateway/gen/proto/error_book/error_book.pb.go:764.2,764.11 1 0
github.com/sparkle/gateway/gen/proto/error_book/error_book.pb.go:767.56,768.40 1 0
github.com/sparkle/gateway/gen/proto/error_book/error_book.pb.go:768.40,770.3 1 0
github.com/sparkle/gateway/gen/proto/error_book/error_book.pb.go:771.2,771.11 1 0
github.com/sparkle/gateway/gen/proto/error_book/error_book.pb.go:774.54,775.38 1 0
github.com/sparkle/gateway/gen/proto/error_book/error_book.pb.go:775.38,777.3 1 0
github.com/sparkle/gateway/gen/proto/error_book/error_book.pb.go:778.2,778.11 1 0
github.com/sparkle/gateway/gen/proto/error_book/error_book.pb.go:781.50,782.34 1 0
github.com/sparkle/gateway/gen/proto/error_book/error_book.pb.go:782.34,784.3 1 0
github.com/sparkle/gateway/gen/proto/error_book/error_book.pb.go:785.2,785.11 1 0
github.com/sparkle/gateway/gen/proto/error_book/error_book.pb.go:788.59,789.43 1 0
github.com/sparkle/gateway/gen/proto/error_book/error_book.pb.go:789.43,791.3 1 0
github.com/sparkle/gateway/gen/proto/error_book/error_book.pb.go:792.2,792.11 1 0
github.com/sparkle/gateway/gen/proto/error_book/error_book.pb.go:803.38,808.2 4 0
github.com/sparkle/gateway/gen/proto/error_book/error_book.pb.go:810.46,812.2 1 0
github.com/sparkle/gateway/gen/proto/error_book/error_book.pb.go:814.44,814.45 0 0
github.com/sparkle/gateway/gen/proto/error_book/error_book.pb.go:816.66,818.14 2 0
github.com/sparkle/gateway/gen/proto/error_book/error_book.pb.go:818.14,820.34 2 0
github.com/sparkle/gateway/gen/proto/error_book/error_book.pb.go:820.34,822.4 1 0
github.com/sparkle/gateway/gen/proto/error_book/error_book.pb.go:823.3,823.12 1 0
github.com/sparkle/gateway/gen/proto/error_book/error_book.pb.go:825.2,825.24 1 0
github.com/sparkle/gateway/gen/proto/error_book/error_book.pb.go:829.57,831.2 1 0
github.com/sparkle/gateway/gen/proto/error_book/error_book.pb.go:833.50,834.14 1 0
github.com/sparkle/gateway/gen/proto/error_book/error_book.pb.go:834.14,836.3 1 0
github.com/sparkle/gateway/gen/proto/error_book/error_book.pb.go:837.2,837.11 1 0
github.com/sparkle/gateway/gen/proto/error_book/error_book.pb.go:840.49,841.14 1 0
github.com/sparkle/gateway/gen/proto/error_book/error_book.pb.go:841.14,843.3 1 0
github.com/sparkle/gateway/gen/proto/error_book/error_book.pb.go:844.2,844.11 1 0
github.com/sparkle/gateway/gen/proto/error_book/error_book.pb.go:854.39,859.2 4 0
github.com/sparkle/gateway/gen/proto/error_book/error_book.pb.go:861.47,863.2 1 0
github.com/sparkle/gateway/gen/proto/error_book/error_book.pb.go:865.45,865.46 0 0
github.com/sparkle/gateway/gen/proto/error_book/error_book.pb.go:867.67,869.14 2 0
github.com/sparkle/gateway/gen/proto/error_book/error_book.pb.go:869.14,871.34 2 0
github.com/sparkle/gateway/gen/proto/error_book/error_book.pb.go:871.34,873.4 1 0
github.com/sparkle/gateway/gen/proto/error_book/error_book.pb.go:874.3,874.12 1 0
github.com/sparkle/gateway/gen/proto/error_book/error_book.pb.go:876.2,876.24 1 0
github.com/sparkle/gateway/gen/proto/error_book/error_book.pb.go:880.58,882.2 1 0
github.com/sparkle/gateway/gen/proto/error_book/error_book.pb.go:884.49,885.14 1 0
github.com/sparkle/gateway/gen/proto/error_book/error_book.pb.go:885.14,887.3 1 0
github.com/sparkle/gateway/gen/proto/error_book/error_book.pb.go:888.2,888.14 1 0
github.com/sparkle/gateway/gen/proto/error_book/error_book.pb.go:899.39,904.2 4 0
github.com/sparkle/gateway/gen/proto/error_book/error_book.pb.go:906.47,908.2 1 0
github.com/sparkle/gateway/gen/proto/error_book/error_book.pb.go:910.45,910.46 0 0
github.com/sparkle/gateway/gen/proto/error_book/error_book.pb.go:912.67,914.14 2 0
github.com/sparkle/gateway/gen/proto/error_book/error_book.pb.go:914.14,916.34 2 0
github.com/sparkle/gateway/gen/proto/error_book/error_book.pb.go:916.34,918.4 1 0
github.com/sparkle/gateway/gen/proto/error_book/error_book.pb.go:919.3,919.12 1 0
github.com/sparkle/gateway/gen/proto/error_book/error_book.pb.go:921.2,921.24 1 0
github.com/sparkle/gateway/gen/proto/error_book/error_book.pb.go:925.58,927.2 1 0
github.com/sparkle/gateway/gen/proto/error_book/error_book.pb.go:929.51,930.14 1 0
github.com/sparkle/gateway/gen/proto/error_book/error_book.pb.go:930.14,932.3 1 0
github.com/sparkle/gateway/gen/proto/error_book/error_book.pb.go:933.2,933.11 1 0
github.com/sparkle/gateway/gen/proto/error_book/error_book.pb.go:936.50,937.14 1 0
github.com/sparkle/gateway/gen/proto/error_book/error_book.pb.go:937.14,939.3 1 0
github.com/sparkle/gateway/gen/proto/error_book/error_book.pb.go:940.2,940.11 1 0
github.com/sparkle/gateway/gen/proto/error_book/error_book.pb.go:950.40,955.2 4 0
github.com/sparkle/gateway/gen/proto/error_book/error_book.pb.go:957.48,959.2 1 0
github.com/sparkle/gateway/gen/proto/error_book/error_book.pb.go:961.46,961.47 0 0
github.com/sparkle/gateway/gen/proto/error_book/error_book.pb.go:963.68,965.14 2 0
github.com/sparkle/gateway/gen/proto/error_book/error_book.pb.go:965.14,967.34 2 0
github.com/sparkle/gateway/gen/proto/error_book/error_book.pb.go:967.34,969.4 1 0
github.com/sparkle/gateway/gen/proto/error_book/error_book.pb.go:970.3,970.12 1 0
github.com/sparkle/gateway/gen/proto/error_book/error_book.pb.go:972.2,972.24 1 0
github.com/sparkle/gateway/gen/proto/error_book/error_book.pb.go:976.59,978.2 1 0
github.com/sparkle/gateway/gen/proto/error_book/error_book.pb.go:980.52,981.14 1 0
github.com/sparkle/gateway/gen/proto/error_book/error_book.pb.go:981.14,983.3 1 0
github.com/sparkle/gateway/gen/proto/error_book/error_book.pb.go:984.2,984.11 1 0
github.com/sparkle/gateway/gen/proto/error_book/error_book.pb.go:997.39,1002.2 4 0
github.com/sparkle/gateway/gen/proto/error_book/error_book.pb.go:1004.47,1006.2 1 0
github.com/sparkle/gateway/gen/proto/error_book/error_book.pb.go:1008.45,1008.46 0 0
github.com/sparkle/gateway/gen/proto/error_book/error_book.pb.go:1010.67,1012.14 2 0
github.com/sparkle/gateway/gen/proto/error_book/error_book.pb.go:1012.14,1014.34 2 0
github.com/sparkle/gateway/gen/proto/error_book/error_book.pb.go:1014.34,1016.4 1 0
github.com/sparkle/gateway/gen/proto/error_book/error_book.pb.go:1017.3,1017.12 1 0
github.com/sparkle/gateway/gen/proto/error_book/error_book.pb.go:1019.2,1019.24 1 0
github.com/sparkle/gateway/gen/proto/error_book/error_book.pb.go:1023.58,1025.2 1 0
github.com/sparkle/gateway/gen/proto/error_book/error_book.pb.go:1027.51,1028.14 1 0
github.com/sparkle/gateway/gen/proto/error_book/error_book.pb.go:1028.14,1030.3 1 0
github.com/sparkle/gateway/gen/proto/error_book/error_book.pb.go:1031.2,1031.11 1 0
github.com/sparkle/gateway/gen/proto/error_book/error_book.pb.go:1034.50,1035.14 1 0
github.com/sparkle/gateway/gen/proto/error_book/error_book.pb.go:1035.14,1037.3 1 0
github.com/sparkle/gateway/gen/proto/error_book/error_book.pb.go:1038.2,1038.11 1 0
github.com/sparkle/gateway/gen/proto/error_book/error_book.pb.go:1041.55,1042.14 1 0
github.com/sparkle/gateway/gen/proto/error_book/error_book.pb.go:1042.14,1044.3 1 0
github.com/sparkle/gateway/gen/proto/error_book/error_book.pb.go:1045.2,1045.11 1 0
github.com/sparkle/gateway/gen/proto/error_book/error_book.pb.go:1048.59,1049.14 1 0
github.com/sparkle/gateway/gen/proto/error_book/error_book.pb.go:1049.14,1051.3 1 0
github.com/sparkle/gateway/gen/proto/error_book/error_book.pb.go:1052.2,1052.10 1 0
github.com/sparkle/gateway/gen/proto/error_book/error_book.pb.go:1062.41,1067.2 4 0
github.com/sparkle/gateway/gen/proto/error_book/error_book.pb.go:1069.49,1071.2 1 0
github.com/sparkle/gateway/gen/proto/error_book/error_book.pb.go:1073.47,1073.48 0 0
github.com/sparkle/gateway/gen/proto/error_book/error_book.pb.go:1075.69,1077.14 2 0
github.com/sparkle/gateway/gen/proto/error_book/error_book.pb.go:1077.14,1079.34 2 0
github.com/sparkle/gateway/gen/proto/error_book/error_book.pb.go:1079.34,1081.4 1 0
github.com/sparkle/gateway/gen/proto/error_book/error_book.pb.go:1082.3,1082.12 1 0
github.com/sparkle/gateway/gen/proto/error_book/error_book.pb.go:1084.2,1084.24 1 0
github.com/sparkle/gateway/gen/proto/error_book/error_book.pb.go:1088.60,1090.2 1 0
github.com/sparkle/gateway/gen/proto/error_book/error_book.pb.go:1092.52,1093.14 1 0
github.com/sparkle/gateway/gen/proto/error_book/error_book.pb.go:1093.14,1095.3 1 0
github.com/sparkle/gateway/gen/proto/error_book/error_book.pb.go:1096.2,1096.11 1 0
github.com/sparkle/gateway/gen/proto/error_book/error_book.pb.go:1110.39,1115.2 4 0
github.com/sparkle/gateway/gen/proto/error_book/error_book.pb.go:1117.47,1119.2 1 0
github.com/sparkle/gateway/gen/proto/error_book/error_book.pb.go:1121.45,1121.46 0 0
github.com/sparkle/gateway/gen/proto/error_book/error_book.pb.go:1123.67,1125.14 2 0
github.com/sparkle/gateway/gen/proto/error_book/error_book.pb.go:1125.14,1127.34 2 0
github.com/sparkle/gateway/gen/proto/error_book/error_book.pb.go:1127.34,1129.4 1 0
github.com/sparkle/gateway/gen/proto/error_book/error_book.pb.go:1130.3,1130.12 1 0
github.com/sparkle/gateway/gen/proto/error_book/error_book.pb.go:1132.2,1132.24 1 0
github.com/sparkle/gateway/gen/proto/error_book/error_book.pb.go:1136.58,1138.2 1 0
github.com/sparkle/gateway/gen/proto/error_book/error_book.pb.go:1140.54,1141.14 1 0
github.com/sparkle/gateway/gen/proto/error_book/error_book.pb.go:1141.14,1143.3 1 0
github.com/sparkle/gateway/gen/proto/error_book/error_book.pb.go:1144.2,1144.10 1 0
github.com/sparkle/gateway/gen/proto/error_book/error_book.pb.go:1147.56,1148.14 1 0
github.com/sparkle/gateway/gen/proto/error_book/error_book.pb.go:1148.14,1150.3 1 0
github.com/sparkle/gateway/gen/proto/error_book/error_book.pb.go:1151.2,1151.10 1 0
github.com/sparkle/gateway/gen/proto/error_book/error_book.pb.go:1154.58,1155.14 1 0
github.com/sparkle/gateway/gen/proto/error_book/error_book.pb.go:1155.14,1157.3 1 0
github.com/sparkle/gateway/gen/proto/error_book/error_book.pb.go:1158.2,1158.10 1 0
github.com/sparkle/gateway/gen/proto/error_book/error_book.pb.go:1161.59,1162.14 1 0
github.com/sparkle/gateway/gen/proto/error_book/error_book.pb.go:1162.14,1164.3 1 0
github.com/sparkle/gateway/gen/proto/error_book/error_book.pb.go:1165.2,1165.10 1 0
github.com/sparkle/gateway/gen/proto/error_book/error_book.pb.go:1168.73,1169.14 1 0
github.com/sparkle/gateway/gen/proto/error_book/error_book.pb.go:1169.14,1171.3 1 0
github.com/sparkle/gateway/gen/proto/error_book/error_book.pb.go:1172.2,1172.12 1 0
github.com/sparkle/gateway/gen/proto/error_book/error_book.pb.go:1184.42,1189.2 4 0
github.com/sparkle/gateway/gen/proto/error_book/error_book.pb.go:1191.50,1193.2 1 0
github.com/sparkle/gateway/gen/proto/error_book/error_book.pb.go:1195.48,1195.49 0 0
github.com/sparkle/gateway/gen/proto/error_book/error_book.pb.go:1197.70,1199.14 2 0
github.com/sparkle/gateway/gen/proto/error_book/error_book.pb.go:1199.14,1201.34 2 0
github.com/sparkle/gateway/gen/proto/error_book/error_book.pb.go:1201.34,1203.4 1 0
github.com/sparkle/gateway/gen/proto/error_book/error_book.pb.go:1204.3,1204.12 1 0
github.com/sparkle/gateway/gen/proto/error_book/error_book.pb.go:1206.2,1206.24 1 0
github.com/sparkle/gateway/gen/proto/error_book/error_book.pb.go:1210.61,1212.2 1 0
github.com/sparkle/gateway/gen/proto/error_book/error_book.pb.go:1214.53,1215.14 1 0
github.com/sparkle/gateway/gen/proto/error_book/error_book.pb.go:1215.14,1217.3 1 0
github.com/sparkle/gateway/gen/proto/error_book/error_book.pb.go:1218.2,1218.11 1 0
github.com/sparkle/gateway/gen/proto/error_book/error_book.pb.go:1221.50,1222.14 1 0
github.com/sparkle/gateway/gen/proto/error_book/error_book.pb.go:1222.14,1224.3 1 0
github.com/sparkle/gateway/gen/proto/error_book/error_book.pb.go:1225.2,1225.10 1 0
github.com/sparkle/gateway/gen/proto/error_book/error_book.pb.go:1228.54,1229.14 1 0
github.com/sparkle/gateway/gen/proto/error_book/error_book.pb.go:1229.14,1231.3 1 0
github.com/sparkle/gateway/gen/proto/error_book/error_book.pb.go:1232.2,1232.10 1 0
github.com/sparkle/gateway/gen/proto/error_book/error_book.pb.go:1380.49,1381.46 1 0
github.com/sparkle/gateway/gen/proto/error_book/error_book.pb.go:1381.46,1383.3 1 0
github.com/sparkle/gateway/gen/proto/error_book/error_book.pb.go:1384.2,1384.42 1 0
github.com/sparkle/gateway/gen/proto/error_book/error_book.pb.go:1442.13,1442.45 1 0
github.com/sparkle/gateway/gen/proto/error_book/error_book.pb.go:1443.35,1444.34 1 0
github.com/sparkle/gateway/gen/proto/error_book/error_book.pb.go:1444.34,1446.3 1 0
github.com/sparkle/gateway/gen/proto/error_book/error_book.pb.go:1447.2,1465.37 7 0
github.com/sparkle/gateway/gen/proto/error_book/error_book_grpc.pb.go:61.84,63.2 1 0
github.com/sparkle/gateway/gen/proto/error_book/error_book_grpc.pb.go:65.138,69.16 4 0
github.com/sparkle/gateway/gen/proto/error_book/error_book_grpc.pb.go:69.16,71.3 1 0
github.com/sparkle/gateway/gen/proto/error_book/error_book_grpc.pb.go:72.2,72.17 1 0
github.com/sparkle/gateway/gen/proto/error_book/error_book_grpc.pb.go:75.143,79.16 4 0
github.com/sparkle/gateway/gen/proto/error_book/error_book_grpc.pb.go:79.16,81.3 1 0
github.com/sparkle/gateway/gen/proto/error_book/error_book_grpc.pb.go:82.2,82.17 1 0
github.com/sparkle/gateway/gen/proto/error_book/error_book_grpc.pb.go:85.132,89.16 4 0
github.com/sparkle/gateway/gen/proto/error_book/error_book_grpc.pb.go:89.16,91.3 1 0
github.com/sparkle/gateway/gen/proto/error_book/error_book_grpc.pb.go:92.2,92.17 1 0
github.com/sparkle/gateway/gen/proto/error_book/error_book_grpc.pb.go:95.138,99.16 4 0
github.com/sparkle/gateway/gen/proto/error_book/error_book_grpc.pb.go:99.16,101.3 1 0
github.com/sparkle/gateway/gen/proto/error_book/error_book_grpc.pb.go:102.2,102.17 1 0
github.com/sparkle/gateway/gen/proto/error_book/error_book_grpc.pb.go:105.146,109.16 4 0
github.com/sparkle/gateway/gen/proto/error_book/error_book_grpc.pb.go:109.16,111.3 1 0
github.com/sparkle/gateway/gen/proto/error_book/error_book_grpc.pb.go:112.2,112.17 1 0
github.com/sparkle/gateway/gen/proto/error_book/error_book_grpc.pb.go:115.149,119.16 4 0
github.com/sparkle/gateway/gen/proto/error_book/error_book_grpc.pb.go:119.16,121.3 1 0
github.com/sparkle/gateway/gen/proto/error_book/error_book_grpc.pb.go:122.2,122.17 1 0
github.com/sparkle/gateway/gen/proto/error_book/error_book_grpc.pb.go:125.140,129.16 4 0
github.com/sparkle/gateway/gen/proto/error_book/error_book_grpc.pb.go:129.16,131.3 1 0
github.com/sparkle/gateway/gen/proto/error_book/error_book_grpc.pb.go:132.2,132.17 1 0
github.com/sparkle/gateway/gen/proto/error_book/error_book_grpc.pb.go:135.152,139.16 4 0
github.com/sparkle/gateway/gen/proto/error_book/error_book_grpc.pb.go:139.16,141.3 1 0
github.com/sparkle/gateway/gen/proto/error_book/error_book_grpc.pb.go:142.2,142.17 1 0
github.com/sparkle/gateway/gen/proto/error_book/error_book_grpc.pb.go:145.153,149.16 4 0
github.com/sparkle/gateway/gen/proto/error_book/error_book_grpc.pb.go:149.16,151.3 1 0
github.com/sparkle/gateway/gen/proto/error_book/error_book_grpc.pb.go:152.2,152.17 1 0
github.com/sparkle/gateway/gen/proto/error_book/error_book_grpc.pb.go:187.116,189.2 1 0
github.com/sparkle/gateway/gen/proto/error_book/error_book_grpc.pb.go:190.121,192.2 1 0
github.com/sparkle/gateway/gen/proto/error_book/error_book_grpc.pb.go:193.110,195.2 1 0
github.com/sparkle/gateway/gen/proto/error_book/error_book_grpc.pb.go:196.116,198.2 1 0
github.com/sparkle/gateway/gen/proto/error_book/error_book_grpc.pb.go:199.124,201.2 1 0
github.com/sparkle/gateway/gen/proto/error_book/error_book_grpc.pb.go:202.127,204.2 1 0
github.com/sparkle/gateway/gen/proto/error_book/error_book_grpc.pb.go:205.118,207.2 1 0
github.com/sparkle/gateway/gen/proto/error_book/error_book_grpc.pb.go:208.130,210.2 1 0
github.com/sparkle/gateway/gen/proto/error_book/error_book_grpc.pb.go:211.131,213.2 1 0
github.com/sparkle/gateway/gen/proto/error_book/error_book_grpc.pb.go:214.92,214.93 0 0
github.com/sparkle/gateway/gen/proto/error_book/error_book_grpc.pb.go:215.92,215.93 0 0
github.com/sparkle/gateway/gen/proto/error_book/error_book_grpc.pb.go:224.90,229.59 1 0
github.com/sparkle/gateway/gen/proto/error_book/error_book_grpc.pb.go:229.59,231.3 1 0
github.com/sparkle/gateway/gen/proto/error_book/error_book_grpc.pb.go:232.2,232.55 1 0
github.com/sparkle/gateway/gen/proto/error_book/error_book_grpc.pb.go:235.173,237.32 2 0
github.com/sparkle/gateway/gen/proto/error_book/error_book_grpc.pb.go:237.32,239.3 1 0
github.com/sparkle/gateway/gen/proto/error_book/error_book_grpc.pb.go:240.2,240.24 1 0
github.com/sparkle/gateway/gen/proto/error_book/error_book_grpc.pb.go:240.24,242.3 1 0
github.com/sparkle/gateway/gen/proto/error_book/error_book_grpc.pb.go:243.2,247.77 2 0
github.com/sparkle/gateway/gen/proto/error_book/error_book_grpc.pb.go:247.77,249.3 1 0
github.com/sparkle/gateway/gen/proto/error_book/error_book_grpc.pb.go:250.2,250.44 1 0
github.com/sparkle/gateway/gen/proto/error_book/error_book_grpc.pb.go:253.172,255.32 2 0
github.com/sparkle/gateway/gen/proto/error_book/error_book_grpc.pb.go:255.32,257.3 1 0
github.com/sparkle/gateway/gen/proto/error_book/error_book_grpc.pb.go:258.2,258.24 1 0
github.com/sparkle/gateway/gen/proto/error_book/error_book_grpc.pb.go:258.24,260.3 1 0
github.com/sparkle/gateway/gen/proto/error_book/error_book_grpc.pb.go:261.2,265.77 2 0
github.com/sparkle/gateway/gen/proto/error_book/error_book_grpc.pb.go:265.77,267.3 1 0
github.com/sparkle/gateway/gen/proto/error_book/error_book_grpc.pb.go:268.2,268.44 1 0
github.com/sparkle/gateway/gen/proto/error_book/error_book_grpc.pb.go:271.170,273.32 2 0
github.com/sparkle/gateway/gen/proto/error_book/error_book_grpc.pb.go:273.32,275.3 1 0
github.com/sparkle/gateway/gen/proto/error_book/error_book_grpc.pb.go:276.2,276.24 1 0
github.com/sparkle/gateway/gen/proto/error_book/error_book_grpc.pb.go:276.24,278.3 1 0
github.com/sparkle/gateway/gen/proto/error_book/error_book_grpc.pb.go:279.2,283.77 2 0
github.com/sparkle/gateway/gen/proto/error_book/error_book_grpc.pb.go:283.77,285.3 1 0
github.com/sparkle/gateway/gen/proto/error_book/error_book_grpc.pb.go:286.2,286.44 1 0
github.com/sparkle/gateway/gen/proto/error_book/error_book_grpc.pb.go:289.173,291.32 2 0
github.com/sparkle/gateway/gen/proto/error_book/error_book_grpc.pb.go:291.32,293.3 1 0
github.com/sparkle/gateway/gen/proto/error_book/error_book_grpc.pb.go:294.2,294.24 1 0
github.com/sparkle/gateway/gen/proto/error_book/error_book_grpc.pb.go:294.24,296.3 1 0
github.com/sparkle/gateway/gen/proto/error_book/error_book_grpc.pb.go:297.2,301.77 2 0
github.com/sparkle/gateway/gen/proto/error_book/error_book_grpc.pb.go:301.77,303.3 1 0
github.com/sparkle/gateway/gen/proto/error_book/error_book_grpc.pb.go:304.2,304.44 1 0
github.com/sparkle/gateway/gen/proto/error_book/error_book_grpc.pb.go:307.173,309.32 2 0
github.com/sparkle/gateway/gen/proto/error_book/error_book_grpc.pb.go:309.32,311.3 1 0
github.com/sparkle/gateway/gen/proto/error_book/error_book_grpc.pb.go:312.2,312.24 1 0
github.com/sparkle/gateway/gen/proto/error_book/error_book_grpc.pb.go:312.24,314.3 1 0
github.com/sparkle/gateway/gen/proto/error_book/error_book_grpc.pb.go:315.2,319.77 2 0
github.com/sparkle/gateway/gen/proto/error_book/error_book_grpc.pb.go:319.77,321.3 1 0
github.com/sparkle/gateway/gen/proto/error_book/error_book_grpc.pb.go:322.2,322.44 1 0
github.com/sparkle/gateway/gen/proto/error_book/error_book_grpc.pb.go:325.174,327.32 2 0
github.com/sparkle/gateway/gen/proto/error_book/error_book_grpc.pb.go:327.32,329.3 1 0
github.com/sparkle/gateway/gen/proto/error_book/error_book_grpc.pb.go:330.2,330.24 1 0
github.com/sparkle/gateway/gen/proto/error_book/error_book_grpc.pb.go:330.24,332.3 1 0
github.com/sparkle/gateway/gen/proto/error_book/error_book_grpc.pb.go:333.2,337.77 2 0
github.com/sparkle/gateway/gen/proto/error_book/error_book_grpc.pb.go:337.77,339.3 1 0
github.com/sparkle/gateway/gen/proto/error_book/error_book_grpc.pb.go:340.2,340.44 1 0
github.com/sparkle/gateway/gen/proto/error_book/error_book_grpc.pb.go:343.174,345.32 2 0
github.com/sparkle/gateway/gen/proto/error_book/error_book_grpc.pb.go:345.32,347.3 1 0
github.com/sparkle/gateway/gen/proto/error_book/error_book_grpc.pb.go:348.2,348.24 1 0
github.com/sparkle/gateway/gen/proto/error_book/error_book_grpc.pb.go:348.24,350.3 1 0
github.com/sparkle/gateway/gen/proto/error_book/error_book_grpc.pb.go:351.2,355.77 2 0
github.com/sparkle/gateway/gen/proto/error_book/error_book_grpc.pb.go:355.77,357.3 1 0
github.com/sparkle/gateway/gen/proto/error_book/error_book_grpc.pb.go:358.2,358.44 1 0
github.com/sparkle/gateway/gen/proto/error_book/error_book_grpc.pb.go:361.176,363.32 2 0
github.com/sparkle/gateway/gen/proto/error_book/error_book_grpc.pb.go:363.32,365.3 1 0
github.com/sparkle/gateway/gen/proto/error_book/error_book_grpc.pb.go:366.2,366.24 1 0
github.com/sparkle/gateway/gen/proto/error_book/error_book_grpc.pb.go:366.24,368.3 1 0
github.com/sparkle/gateway/gen/proto/error_book/error_book_grpc.pb.go:369.2,373.77 2 0
github.com/sparkle/gateway/gen/proto/error_book/error_book_grpc.pb.go:373.77,375.3 1 0
github.com/sparkle/gateway/gen/proto/error_book/error_book_grpc.pb.go:376.2,376.44 1 0
github.com/sparkle/gateway/gen/proto/error_book/error_book_grpc.pb.go:379.177,381.32 2 0
github.com/sparkle/gateway/gen/proto/error_book/error_book_grpc.pb.go:381.32,383.3 1 0
github.com/sparkle/gateway/gen/proto/error_book/error_book_grpc.pb.go:384.2,384.24 1 0
github.com/sparkle/gateway/gen/proto/error_book/error_book_grpc.pb.go:384.24,386.3 1 0
github.com/sparkle/gateway/gen/proto/error_book/error_book_grpc.pb.go:387.2,391.77 2 0
github.com/sparkle/gateway/gen/proto/error_book/error_book_grpc.pb.go:391.77,393.3 1 0
github.com/sparkle/gateway/gen/proto/error_book/error_book_grpc.pb.go:394.2,394.44 1 0
github.com/sparkle/gateway/gen/sparkle/rag/v1/evidence.pb.go:37.32,42.2 4 0
github.com/sparkle/gateway/gen/sparkle/rag/v1/evidence.pb.go:44.40,46.2 1 0
github.com/sparkle/gateway/gen/sparkle/rag/v1/evidence.pb.go:48.38,48.39 0 0
github.com/sparkle/gateway/gen/sparkle/rag/v1/evidence.pb.go:50.60,52.14 2 0
github.com/sparkle/gateway/gen/sparkle/rag/v1/evidence.pb.go:52.14,54.34 2 0
github.com/sparkle/gateway/gen/sparkle/rag/v1/evidence.pb.go:54.34,56.4 1 0
github.com/sparkle/gateway/gen/sparkle/rag/v1/evidence.pb.go:57.3,57.12 1 0
github.com/sparkle/gateway/gen/sparkle/rag/v1/evidence.pb.go:59.2,59.24 1 0
github.com/sparkle/gateway/gen/sparkle/rag/v1/evidence.pb.go:63.51,65.2 1 0
github.com/sparkle/gateway/gen/sparkle/rag/v1/evidence.pb.go:67.43,68.14 1 0
github.com/sparkle/gateway/gen/sparkle/rag/v1/evidence.pb.go:68.14,70.3 1 0
github.com/sparkle/gateway/gen/sparkle/rag/v1/evidence.pb.go:71.2,71.11 1 0
github.com/sparkle/gateway/gen/sparkle/rag/v1/evidence.pb.go:74.45,75.14 1 0
github.com/sparkle/gateway/gen/sparkle/rag/v1/evidence.pb.go:75.14,77.3 1 0
github.com/sparkle/gateway/gen/sparkle/rag/v1/evidence.pb.go:78.2,78.11 1 0
github.com/sparkle/gateway/gen/sparkle/rag/v1/evidence.pb.go:81.44,82.14 1 0
github.com/sparkle/gateway/gen/sparkle/rag/v1/evidence.pb.go:82.14,84.3 1 0
github.com/sparkle/gateway/gen/sparkle/rag/v1/evidence.pb.go:85.2,85.11 1 0
github.com/sparkle/gateway/gen/sparkle/rag/v1/evidence.pb.go:88.43,89.14 1 0
github.com/sparkle/gateway/gen/sparkle/rag/v1/evidence.pb.go:89.14,91.3 1 0
github.com/sparkle/gateway/gen/sparkle/rag/v1/evidence.pb.go:92.2,92.10 1 0
github.com/sparkle/gateway/gen/sparkle/rag/v1/evidence.pb.go:95.46,96.14 1 0
github.com/sparkle/gateway/gen/sparkle/rag/v1/evidence.pb.go:96.14,98.3 1 0
github.com/sparkle/gateway/gen/sparkle/rag/v1/evidence.pb.go:99.2,99.11 1 0
github.com/sparkle/gateway/gen/sparkle/rag/v1/evidence.pb.go:102.56,103.14 1 0
github.com/sparkle/gateway/gen/sparkle/rag/v1/evidence.pb.go:103.14,105.3 1 0
github.com/sparkle/gateway/gen/sparkle/rag/v1/evidence.pb.go:106.2,106.12 1 0
github.com/sparkle/gateway/gen/sparkle/rag/v1/evidence.pb.go:109.47,110.14 1 0
github.com/sparkle/gateway/gen/sparkle/rag/v1/evidence.pb.go:110.14,112.3 1 0
github.com/sparkle/gateway/gen/sparkle/rag/v1/evidence.pb.go:113.2,113.11 1 0
github.com/sparkle/gateway/gen/sparkle/rag/v1/evidence.pb.go:126.32,131.2 4 0
github.com/sparkle/gateway/gen/sparkle/rag/v1/evidence.pb.go:133.40,135.2 1 0
github.com/sparkle/gateway/gen/sparkle/rag/v1/evidence.pb.go:137.38,137.39 0 0
github.com/sparkle/gateway/gen/sparkle/rag/v1/evidence.pb.go:139.60,141.14 2 0
github.com/sparkle/gateway/gen/sparkle/rag/v1/evidence.pb.go:141.14,143.34 2 0
github.com/sparkle/gateway/gen/sparkle/rag/v1/evidence.pb.go:143.34,145.4 1 0
github.com/sparkle/gateway/gen/sparkle/rag/v1/evidence.pb.go:146.3,146.12 1 0
github.com/sparkle/gateway/gen/sparkle/rag/v1/evidence.pb.go:148.2,148.24 1 0
github.com/sparkle/gateway/gen/sparkle/rag/v1/evidence.pb.go:152.51,154.2 1 0
github.com/sparkle/gateway/gen/sparkle/rag/v1/evidence.pb.go:156.46,157.14 1 0
github.com/sparkle/gateway/gen/sparkle/rag/v1/evidence.pb.go:157.14,159.3 1 0
github.com/sparkle/gateway/gen/sparkle/rag/v1/evidence.pb.go:160.2,160.11 1 0
github.com/sparkle/gateway/gen/sparkle/rag/v1/evidence.pb.go:163.44,164.14 1 0
github.com/sparkle/gateway/gen/sparkle/rag/v1/evidence.pb.go:164.14,166.3 1 0
github.com/sparkle/gateway/gen/sparkle/rag/v1/evidence.pb.go:167.2,167.11 1 0
github.com/sparkle/gateway/gen/sparkle/rag/v1/evidence.pb.go:170.51,171.14 1 0
github.com/sparkle/gateway/gen/sparkle/rag/v1/evidence.pb.go:171.14,173.3 1 0
github.com/sparkle/gateway/gen/sparkle/rag/v1/evidence.pb.go:174.2,174.12 1 0
github.com/sparkle/gateway/gen/sparkle/rag/v1/evidence.pb.go:177.56,178.14 1 0
github.com/sparkle/gateway/gen/sparkle/rag/v1/evidence.pb.go:178.14,180.3 1 0
github.com/sparkle/gateway/gen/sparkle/rag/v1/evidence.pb.go:181.2,181.12 1 0
github.com/sparkle/gateway/gen/sparkle/rag/v1/evidence.pb.go:217.62,218.59 1 0
github.com/sparkle/gateway/gen/sparkle/rag/v1/evidence.pb.go:218.59,220.3 1 0
github.com/sparkle/gateway/gen/sparkle/rag/v1/evidence.pb.go:221.2,221.55 1 0
github.com/sparkle/gateway/gen/sparkle/rag/v1/evidence.pb.go:242.13,242.58 1 0
github.com/sparkle/gateway/gen/sparkle/rag/v1/evidence.pb.go:243.48,244.47 1 0
github.com/sparkle/gateway/gen/sparkle/rag/v1/evidence.pb.go:244.47,246.3 1 0
github.com/sparkle/gateway/gen/sparkle/rag/v1/evidence.pb.go:247.2,263.50 5 0
github.com/sparkle/gateway/internal/agent/client.go:27.71,28.19 1 0
github.com/sparkle/gateway/internal/agent/client.go:28.19,30.3 1 0
github.com/sparkle/gateway/internal/agent/client.go:31.2,31.54 1 0
github.com/sparkle/gateway/internal/agent/client.go:34.53,35.52 1 0
github.com/sparkle/gateway/internal/agent/client.go:35.52,36.40 1 0
github.com/sparkle/gateway/internal/agent/client.go:36.40,38.4 1 0
github.com/sparkle/gateway/internal/agent/client.go:40.2,40.11 1 0
github.com/sparkle/gateway/internal/agent/client.go:43.53,46.25 2 1
github.com/sparkle/gateway/internal/agent/client.go:46.25,48.3 1 1
github.com/sparkle/gateway/internal/agent/client.go:49.2,53.25 4 1
github.com/sparkle/gateway/internal/agent/client.go:53.25,54.35 1 0
github.com/sparkle/gateway/internal/agent/client.go:54.35,56.18 2 0
github.com/sparkle/gateway/internal/agent/client.go:56.18,59.5 2 0
github.com/sparkle/gateway/internal/agent/client.go:60.4,60.20 1 0
github.com/sparkle/gateway/internal/agent/client.go:61.9,66.4 1 0
github.com/sparkle/gateway/internal/agent/client.go:70.2,90.16 3 1
github.com/sparkle/gateway/internal/agent/client.go:90.16,93.3 2 1
github.com/sparkle/gateway/internal/agent/client.go:95.2,96.59 2 0
github.com/sparkle/gateway/internal/agent/client.go:99.26,100.19 1 1
github.com/sparkle/gateway/internal/agent/client.go:100.19,102.3 1 0
github.com/sparkle/gateway/internal/agent/client.go:105.123,111.55 2 0
github.com/sparkle/gateway/internal/agent/client.go:111.55,113.3 1 0
github.com/sparkle/gateway/internal/agent/client.go:113.8,113.77 1 0
github.com/sparkle/gateway/internal/agent/client.go:113.77,115.3 1 0
github.com/sparkle/gateway/internal/agent/client.go:117.2,121.38 2 0
github.com/sparkle/gateway/internal/agent/client.go:124.143,129.55 2 0
github.com/sparkle/gateway/internal/agent/client.go:129.55,131.3 1 0
github.com/sparkle/gateway/internal/agent/client.go:131.8,131.77 1 0
github.com/sparkle/gateway/internal/agent/client.go:131.77,133.3 1 0
github.com/sparkle/gateway/internal/agent/client.go:134.2,135.50 2 0
github.com/sparkle/gateway/cmd/test_db/main.go:12.13,19.16 5 0
github.com/sparkle/gateway/cmd/test_db/main.go:19.16,21.3 1 0
github.com/sparkle/gateway/cmd/test_db/main.go:22.2,29.16 5 0
github.com/sparkle/gateway/cmd/test_db/main.go:29.16,31.3 1 0
github.com/sparkle/gateway/cmd/test_db/main.go:33.2,37.31 3 0
github.com/sparkle/gateway/cmd/test_db/main.go:37.31,40.17 3 0
github.com/sparkle/gateway/cmd/test_db/main.go:40.17,42.4 1 0
github.com/sparkle/gateway/cmd/test_db/main.go:42.9,44.4 1 0
github.com/sparkle/gateway/cmd/test_db/main.go:47.2,47.111 1 0
github.com/sparkle/gateway/gen/proto/agent_service.pb.go:46.44,50.2 3 0
github.com/sparkle/gateway/gen/proto/agent_service.pb.go:52.39,54.2 1 0
github.com/sparkle/gateway/gen/proto/agent_service.pb.go:56.62,58.2 1 0
github.com/sparkle/gateway/gen/proto/agent_service.pb.go:60.50,62.2 1 0
github.com/sparkle/gateway/gen/proto/agent_service.pb.go:64.56,66.2 1 0
github.com/sparkle/gateway/gen/proto/agent_service.pb.go:69.54,71.2 1 0
github.com/sparkle/gateway/gen/proto/agent_service.pb.go:110.48,114.2 3 0
github.com/sparkle/gateway/gen/proto/agent_service.pb.go:116.41,118.2 1 0
github.com/sparkle/gateway/gen/proto/agent_service.pb.go:120.64,122.2 1 0
github.com/sparkle/gateway/gen/proto/agent_service.pb.go:124.52,126.2 1 0
github.com/sparkle/gateway/gen/proto/agent_service.pb.go:128.58,130.2 1 0
github.com/sparkle/gateway/gen/proto/agent_service.pb.go:133.56,135.2 1 0
github.com/sparkle/gateway/gen/proto/agent_service.pb.go:166.56,170.2 3 0
github.com/sparkle/gateway/gen/proto/agent_service.pb.go:172.45,174.2 1 0
github.com/sparkle/gateway/gen/proto/agent_service.pb.go:176.68,178.2 1 0
github.com/sparkle/gateway/gen/proto/agent_service.pb.go:180.56,182.2 1 0
github.com/sparkle/gateway/gen/proto/agent_service.pb.go:184.62,186.2 1 0
github.com/sparkle/gateway/gen/proto/agent_service.pb.go:189.60,191.2 1 0
github.com/sparkle/gateway/gen/proto/agent_service.pb.go:224.44,228.2 3 0
github.com/sparkle/gateway/gen/proto/agent_service.pb.go:230.39,232.2 1 0
github.com/sparkle/gateway/gen/proto/agent_service.pb.go:234.62,236.2 1 0
github.com/sparkle/gateway/gen/proto/agent_service.pb.go:238.50,240.2 1 0
github.com/sparkle/gateway/gen/proto/agent_service.pb.go:242.56,244.2 1 0
github.com/sparkle/gateway/gen/proto/agent_service.pb.go:247.54,249.2 1 0
github.com/sparkle/gateway/gen/proto/agent_service.pb.go:276.54,280.2 3 0
github.com/sparkle/gateway/gen/proto/agent_service.pb.go:282.44,284.2 1 0
github.com/sparkle/gateway/gen/proto/agent_service.pb.go:286.67,288.2 1 0
github.com/sparkle/gateway/gen/proto/agent_service.pb.go:290.55,292.2 1 0
github.com/sparkle/gateway/gen/proto/agent_service.pb.go:294.61,296.2 1 0
github.com/sparkle/gateway/gen/proto/agent_service.pb.go:299.59,301.2 1 0
github.com/sparkle/gateway/gen/proto/agent_service.pb.go:350.38,354.2 3 0
github.com/sparkle/gateway/gen/proto/agent_service.pb.go:356.36,358.2 1 0
github.com/sparkle/gateway/gen/proto/agent_service.pb.go:360.59,362.2 1 0
github.com/sparkle/gateway/gen/proto/agent_service.pb.go:364.47,366.2 1 0
github.com/sparkle/gateway/gen/proto/agent_service.pb.go:368.53,370.2 1 0
github.com/sparkle/gateway/gen/proto/agent_service.pb.go:373.51,375.2 1 0
github.com/sparkle/gateway/gen/proto/agent_service.pb.go:405.54,409.2 3 0
github.com/sparkle/gateway/gen/proto/agent_service.pb.go:411.44,413.2 1 0
github.com/sparkle/gateway/gen/proto/agent_service.pb.go:415.67,417.2 1 0
github.com/sparkle/gateway/gen/proto/agent_service.pb.go:419.55,421.2 1 0
github.com/sparkle/gateway/gen/proto/agent_service.pb.go:423.61,425.2 1 0
github.com/sparkle/gateway/gen/proto/agent_service.pb.go:428.59,430.2 1 0
github.com/sparkle/gateway/gen/proto/agent_service.pb.go:474.31,479.2 4 0
github.com/sparkle/gateway/gen/proto/agent_service.pb.go:481.39,483.2 1 0
github.com/sparkle/gateway/gen/proto/agent_service.pb.go:485.37,485.38 0 0
github.com/sparkle/gateway/gen/proto/agent_service.pb.go:487.59,489.14 2 0
github.com/sparkle/gateway/gen/proto/agent_service.pb.go:489.14,491.34 2 0
github.com/sparkle/gateway/gen/proto/agent_service.pb.go:491.34,493.4 1 0
github.com/sparkle/gateway/gen/proto/agent_service.pb.go:494.3,494.12 1 0
github.com/sparkle/gateway/gen/proto/agent_service.pb.go:496.2,496.24 1 0
github.com/sparkle/gateway/gen/proto/agent_service.pb.go:500.50,502.2 1 0
github.com/sparkle/gateway/gen/proto/agent_service.pb.go:504.42,505.14 1 0
github.com/sparkle/gateway/gen/proto/agent_service.pb.go:505.14,507.3 1 0
github.com/sparkle/gateway/gen/proto/agent_service.pb.go:508.2,508.11 1 0
github.com/sparkle/gateway/gen/proto/agent_service.pb.go:511.45,512.14 1 0
github.com/sparkle/gateway/gen/proto/agent_service.pb.go:512.14,514.3 1 0
github.com/sparkle/gateway/gen/proto/agent_service.pb.go:515.2,515.11 1 0
github.com/sparkle/gateway/gen/proto/agent_service.pb.go:518.54,519.14 1 0
github.com/sparkle/gateway/gen/proto/agent_service.pb.go:519.14,521.3 1 0
github.com/sparkle/gateway/gen/proto/agent_service.pb.go:522.2,522.12 1 0
github.com/sparkle/gateway/gen/proto/agent_service.pb.go:525.43,526.14 1 0
github.com/sparkle/gateway/gen/proto/agent_service.pb.go:526.14,527.50 1 0
github.com/sparkle/gateway/gen/proto/agent_service.pb.go:527.50,529.4 1 0
github.com/sparkle/gateway/gen/proto/agent_service.pb.go:531.2,531.11 1 0
github.com/sparkle/gateway/gen/proto/agent_service.pb.go:534.51,535.14 1 0
github.com/sparkle/gateway/gen/proto/agent_service.pb.go:535.14,536.53 1 0
github.com/sparkle/gateway/gen/proto/agent_service.pb.go:536.53,538.4 1 0
github.com/sparkle/gateway/gen/proto/agent_service.pb.go:540.2,540.12 1 0
github.com/sparkle/gateway/gen/proto/agent_service.pb.go:543.53,544.14 1 0
github.com/sparkle/gateway/gen/proto/agent_service.pb.go:544.14,546.3 1 0
github.com/sparkle/gateway/gen/proto/agent_service.pb.go:547.2,547.12 1 0
github.com/sparkle/gateway/gen/proto/agent_service.pb.go:550.58,551.14 1 0
github.com/sparkle/gateway/gen/proto/agent_service.pb.go:551.14,553.3 1 0
github.com/sparkle/gateway/gen/proto/agent_service.pb.go:554.2,554.12 1 0
github.com/sparkle/gateway/gen/proto/agent_service.pb.go:557.51,558.14 1 0
github.com/sparkle/gateway/gen/proto/agent_service.pb.go:558.14,560.3 1 0
github.com/sparkle/gateway/gen/proto/agent_service.pb.go:561.2,561.12 1 0
github.com/sparkle/gateway/gen/proto/agent_service.pb.go:564.47,565.14 1 0
github.com/sparkle/gateway/gen/proto/agent_service.pb.go:565.14,567.3 1 0
github.com/sparkle/gateway/gen/proto/agent_service.pb.go:568.2,568.12 1 0
github.com/sparkle/gateway/gen/proto/agent_service.pb.go:571.45,572.14 1 0
github.com/sparkle/gateway/gen/proto/agent_service.pb.go:572.14,574.3 1 0
github.com/sparkle/gateway/gen/proto/agent_service.pb.go:575.2,575.11 1 0
github.com/sparkle/gateway/gen/proto/agent_service.pb.go:578.45,579.14 1 0
github.com/sparkle/gateway/gen/proto/agent_service.pb.go:579.14,581.3 1 0
github.com/sparkle/gateway/gen/proto/agent_service.pb.go:582.2,582.12 1 0
github.com/sparkle/gateway/gen/proto/agent_service.pb.go:585.51,586.14 1 0
github.com/sparkle/gateway/gen/proto/agent_service.pb.go:586.14,588.3 1 0
github.com/sparkle/gateway/gen/proto/agent_service.pb.go:589.2,589.14 1 0
github.com/sparkle/gateway/gen/proto/agent_service.pb.go:592.49,593.14 1 0
github.com/sparkle/gateway/gen/proto/agent_service.pb.go:593.14,595.3 1 0
github.com/sparkle/gateway/gen/proto/agent_service.pb.go:596.2,596.12 1 0
github.com/sparkle/gateway/gen/proto/agent_service.pb.go:599.44,600.14 1 0
github.com/sparkle/gateway/gen/proto/agent_service.pb.go:600.14,602.3 1 0
github.com/sparkle/gateway/gen/proto/agent_service.pb.go:603.2,603.11 1 0
github.com/sparkle/gateway/gen/proto/agent_service.pb.go:618.52,618.53 0 0
github.com/sparkle/gateway/gen/proto/agent_service.pb.go:620.55,620.56 0 0
github.com/sparkle/gateway/gen/proto/agent_service.pb.go:643.31,648.2 4 0
github.com/sparkle/gateway/gen/proto/agent_service.pb.go:650.39,652.2 1 0
github.com/sparkle/gateway/gen/proto/agent_service.pb.go:654.37,654.38 0 0
github.com/sparkle/gateway/gen/proto/agent_service.pb.go:656.59,658.14 2 0
github.com/sparkle/gateway/gen/proto/agent_service.pb.go:658.14,660.34 2 0
github.com/sparkle/gateway/gen/proto/agent_service.pb.go:660.34,662.4 1 0
github.com/sparkle/gateway/gen/proto/agent_service.pb.go:663.3,663.12 1 0
github.com/sparkle/gateway/gen/proto/agent_service.pb.go:665.2,665.24 1 0
github.com/sparkle/gateway/gen/proto/agent_service.pb.go:669.50,671.2 1 0
github.com/sparkle/gateway/gen/proto/agent_service.pb.go:673.44,674.14 1 0
github.com/sparkle/gateway/gen/proto/agent_service.pb.go:674.14,676.3 1 0
github.com/sparkle/gateway/gen/proto/agent_service.pb.go:677.2,677.11 1 0
github.com/sparkle/gateway/gen/proto/agent_service.pb.go:680.44,681.14 1 0
github.com/sparkle/gateway/gen/proto/agent_service.pb.go:681.14,683.3 1 0
github.com/sparkle/gateway/gen/proto/agent_service.pb.go:684.2,684.11 1 0
github.com/sparkle/gateway/gen/proto/agent_service.pb.go:687.44,688.14 1 0
github.com/sparkle/gateway/gen/proto/agent_service.pb.go:688.14,690.3 1 0
github.com/sparkle/gateway/gen/proto/agent_service.pb.go:691.2,691.11 1 0
github.com/sparkle/gateway/gen/proto/agent_service.pb.go:694.39,695.14 1 0
github.com/sparkle/gateway/gen/proto/agent_service.pb.go:695.14,697.3 1 0
github.com/sparkle/gateway/gen/proto/agent_service.pb.go:698.2,698.14 1 0
github.com/sparkle/gateway/gen/proto/agent_service.pb.go:701.58,702.14 1 0
github.com/sparkle/gateway/gen/proto/agent_service.pb.go:702.14,704.3 1 0
github.com/sparkle/gateway/gen/proto/agent_service.pb.go:705.2,705.12 1 0
github.com/sparkle/gateway/gen/proto/agent_service.pb.go:708.48,709.14 1 0
github.com/sparkle/gateway/gen/proto/agent_service.pb.go:709.14,711.3 1 0
github.com/sparkle/gateway/gen/proto/agent_service.pb.go:712.2,712.11 1 0
github.com/sparkle/gateway/gen/proto/agent_service.pb.go:715.40,716.14 1 0
github.com/sparkle/gateway/gen/proto/agent_service.pb.go:716.14,718.3 1 0
github.com/sparkle/gateway/gen/proto/agent_service.pb.go:719.2,719.10 1 0
github.com/sparkle/gateway/gen/proto/agent_service.pb.go:722.45,723.14 1 0
github.com/sparkle/gateway/gen/proto/agent_service.pb.go:723.14,725.3 1 0
github.com/sparkle/gateway/gen/proto/agent_service.pb.go:726.2,726.11 1 0
github.com/sparkle/gateway/gen/proto/agent_service.pb.go:737.34,742.2 4 0
github.com/sparkle/gateway/gen/proto/agent_service.pb.go:744.42,746.2 1 0
github.com/sparkle/gateway/gen/proto/agent_service.pb.go:748.40,748.41 0 0
github.com/sparkle/gateway/gen/proto/agent_service.pb.go:750.62,752.14 2 0
github.com/sparkle/gateway/gen/proto/agent_service.pb.go:752.14,754.34 2 0
github.com/sparkle/gateway/gen/proto/agent_service.pb.go:754.34,756.4 1 0
github.com/sparkle/gateway/gen/proto/agent_service.pb.go:757.3,757.12 1 0
github.com/sparkle/gateway/gen/proto/agent_service.pb.go:759.2,759.24 1 0
github.com/sparkle/gateway/gen/proto/agent_service.pb.go:763.53,765.2 1 0
github.com/sparkle/gateway/gen/proto/agent_service.pb.go:767.45,768.14 1 0
github.com/sparkle/gateway/gen/proto/agent_service.pb.go:768.14,770.3 1 0
github.com/sparkle/gateway/gen/proto/agent_service.pb.go:771.2,771.11 1 0
github.com/sparkle/gateway/gen/proto/agent_service.pb.go:782.39,787.2 4 0
github.com/sparkle/gateway/gen/proto/agent_service.pb.go:789.47,791.2 1 0
github.com/sparkle/gateway/gen/proto/agent_service.pb.go:793.45,793.46 0 0
github.com/sparkle/gateway/gen/proto/agent_service.pb.go:795.67,797.14 2 0
github.com/sparkle/gateway/gen/proto/agent_service.pb.go:797.14,799.34 2 0
github.com/sparkle/gateway/gen/proto/agent_service.pb.go:799.34,801.4 1 0
github.com/sparkle/gateway/gen/proto/agent_service.pb.go:802.3,802.12 1 0
github.com/sparkle/gateway/gen/proto/agent_service.pb.go:804.2,804.24 1 0
github.com/sparkle/gateway/gen/proto/agent_service.pb.go:808.58,810.2 1 0
github.com/sparkle/gateway/gen/proto/agent_service.pb.go:812.50,813.14 1 0
github.com/sparkle/gateway/gen/proto/agent_service.pb.go:813.14,815.3 1 0
github.com/sparkle/gateway/gen/proto/agent_service.pb.go:816.2,816.11 1 0
github.com/sparkle/gateway/gen/proto/agent_service.pb.go:819.50,820.14 1 0
github.com/sparkle/gateway/gen/proto/agent_service.pb.go:820.14,822.3 1 0
github.com/sparkle/gateway/gen/proto/agent_service.pb.go:823.2,823.11 1 0
github.com/sparkle/gateway/gen/proto/agent_service.pb.go:834.32,839.2 4 0
github.com/sparkle/gateway/gen/proto/agent_service.pb.go:841.40,843.2 1 0
github.com/sparkle/gateway/gen/proto/agent_service.pb.go:845.38,845.39 0 0
github.com/sparkle/gateway/gen/proto/agent_service.pb.go:847.60,849.14 2 0
github.com/sparkle/gateway/gen/proto/agent_service.pb.go:849.14,851.34 2 0
github.com/sparkle/gateway/gen/proto/agent_service.pb.go:851.34,853.4 1 0
github.com/sparkle/gateway/gen/proto/agent_service.pb.go:854.3,854.12 1 0
github.com/sparkle/gateway/gen/proto/agent_service.pb.go:856.2,856.24 1 0
github.com/sparkle/gateway/gen/proto/agent_service.pb.go:860.51,862.2 1 0
github.com/sparkle/gateway/gen/proto/agent_service.pb.go:864.44,865.14 1 0
github.com/sparkle/gateway/gen/proto/agent_service.pb.go:865.14,867.3 1 0
github.com/sparkle/gateway/gen/proto/agent_service.pb.go:868.2,868.11 1 0
github.com/sparkle/gateway/gen/proto/agent_service.pb.go:871.50,872.14 1 0
github.com/sparkle/gateway/gen/proto/agent_service.pb.go:872.14,874.3 1 0
github.com/sparkle/gateway/gen/proto/agent_service.pb.go:875.2,875.10 1 0
github.com/sparkle/gateway/gen/proto/agent_service.pb.go:891.30,896.2 4 0
github.com/sparkle/gateway/gen/proto/agent_service.pb.go:898.38,900.2 1 0
github.com/sparkle/gateway/gen/proto/agent_service.pb.go:902.36,902.37 0 0
github.com/sparkle/gateway/gen/proto/agent_service.pb.go:904.58,906.14 2 0
github.com/sparkle/gateway/gen/proto/agent_service.pb.go:906.14,908.34 2 0
github.com/sparkle/gateway/gen/proto/agent_service.pb.go:908.34,910.4 1 0
github.com/sparkle/gateway/gen/proto/agent_service.pb.go:911.3,911.12 1 0
github.com/sparkle/gateway/gen/proto/agent_service.pb.go:913.2,913.24 1 0
github.com/sparkle/gateway/gen/proto/agent_service.pb.go:917.49,919.2 1 0
github.com/sparkle/gateway/gen/proto/agent_service.pb.go:921.45,922.14 1 0
github.com/sparkle/gateway/gen/proto/agent_service.pb.go:922.14,924.3 1 0
github.com/sparkle/gateway/gen/proto/agent_service.pb.go:925.2,925.11 1 0
github.com/sparkle/gateway/gen/proto/agent_service.pb.go:928.43,929.14 1 0
github.com/sparkle/gateway/gen/proto/agent_service.pb.go:929.14,931.3 1 0
github.com/sparkle/gateway/gen/proto/agent_service.pb.go:932.2,932.11 1 0
github.com/sparkle/gateway/gen/proto/agent_service.pb.go:935.45,936.14 1 0
github.com/sparkle/gateway/gen/proto/agent_service.pb.go:936.14,938.3 1 0
github.com/sparkle/gateway/gen/proto/agent_service.pb.go:939.2,939.11 1 0
github.com/sparkle/gateway/gen/proto/agent_service.pb.go:942.40,943.14 1 0
github.com/sparkle/gateway/gen/proto/agent_service.pb.go:943.14,945.3 1 0
github.com/sparkle/gateway/gen/proto/agent_service.pb.go:946.2,946.14 1 0
github.com/sparkle/gateway/gen/proto/agent_service.pb.go:949.47,950.14 1 0
github.com/sparkle/gateway/gen/proto/agent_service.pb.go:950.14,952.3 1 0
github.com/sparkle/gateway/gen/proto/agent_service.pb.go:953.2,953.11 1 0
github.com/sparkle/gateway/gen/proto/agent_service.pb.go:967.30,972.2 4 0
github.com/sparkle/gateway/gen/proto/agent_service.pb.go:974.38,976.2 1 0
github.com/sparkle/gateway/gen/proto/agent_service.pb.go:978.36,978.37 0 0
github.com/sparkle/gateway/gen/proto/agent_service.pb.go:980.58,982.14 2 0
github.com/sparkle/gateway/gen/proto/agent_service.pb.go:982.14,984.34 2 0
github.com/sparkle/gateway/gen/proto/agent_service.pb.go:984.34,986.4 1 0
github.com/sparkle/gateway/gen/proto/agent_service.pb.go:987.3,987.12 1 0
github.com/sparkle/gateway/gen/proto/agent_service.pb.go:989.2,989.24 1 0
github.com/sparkle/gateway/gen/proto/agent_service.pb.go:993.49,995.2 1 0
github.com/sparkle/gateway/gen/proto/agent_service.pb.go:997.40,998.14 1 0
github.com/sparkle/gateway/gen/proto/agent_service.pb.go:998.14,1000.3 1 0
github.com/sparkle/gateway/gen/proto/agent_service.pb.go:1001.2,1001.11 1 0
github.com/sparkle/gateway/gen/proto/agent_service.pb.go:1004.47,1005.14 1 0
github.com/sparkle/gateway/gen/proto/agent_service.pb.go:1005.14,1007.3 1 0
github.com/sparkle/gateway/gen/proto/agent_service.pb.go:1008.2,1008.10 1 0
github.com/sparkle/gateway/gen/proto/agent_service.pb.go:1011.43,1012.14 1 0
github.com/sparkle/gateway/gen/proto/agent_service.pb.go:1012.14,1014.3 1 0
github.com/sparkle/gateway/gen/proto/agent_service.pb.go:1015.2,1015.10 1 0
github.com/sparkle/gateway/gen/proto/agent_service.pb.go:1018.45,1019.14 1 0
github.com/sparkle/gateway/gen/proto/agent_service.pb.go:1019.14,1021.3 1 0
github.com/sparkle/gateway/gen/proto/agent_service.pb.go:1022.2,1022.14 1 0
github.com/sparkle/gateway/gen/proto/agent_service.pb.go:1037.31,1042.2 4 0
github.com/sparkle/gateway/gen/proto/agent_service.pb.go:1044.39,1046.2 1 0
github.com/sparkle/gateway/gen/proto/agent_service.pb.go:1048.37,1048.38 0 0
github.com/sparkle/gateway/gen/proto/agent_service.pb.go:1050.59,1052.14 2 0
github.com/sparkle/gateway/gen/proto/agent_service.pb.go:1052.14,1054.34 2 0
github.com/sparkle/gateway/gen/proto/agent_service.pb.go:1054.34,1056.4 1 0
github.com/sparkle/gateway/gen/proto/agent_service.pb.go:1057.3,1057.12 1 0
github.com/sparkle/gateway/gen/proto/agent_service.pb.go:1059.2,1059.24 1 0
github.com/sparkle/gateway/gen/proto/agent_service.pb.go:1063.50,1065.2 1 0
github.com/sparkle/gateway/gen/proto/agent_service.pb.go:1067.40,1068.14 1 0
github.com/sparkle/gateway/gen/proto/agent_service.pb.go:1068.14,1070.3 1 0
github.com/sparkle/gateway/gen/proto/agent_service.pb.go:1071.2,1071.11 1 0
github.com/sparkle/gateway/gen/proto/agent_service.pb.go:1074.43,1075.14 1 0
github.com/sparkle/gateway/gen/proto/agent_service.pb.go:1075.14,1077.3 1 0
github.com/sparkle/gateway/gen/proto/agent_service.pb.go:1078.2,1078.11 1 0
github.com/sparkle/gateway/gen/proto/agent_service.pb.go:1081.40,1082.14 1 0
github.com/sparkle/gateway/gen/proto/agent_service.pb.go:1082.14,1084.3 1 0
github.com/sparkle/gateway/gen/proto/agent_service.pb.go:1085.2,1085.11 1 0
github.com/sparkle/gateway/gen/proto/agent_service.pb.go:1088.46,1089.14 1 0
github.com/sparkle/gateway/gen/proto/agent_service.pb.go:1089.14,1091.3 1 0
github.com/sparkle/gateway/gen/proto/agent_service.pb.go:1092.2,1092.11 1 0
github.com/sparkle/gateway/gen/proto/agent_service.pb.go:1095.55,1096.14 1 0
github.com/sparkle/gateway/gen/proto/agent_service.pb.go:1096.14,1098.3 1 0
github.com/sparkle/gateway/gen/proto/agent_service.pb.go:1099.2,1099.12 1 0
github.com/sparkle/gateway/gen/proto/agent_service.pb.go:1139.32,1144.2 4 0
github.com/sparkle/gateway/gen/proto/agent_service.pb.go:1146.40,1148.2 1 0
github.com/sparkle/gateway/gen/proto/agent_service.pb.go:1150.38,1150.39 0 0
github.com/sparkle/gateway/gen/proto/agent_service.pb.go:1152.60,1154.14 2 0
github.com/sparkle/gateway/gen/proto/agent_service.pb.go:1154.14,1156.34 2 0
github.com/sparkle/gateway/gen/proto/agent_service.pb.go:1156.34,1158.4 1 0
github.com/sparkle/gateway/gen/proto/agent_service.pb.go:1159.3,1159.12 1 0
github.com/sparkle/gateway/gen/proto/agent_service.pb.go:1161.2,1161.24 1 0
github.com/sparkle/gateway/gen/proto/agent_service.pb.go:1165.51,1167.2 1 0
github.com/sparkle/gateway/gen/proto/agent_service.pb.go:1169.47,1170.14 1 0
github.com/sparkle/gateway/gen/proto/agent_service.pb.go:1170.14,1172.3 1 0
github.com/sparkle/gateway/gen/proto/agent_service.pb.go:1173.2,1173.11 1 0
github.com/sparkle/gateway/gen/proto/agent_service.pb.go:1176.45,1177.14 1 0
github.com/sparkle/gateway/gen/proto/agent_service.pb.go:1177.14,1179.3 1 0
github.com/sparkle/gateway/gen/proto/agent_service.pb.go:1180.2,1180.10 1 0
github.com/sparkle/gateway/gen/proto/agent_service.pb.go:1183.46,1184.14 1 0
github.com/sparkle/gateway/gen/proto/agent_service.pb.go:1184.14,1186.3 1 0
github.com/sparkle/gateway/gen/proto/agent_service.pb.go:1187.2,1187.11 1 0
github.com/sparkle/gateway/gen/proto/agent_service.pb.go:1190.44,1191.14 1 0
github.com/sparkle/gateway/gen/proto/agent_service.pb.go:1191.14,1193.3 1 0
github.com/sparkle/gateway/gen/proto/agent_service.pb.go:1194.2,1194.11 1 0
github.com/sparkle/gateway/gen/proto/agent_service.pb.go:1197.47,1198.14 1 0
github.com/sparkle/gateway/gen/proto/agent_service.pb.go:1198.14,1200.3 1 0
github.com/sparkle/gateway/gen/proto/agent_service.pb.go:1201.2,1201.11 1 0
github.com/sparkle/gateway/gen/proto/agent_service.pb.go:1204.50,1205.14 1 0
github.com/sparkle/gateway/gen/proto/agent_service.pb.go:1205.14,1207.3 1 0
github.com/sparkle/gateway/gen/proto/agent_service.pb.go:1208.2,1208.11 1 0
github.com/sparkle/gateway/gen/proto/agent_service.pb.go:1211.56,1212.14 1 0
github.com/sparkle/gateway/gen/proto/agent_service.pb.go:1212.14,1214.3 1 0
github.com/sparkle/gateway/gen/proto/agent_service.pb.go:1215.2,1215.12 1 0
github.com/sparkle/gateway/gen/proto/agent_service.pb.go:1218.60,1219.14 1 0
github.com/sparkle/gateway/gen/proto/agent_service.pb.go:1219.14,1221.3 1 0
github.com/sparkle/gateway/gen/proto/agent_service.pb.go:1222.2,1222.12 1 0
github.com/sparkle/gateway/gen/proto/agent_service.pb.go:1225.42,1226.14 1 0
github.com/sparkle/gateway/gen/proto/agent_service.pb.go:1226.14,1227.51 1 0
github.com/sparkle/gateway/gen/proto/agent_service.pb.go:1227.51,1229.4 1 0
github.com/sparkle/gateway/gen/proto/agent_service.pb.go:1231.2,1231.11 1 0
github.com/sparkle/gateway/gen/proto/agent_service.pb.go:1234.48,1235.14 1 0
github.com/sparkle/gateway/gen/proto/agent_service.pb.go:1235.14,1236.54 1 0
github.com/sparkle/gateway/gen/proto/agent_service.pb.go:1236.54,1238.4 1 0
github.com/sparkle/gateway/gen/proto/agent_service.pb.go:1240.2,1240.12 1 0
github.com/sparkle/gateway/gen/proto/agent_service.pb.go:1243.55,1244.14 1 0
[...]
github.com/sparkle/gateway/internal/handler/file_handler.go:491.50,492.24 1 2
github.com/sparkle/gateway/internal/handler/file_handler.go:492.24,494.4 1 1
github.com/sparkle/gateway/internal/handler/file_handler.go:496.2,496.18 1 0
github.com/sparkle/gateway/internal/handler/file_handler.go:499.58,501.9 2 3
github.com/sparkle/gateway/internal/handler/file_handler.go:501.9,503.3 1 0
github.com/sparkle/gateway/internal/handler/file_handler.go:504.2,504.26 1 3
github.com/sparkle/gateway/internal/handler/file_handler.go:507.66,509.17 2 0
github.com/sparkle/gateway/internal/handler/file_handler.go:509.17,511.3 1 0
github.com/sparkle/gateway/internal/handler/file_handler.go:512.2,513.16 2 0
github.com/sparkle/gateway/internal/handler/file_handler.go:513.16,515.3 1 0
github.com/sparkle/gateway/internal/handler/file_handler.go:516.2,516.15 1 0
github.com/sparkle/gateway/internal/handler/file_handler.go:519.63,525.13 4 6
github.com/sparkle/gateway/internal/handler/file_handler.go:525.13,529.3 2 6
github.com/sparkle/gateway/internal/handler/file_handler.go:530.2,530.16 1 6
github.com/sparkle/gateway/internal/handler/file_handler.go:535.74,539.63 3 12
github.com/sparkle/gateway/internal/handler/file_handler.go:539.63,541.3 1 0
github.com/sparkle/gateway/internal/handler/file_handler.go:542.2,545.30 2 12
github.com/sparkle/gateway/internal/handler/file_handler.go:546.14,548.48 1 2
github.com/sparkle/gateway/internal/handler/file_handler.go:548.48,550.4 1 1
github.com/sparkle/gateway/internal/handler/file_handler.go:551.15,553.14 1 2
github.com/sparkle/gateway/internal/handler/file_handler.go:554.15,555.14 1 2
github.com/sparkle/gateway/internal/handler/file_handler.go:556.15,557.63 1 2
github.com/sparkle/gateway/internal/handler/file_handler.go:557.63,559.4 1 1
github.com/sparkle/gateway/internal/handler/file_handler.go:560.14,562.87 1 2
github.com/sparkle/gateway/internal/handler/file_handler.go:562.87,564.4 1 1
github.com/sparkle/gateway/internal/handler/file_handler.go:565.23,567.57 1 2
github.com/sparkle/gateway/internal/handler/file_handler.go:567.57,569.4 1 1
github.com/sparkle/gateway/internal/handler/file_handler.go:570.14,572.96 1 2
github.com/sparkle/gateway/internal/handler/file_handler.go:572.96,574.4 1 1
github.com/sparkle/gateway/internal/handler/file_handler.go:575.15,577.67 1 2
github.com/sparkle/gateway/internal/handler/file_handler.go:577.67,579.4 1 1
github.com/sparkle/gateway/internal/handler/file_handler.go:580.3,580.49 1 1
github.com/sparkle/gateway/internal/handler/file_handler.go:580.49,582.4 1 0
github.com/sparkle/gateway/internal/handler/file_handler.go:585.2,585.17 1 6
github.com/sparkle/gateway/internal/handler/group_chat.go:16.65,18.2 1 0
github.com/sparkle/gateway/internal/handler/group_chat.go:20.56,23.13 2 0
github.com/sparkle/gateway/internal/handler/group_chat.go:23.13,26.3 2 0
github.com/sparkle/gateway/internal/handler/group_chat.go:28.2,29.56 2 0
github.com/sparkle/gateway/internal/handler/group_chat.go:29.56,32.3 2 0
github.com/sparkle/gateway/internal/handler/group_chat.go:34.2,36.49 3 0
github.com/sparkle/gateway/internal/handler/group_chat.go:36.49,39.3 2 0
github.com/sparkle/gateway/internal/handler/group_chat.go:42.2,46.16 2 0
github.com/sparkle/gateway/internal/handler/group_chat.go:46.16,49.3 2 0
github.com/sparkle/gateway/internal/handler/group_chat.go:51.2,51.15 1 0
github.com/sparkle/gateway/internal/handler/group_chat.go:51.15,54.3 2 0
github.com/sparkle/gateway/internal/handler/group_chat.go:56.2,66.16 6 0
github.com/sparkle/gateway/internal/handler/group_chat.go:66.16,69.3 2 0
github.com/sparkle/gateway/internal/handler/group_chat.go:72.2,73.31 2 0
github.com/sparkle/gateway/internal/handler/group_chat.go:73.31,75.25 2 0
github.com/sparkle/gateway/internal/handler/group_chat.go:75.25,82.4 1 0
github.com/sparkle/gateway/internal/handler/group_chat.go:84.3,85.24 2 0
github.com/sparkle/gateway/internal/handler/group_chat.go:85.24,98.4 3 0
github.com/sparkle/gateway/internal/handler/group_chat.go:100.3,111.29 2 0
github.com/sparkle/gateway/internal/handler/group_chat.go:114.2,114.31 1 0
github.com/sparkle/gateway/internal/handler/health.go:58.93,66.2 1 0
github.com/sparkle/gateway/internal/handler/health.go:69.55,78.2 5 0
github.com/sparkle/gateway/internal/handler/health.go:81.56,86.2 1 0
github.com/sparkle/gateway/internal/handler/health.go:89.57,97.47 5 0
github.com/sparkle/gateway/internal/handler/health.go:97.47,105.3 2 0
github.com/sparkle/gateway/internal/handler/health.go:107.2,110.4 1 0
github.com/sparkle/gateway/internal/handler/health.go:114.54,117.65 2 0
github.com/sparkle/gateway/internal/handler/health.go:117.65,122.3 4 0
github.com/sparkle/gateway/internal/handler/health.go:123.2,135.34 8 0
github.com/sparkle/gateway/internal/handler/health.go:135.34,136.33 1 0
github.com/sparkle/gateway/internal/handler/health.go:136.33,138.9 2 0
github.com/sparkle/gateway/internal/handler/health.go:140.3,140.32 1 0
github.com/sparkle/gateway/internal/handler/health.go:140.32,142.4 1 0
github.com/sparkle/gateway/internal/handler/health.go:146.2,169.32 8 0
github.com/sparkle/gateway/internal/handler/health.go:172.83,174.34 2 0
github.com/sparkle/gateway/internal/handler/health.go:174.34,176.3 1 0
github.com/sparkle/gateway/internal/handler/health.go:177.2,177.28 1 0
github.com/sparkle/gateway/internal/handler/health.go:180.76,181.17 1 0
github.com/sparkle/gateway/internal/handler/health.go:181.17,183.3 1 0
github.com/sparkle/gateway/internal/handler/health.go:185.2,189.16 4 0
github.com/sparkle/gateway/internal/handler/health.go:189.16,195.3 1 0
github.com/sparkle/gateway/internal/handler/health.go:197.2,198.19 2 0
github.com/sparkle/gateway/internal/handler/health.go:198.19,200.3 1 0
github.com/sparkle/gateway/internal/handler/health.go:202.2,205.3 1 0
github.com/sparkle/gateway/internal/handler/health.go:208.73,209.20 1 0
github.com/sparkle/gateway/internal/handler/health.go:209.20,211.3 1 0
github.com/sparkle/gateway/internal/handler/health.go:213.2,217.16 4 0
github.com/sparkle/gateway/internal/handler/health.go:217.16,223.3 1 0
github.com/sparkle/gateway/internal/handler/health.go:225.2,226.18 2 0
github.com/sparkle/gateway/internal/handler/health.go:226.18,228.3 1 0
github.com/sparkle/gateway/internal/handler/health.go:230.2,233.3 1 0
github.com/sparkle/gateway/internal/handler/health.go:236.44,238.2 1 0
github.com/sparkle/gateway/internal/handler/intervention_push.go:41.90,43.2 1 0
github.com/sparkle/gateway/internal/handler/intervention_push.go:45.62,47.47 2 0
github.com/sparkle/gateway/internal/handler/intervention_push.go:47.47,50.3 2 0
github.com/sparkle/gateway/internal/handler/intervention_push.go:51.2,51.22 1 0
github.com/sparkle/gateway/internal/handler/intervention_push.go:51.22,54.3 2 0
github.com/sparkle/gateway/internal/handler/intervention_push.go:56.2,65.50 3 0
github.com/sparkle/gateway/internal/handler/intervention_push.go:65.50,71.3 1 0
github.com/sparkle/gateway/internal/handler/intervention_push.go:73.2,81.73 2 0
github.com/sparkle/gateway/internal/handler/intervention_push.go:81.73,84.3 2 0
github.com/sparkle/gateway/internal/handler/intervention_push.go:86.2,86.53 1 0
github.com/sparkle/gateway/internal/handler/interventions_proxy.go:17.79,24.2 1 0
github.com/sparkle/gateway/internal/handler/interventions_proxy.go:26.58,29.34 3 0
github.com/sparkle/gateway/internal/handler/interventions_proxy.go:29.34,31.3 1 0
github.com/sparkle/gateway/internal/handler/interventions_proxy.go:33.2,34.16 2 0
github.com/sparkle/gateway/internal/handler/interventions_proxy.go:34.16,37.3 2 0
github.com/sparkle/gateway/internal/handler/interventions_proxy.go:39.2,42.16 3 0
github.com/sparkle/gateway/internal/handler/interventions_proxy.go:42.16,45.3 2 0
github.com/sparkle/gateway/internal/handler/interventions_proxy.go:46.2,49.39 3 0
github.com/sparkle/gateway/internal/handler/interventions_proxy.go:49.39,50.32 1 0
github.com/sparkle/gateway/internal/handler/interventions_proxy.go:50.32,52.4 1 0
github.com/sparkle/gateway/internal/handler/interventions_proxy.go:54.2,55.22 2 0
github.com/sparkle/gateway/internal/handler/interventions_proxy.go:58.51,59.31 1 0
github.com/sparkle/gateway/internal/handler/interventions_proxy.go:59.31,60.32 1 0
github.com/sparkle/gateway/internal/handler/interventions_proxy.go:60.32,62.4 1 0
github.com/sparkle/gateway/internal/handler/signal_push.go:35.90,37.2 1 0
github.com/sparkle/gateway/internal/handler/signal_push.go:39.56,40.24 1 0
github.com/sparkle/gateway/internal/handler/signal_push.go:40.24,43.3 2 0
github.com/sparkle/gateway/internal/handler/signal_push.go:45.2,46.47 2 0
github.com/sparkle/gateway/internal/handler/signal_push.go:46.47,49.3 2 0
github.com/sparkle/gateway/internal/handler/signal_push.go:51.2,51.22 1 0
github.com/sparkle/gateway/internal/handler/signal_push.go:51.22,54.3 2 0
github.com/sparkle/gateway/internal/handler/signal_push.go:56.2,57.53 2 0
github.com/sparkle/gateway/internal/handler/signal_push.go:57.53,58.26 1 0
github.com/sparkle/gateway/internal/handler/signal_push.go:58.26,59.62 1 0
github.com/sparkle/gateway/internal/handler/signal_push.go:59.62,61.5 1 0
github.com/sparkle/gateway/internal/handler/signal_push.go:63.3,63.24 1 0
github.com/sparkle/gateway/internal/handler/signal_push.go:63.24,64.60 1 0
github.com/sparkle/gateway/internal/handler/signal_push.go:64.60,66.5 1 0
github.com/sparkle/gateway/internal/handler/signal_push.go:68.3,68.30 1 0
github.com/sparkle/gateway/internal/handler/signal_push.go:68.30,69.66 1 0
github.com/sparkle/gateway/internal/handler/signal_push.go:69.66,71.5 1 0
github.com/sparkle/gateway/internal/handler/signal_push.go:73.3,73.52 1 0
github.com/sparkle/gateway/internal/handler/signal_push.go:73.52,74.35 1 0
github.com/sparkle/gateway/internal/handler/signal_push.go:74.35,75.31 1 0
github.com/sparkle/gateway/internal/handler/signal_push.go:75.31,77.13 2 0
github.com/sparkle/gateway/internal/handler/signal_push.go:77.13,78.15 1 0
github.com/sparkle/gateway/internal/handler/signal_push.go:80.6,81.49 2 0
github.com/sparkle/gateway/internal/handler/signal_push.go:81.49,83.7 1 0
github.com/sparkle/gateway/internal/handler/signal_push.go:84.6,84.51 1 0
github.com/sparkle/gateway/internal/handler/signal_push.go:84.51,86.7 1 0
github.com/sparkle/gateway/internal/handler/signal_push.go:87.6,87.54 1 0
github.com/sparkle/gateway/internal/handler/signal_push.go:87.54,89.7 1 0
github.com/sparkle/gateway/internal/handler/signal_push.go:90.6,90.59 1 0
github.com/sparkle/gateway/internal/handler/signal_push.go:90.59,92.7 1 0
github.com/sparkle/gateway/internal/handler/signal_push.go:93.6,93.56 1 0
github.com/sparkle/gateway/internal/handler/signal_push.go:93.56,95.7 1 0
github.com/sparkle/gateway/internal/handler/signal_push.go:96.6,96.64 1 0
github.com/sparkle/gateway/internal/handler/signal_push.go:96.64,98.7 1 0
github.com/sparkle/gateway/internal/handler/signal_push.go:99.6,99.43 1 0
github.com/sparkle/gateway/internal/handler/signal_push.go:105.2,105.39 1 0
github.com/sparkle/gateway/internal/handler/signal_push.go:105.39,106.27 1 0
github.com/sparkle/gateway/internal/handler/signal_push.go:106.27,107.12 1 0
github.com/sparkle/gateway/internal/handler/signal_push.go:109.3,122.34 2 0
github.com/sparkle/gateway/internal/handler/signal_push.go:122.34,124.4 1 0
github.com/sparkle/gateway/internal/handler/signal_push.go:125.3,125.34 1 0
github.com/sparkle/gateway/internal/handler/signal_push.go:128.2,128.46 1 0
github.com/sparkle/gateway/internal/handler/signal_push.go:131.63,132.32 1 0
github.com/sparkle/gateway/internal/handler/signal_push.go:132.32,134.3 1 0
github.com/sparkle/gateway/internal/handler/signal_push.go:135.2,136.49 2 0
github.com/sparkle/gateway/internal/handler/signal_push.go:139.62,141.32 2 0
github.com/sparkle/gateway/internal/handler/signal_push.go:141.32,142.36 1 0
github.com/sparkle/gateway/internal/handler/signal_push.go:142.36,144.4 1 0
github.com/sparkle/gateway/internal/handler/signal_push.go:146.2,146.12 1 0
github.com/sparkle/gateway/internal/handler/stt_handler.go:22.73,26.44 1 0
github.com/sparkle/gateway/internal/handler/stt_handler.go:26.44,28.5 1 0
github.com/sparkle/gateway/internal/handler/stt_handler.go:38.54,41.16 2 0
github.com/sparkle/gateway/internal/handler/stt_handler.go:41.16,44.3 2 0
github.com/sparkle/gateway/internal/handler/stt_handler.go:45.2,49.18 3 0
github.com/sparkle/gateway/internal/handler/stt_handler.go:49.18,56.3 3 0
github.com/sparkle/gateway/internal/handler/stt_handler.go:58.2,63.21 4 0
github.com/sparkle/gateway/internal/handler/stt_handler.go:63.21,65.3 1 0
github.com/sparkle/gateway/internal/handler/stt_handler.go:67.2,68.16 2 0
github.com/sparkle/gateway/internal/handler/stt_handler.go:68.16,75.3 3 0
github.com/sparkle/gateway/internal/handler/stt_handler.go:76.2,87.12 5 0
github.com/sparkle/gateway/internal/handler/stt_handler.go:87.12,89.7 2 0
github.com/sparkle/gateway/internal/handler/stt_handler.go:89.7,90.11 1 0
github.com/sparkle/gateway/internal/handler/stt_handler.go:91.16,92.11 1 0
github.com/sparkle/gateway/internal/handler/stt_handler.go:93.12,95.19 2 0
github.com/sparkle/gateway/internal/handler/stt_handler.go:95.19,96.110 1 0
github.com/sparkle/gateway/internal/handler/stt_handler.go:96.110,98.7 1 0
github.com/sparkle/gateway/internal/handler/stt_handler.go:98.12,100.7 1 0
github.com/sparkle/gateway/internal/handler/stt_handler.go:101.6,101.12 1 0
github.com/sparkle/gateway/internal/handler/stt_handler.go:105.5,105.70 1 0
github.com/sparkle/gateway/internal/handler/stt_handler.go:105.70,108.6 2 0
github.com/sparkle/gateway/internal/handler/stt_handler.go:114.2,114.12 1 0
github.com/sparkle/gateway/internal/handler/stt_handler.go:114.12,116.7 2 0
github.com/sparkle/gateway/internal/handler/stt_handler.go:116.7,117.11 1 0
github.com/sparkle/gateway/internal/handler/stt_handler.go:118.16,119.11 1 0
github.com/sparkle/gateway/internal/handler/stt_handler.go:120.12,122.19 2 0
github.com/sparkle/gateway/internal/handler/stt_handler.go:122.19,123.110 1 0
github.com/sparkle/gateway/internal/handler/stt_handler.go:123.110,125.7 1 0
github.com/sparkle/gateway/internal/handler/stt_handler.go:125.12,127.7 1 0
github.com/sparkle/gateway/internal/handler/stt_handler.go:128.6,128.12 1 0
github.com/sparkle/gateway/internal/handler/stt_handler.go:132.5,132.70 1 0
github.com/sparkle/gateway/internal/handler/stt_handler.go:132.70,135.6 2 0
github.com/sparkle/gateway/internal/handler/stt_handler.go:141.2,142.16 2 0
github.com/sparkle/gateway/internal/handler/stt_handler.go:142.16,146.3 1 0
github.com/sparkle/gateway/internal/handler/stt_handler.go:149.2,151.76 2 0
github.com/sparkle/gateway/internal/handler/stt_handler.go:163.65,165.2 1 0
github.com/sparkle/gateway/internal/handler/stt_handler.go:168.56,170.51 2 0
github.com/sparkle/gateway/internal/handler/stt_handler.go:170.51,172.3 1 0
github.com/sparkle/gateway/internal/handler/stt_handler.go:173.2,173.18 1 0
github.com/sparkle/gateway/internal/handler/websocket_factory.go:22.64,24.2 1 15
github.com/sparkle/gateway/internal/handler/websocket_factory.go:27.64,33.2 1 3
github.com/sparkle/gateway/internal/handler/websocket_factory.go:36.62,40.18 2 37
github.com/sparkle/gateway/internal/handler/websocket_factory.go:40.18,42.3 1 3
github.com/sparkle/gateway/internal/handler/websocket_factory.go:44.2,45.14 2 34
github.com/sparkle/gateway/internal/handler/websocket_factory.go:45.14,47.3 1 13
github.com/sparkle/gateway/internal/handler/websocket_factory.go:48.2,48.16 1 34
github.com/sparkle/gateway/internal/handler/websocket_factory.go:53.43,57.43 1 1
github.com/sparkle/gateway/internal/handler/websocket_factory.go:57.43,59.4 1 1
github.com/sparkle/gateway/internal/handler/websocket_factory.go:63.30,66.2 2 2
github.com/sparkle/gateway/internal/handler/websocket_factory.go:68.57,70.18 2 2
github.com/sparkle/gateway/internal/handler/websocket_factory.go:70.18,72.3 1 2
github.com/sparkle/gateway/internal/handler/websocket_factory.go:74.2,75.29 2 0
github.com/sparkle/gateway/internal/handler/websocket_factory.go:75.29,84.39 3 0
github.com/sparkle/gateway/internal/handler/websocket_factory.go:84.39,86.4 1 0
github.com/sparkle/gateway/internal/handler/websocket_factory.go:89.2,89.20 1 0
github.com/sparkle/gateway/internal/handler/websocket_factory.go:89.20,91.3 1 0
github.com/sparkle/gateway/internal/handler/websocket_factory.go:92.2,92.11 1 0
github.com/sparkle/gateway/internal/handler/websocket_proxy.go:20.79,28.44 1 0
github.com/sparkle/gateway/internal/handler/websocket_proxy.go:28.44,30.5 1 0
github.com/sparkle/gateway/internal/handler/websocket_proxy.go:38.60,51.17 6 0
github.com/sparkle/gateway/internal/handler/websocket_proxy.go:51.17,53.57 2 0
github.com/sparkle/gateway/internal/handler/websocket_proxy.go:53.57,55.4 1 0
github.com/sparkle/gateway/internal/handler/websocket_proxy.go:58.2,58.17 1 0
github.com/sparkle/gateway/internal/handler/websocket_proxy.go:58.17,61.3 2 0
github.com/sparkle/gateway/internal/handler/websocket_proxy.go:63.2,66.77 2 0
github.com/sparkle/gateway/internal/handler/websocket_proxy.go:71.59,78.17 4 0
github.com/sparkle/gateway/internal/handler/websocket_proxy.go:78.17,80.57 2 0
github.com/sparkle/gateway/internal/handler/websocket_proxy.go:80.57,82.4 1 0
github.com/sparkle/gateway/internal/handler/websocket_proxy.go:85.2,85.17 1 0
github.com/sparkle/gateway/internal/handler/websocket_proxy.go:85.17,88.3 2 0
github.com/sparkle/gateway/internal/handler/websocket_proxy.go:90.2,92.75 2 0
github.com/sparkle/gateway/internal/handler/websocket_proxy.go:96.137,99.16 2 0
github.com/sparkle/gateway/internal/handler/websocket_proxy.go:99.16,105.3 3 0
github.com/sparkle/gateway/internal/handler/websocket_proxy.go:106.2,110.16 3 0
github.com/sparkle/gateway/internal/handler/websocket_proxy.go:110.16,114.3 2 0
github.com/sparkle/gateway/internal/handler/websocket_proxy.go:115.2,127.12 5 0
github.com/sparkle/gateway/internal/handler/websocket_proxy.go:127.12,129.7 2 0
github.com/sparkle/gateway/internal/handler/websocket_proxy.go:129.7,131.18 2 0
github.com/sparkle/gateway/internal/handler/websocket_proxy.go:131.18,132.104 1 0
github.com/sparkle/gateway/internal/handler/websocket_proxy.go:132.104,136.6 1 0
github.com/sparkle/gateway/internal/handler/websocket_proxy.go:137.5,138.11 2 0
github.com/sparkle/gateway/internal/handler/websocket_proxy.go:140.4,140.70 1 0
github.com/sparkle/gateway/internal/handler/websocket_proxy.go:140.70,146.5 3 0
github.com/sparkle/gateway/internal/handler/websocket_proxy.go:151.2,151.12 1 0
github.com/sparkle/gateway/internal/handler/websocket_proxy.go:151.12,153.7 2 0
github.com/sparkle/gateway/internal/handler/websocket_proxy.go:153.7,155.18 2 0
github.com/sparkle/gateway/internal/handler/websocket_proxy.go:155.18,156.104 1 0
github.com/sparkle/gateway/internal/handler/websocket_proxy.go:156.104,160.6 1 0
github.com/sparkle/gateway/internal/handler/websocket_proxy.go:161.5,162.11 2 0
github.com/sparkle/gateway/internal/handler/websocket_proxy.go:164.4,164.69 1 0
github.com/sparkle/gateway/internal/handler/websocket_proxy.go:164.69,170.5 3 0
github.com/sparkle/gateway/internal/handler/websocket_proxy.go:175.2,179.37 2 0
github.com/sparkle/gateway/internal/handler/websocket_proxy.go:183.40,185.2 1 0
github.com/sparkle/gateway/internal/handler/ws_ticket.go:24.81,26.2 1 0
github.com/sparkle/gateway/internal/handler/ws_ticket.go:28.49,30.18 2 0
github.com/sparkle/gateway/internal/handler/ws_ticket.go:30.18,33.3 2 0
github.com/sparkle/gateway/internal/handler/ws_ticket.go:34.2,44.21 8 0
github.com/sparkle/gateway/internal/handler/ws_ticket.go:44.21,46.3 1 0
github.com/sparkle/gateway/internal/handler/ws_ticket.go:47.2,48.16 2 0
github.com/sparkle/gateway/internal/handler/ws_ticket.go:48.16,52.3 3 0
github.com/sparkle/gateway/internal/handler/ws_ticket.go:53.2,53.72 1 0
github.com/sparkle/gateway/internal/handler/ws_ticket.go:53.72,57.3 3 0
github.com/sparkle/gateway/internal/handler/ws_ticket.go:59.2,64.4 2 0
