mode: set
github.com/sparkle/gateway/cmd/server/main.go:23.13,31.45 4 0
github.com/sparkle/gateway/cmd/server/main.go:31.45,33.3 1 0
github.com/sparkle/gateway/cmd/server/main.go:36.2,37.15 2 0
github.com/sparkle/gateway/cmd/server/main.go:37.15,38.56 1 0
github.com/sparkle/gateway/cmd/server/main.go:38.56,40.4 1 0
github.com/sparkle/gateway/cmd/server/main.go:43.2,45.16 3 0
github.com/sparkle/gateway/cmd/server/main.go:45.16,47.3 1 0
github.com/sparkle/gateway/cmd/server/main.go:48.2,53.16 5 0
github.com/sparkle/gateway/cmd/server/main.go:53.16,55.3 1 0
github.com/sparkle/gateway/cmd/server/main.go:56.2,59.16 3 0
github.com/sparkle/gateway/cmd/server/main.go:59.16,61.3 1 0
github.com/sparkle/gateway/cmd/server/main.go:63.2,64.16 2 0
github.com/sparkle/gateway/cmd/server/main.go:64.16,66.3 1 0
github.com/sparkle/gateway/cmd/server/main.go:67.2,68.25 2 0
github.com/sparkle/gateway/cmd/server/main.go:68.25,70.3 1 0
github.com/sparkle/gateway/cmd/server/main.go:71.2,74.16 3 0
github.com/sparkle/gateway/cmd/server/main.go:74.16,76.3 1 0
github.com/sparkle/gateway/cmd/server/main.go:78.2,82.16 4 0
github.com/sparkle/gateway/cmd/server/main.go:82.16,84.3 1 0
github.com/sparkle/gateway/cmd/server/main.go:86.2,95.12 3 0
github.com/sparkle/gateway/cmd/server/main.go:95.12,97.77 2 0
github.com/sparkle/gateway/cmd/server/main.go:97.77,99.4 1 0
github.com/sparkle/gateway/cmd/server/main.go:103.2,108.36 5 0
github.com/sparkle/gateway/cmd/server/main.go:108.36,110.3 1 0
github.com/sparkle/gateway/cmd/server/main.go:111.2,116.34 3 0
github.com/sparkle/gateway/cmd/server/main.go:116.34,118.3 1 0
github.com/sparkle/gateway/cmd/server/main.go:119.2,119.71 1 0
github.com/sparkle/gateway/cmd/server/main.go:119.71,126.3 4 0
github.com/sparkle/gateway/cmd/server/main.go:129.2,132.50 3 0
github.com/sparkle/gateway/cmd/server/main.go:132.50,134.3 1 0
github.com/sparkle/gateway/cmd/server/main.go:136.2,136.45 1 0
github.com/sparkle/gateway/cmd/server/setup.go:109.47,111.2 1 0
github.com/sparkle/gateway/cmd/server/setup.go:113.86,115.16 2 0
github.com/sparkle/gateway/cmd/server/setup.go:115.16,117.3 1 0
github.com/sparkle/gateway/cmd/server/setup.go:119.2,120.16 2 0
github.com/sparkle/gateway/cmd/server/setup.go:120.16,123.3 2 0
github.com/sparkle/gateway/cmd/server/setup.go:125.2,126.16 2 0
github.com/sparkle/gateway/cmd/server/setup.go:126.16,130.3 3 0
github.com/sparkle/gateway/cmd/server/setup.go:132.2,141.8 3 0
github.com/sparkle/gateway/cmd/server/setup.go:144.61,146.2 1 0
github.com/sparkle/gateway/cmd/server/setup.go:148.126,151.25 3 0
github.com/sparkle/gateway/cmd/server/setup.go:151.25,153.3 1 0
github.com/sparkle/gateway/cmd/server/setup.go:154.2,162.16 9 0
github.com/sparkle/gateway/cmd/server/setup.go:162.16,164.3 1 0
github.com/sparkle/gateway/cmd/server/setup.go:166.2,178.8 1 0
github.com/sparkle/gateway/cmd/server/setup.go:181.97,183.30 2 0
github.com/sparkle/gateway/cmd/server/setup.go:183.30,185.3 1 0
github.com/sparkle/gateway/cmd/server/setup.go:186.2,187.29 2 0
github.com/sparkle/gateway/cmd/server/setup.go:187.29,189.3 1 0
github.com/sparkle/gateway/cmd/server/setup.go:190.2,191.16 2 0
github.com/sparkle/gateway/cmd/server/setup.go:191.16,193.3 1 0
github.com/sparkle/gateway/cmd/server/setup.go:195.2,196.16 2 0
github.com/sparkle/gateway/cmd/server/setup.go:196.16,198.3 1 0
github.com/sparkle/gateway/cmd/server/setup.go:200.2,201.16 2 0
github.com/sparkle/gateway/cmd/server/setup.go:201.16,202.26 1 0
github.com/sparkle/gateway/cmd/server/setup.go:202.26,204.4 1 0
github.com/sparkle/gateway/cmd/server/setup.go:205.3,206.28 2 0
github.com/sparkle/gateway/cmd/server/setup.go:209.2,209.56 1 0
github.com/sparkle/gateway/cmd/server/setup.go:212.243,247.16 18 0
github.com/sparkle/gateway/cmd/server/setup.go:247.16,249.3 1 0
github.com/sparkle/gateway/cmd/server/setup.go:250.2,272.8 3 0
github.com/sparkle/gateway/cmd/server/setup.go:275.156,289.86 12 0
github.com/sparkle/gateway/cmd/server/setup.go:289.86,291.3 1 0
github.com/sparkle/gateway/cmd/server/setup.go:292.2,293.81 2 0
github.com/sparkle/gateway/cmd/server/setup.go:293.81,295.3 1 0
github.com/sparkle/gateway/cmd/server/setup.go:296.2,297.83 2 0
github.com/sparkle/gateway/cmd/server/setup.go:297.83,299.3 1 0
github.com/sparkle/gateway/cmd/server/setup.go:301.2,311.12 9 0
github.com/sparkle/gateway/cmd/server/setup.go:311.12,312.71 1 0
github.com/sparkle/gateway/cmd/server/setup.go:312.71,314.4 1 0
github.com/sparkle/gateway/cmd/server/setup.go:317.2,318.12 2 0
github.com/sparkle/gateway/cmd/server/setup.go:318.12,319.58 1 0
github.com/sparkle/gateway/cmd/server/setup.go:319.58,321.4 1 0
github.com/sparkle/gateway/cmd/server/setup.go:324.2,324.27 1 0
github.com/sparkle/gateway/cmd/server/setup.go:324.27,326.17 2 0
github.com/sparkle/gateway/cmd/server/setup.go:326.17,328.4 1 0
github.com/sparkle/gateway/cmd/server/setup.go:328.9,330.4 1 0
github.com/sparkle/gateway/cmd/server/setup.go:331.8,333.3 1 0
github.com/sparkle/gateway/cmd/server/setup.go:335.2,345.30 1 0
github.com/sparkle/gateway/cmd/server/setup.go:345.30,346.68 1 0
github.com/sparkle/gateway/cmd/server/setup.go:346.68,348.5 1 0
github.com/sparkle/gateway/cmd/server/setup.go:350.28,351.66 1 0
github.com/sparkle/gateway/cmd/server/setup.go:351.66,353.5 1 0
github.com/sparkle/gateway/cmd/server/setup.go:355.25,356.63 1 0
github.com/sparkle/gateway/cmd/server/setup.go:356.63,358.5 1 0
github.com/sparkle/gateway/cmd/server/setup.go:363.58,368.12 4 0
github.com/sparkle/gateway/cmd/server/setup.go:368.12,369.71 1 0
github.com/sparkle/gateway/cmd/server/setup.go:369.71,371.4 1 0
github.com/sparkle/gateway/cmd/server/setup.go:373.2,373.12 1 0
github.com/sparkle/gateway/cmd/server/setup.go:373.12,374.71 1 0
github.com/sparkle/gateway/cmd/server/setup.go:374.71,376.4 1 0
github.com/sparkle/gateway/cmd/server/setup.go:378.2,378.12 1 0
github.com/sparkle/gateway/cmd/server/setup.go:378.12,379.73 1 0
github.com/sparkle/gateway/cmd/server/setup.go:379.73,381.4 1 0
github.com/sparkle/gateway/cmd/server/setup.go:385.228,389.33 2 0
github.com/sparkle/gateway/cmd/server/setup.go:389.33,390.65 1 0
github.com/sparkle/gateway/cmd/server/setup.go:390.65,392.4 1 0
github.com/sparkle/gateway/cmd/server/setup.go:393.8,393.31 1 0
github.com/sparkle/gateway/cmd/server/setup.go:393.31,396.3 1 0
github.com/sparkle/gateway/cmd/server/setup.go:397.2,402.21 6 0
github.com/sparkle/gateway/cmd/server/setup.go:402.21,404.3 1 0
github.com/sparkle/gateway/cmd/server/setup.go:405.2,406.44 2 0
github.com/sparkle/gateway/cmd/server/setup.go:406.44,408.3 1 0
github.com/sparkle/gateway/cmd/server/setup.go:409.2,429.35 13 0
github.com/sparkle/gateway/cmd/server/setup.go:429.35,431.3 1 0
github.com/sparkle/gateway/cmd/server/setup.go:434.2,443.2 5 0
github.com/sparkle/gateway/cmd/server/setup.go:443.2,444.43 1 0
github.com/sparkle/gateway/cmd/server/setup.go:444.43,450.4 1 0
github.com/sparkle/gateway/cmd/server/setup.go:451.3,451.48 1 0
github.com/sparkle/gateway/cmd/server/setup.go:451.48,453.18 2 0
github.com/sparkle/gateway/cmd/server/setup.go:453.18,459.5 2 0
github.com/sparkle/gateway/cmd/server/setup.go:461.4,477.6 4 0
github.com/sparkle/gateway/cmd/server/setup.go:480.3,502.62 12 0
github.com/sparkle/gateway/cmd/server/setup.go:505.2,511.2 2 0
github.com/sparkle/gateway/cmd/server/setup.go:511.2,516.3 3 0
github.com/sparkle/gateway/cmd/server/setup.go:518.2,522.2 3 0
github.com/sparkle/gateway/cmd/server/setup.go:522.2,530.55 7 0
github.com/sparkle/gateway/cmd/server/setup.go:530.55,532.18 2 0
github.com/sparkle/gateway/cmd/server/setup.go:532.18,535.5 2 0
github.com/sparkle/gateway/cmd/server/setup.go:536.4,536.38 1 0
github.com/sparkle/gateway/cmd/server/setup.go:539.3,539.61 1 0
github.com/sparkle/gateway/cmd/server/setup.go:539.61,542.18 3 0
github.com/sparkle/gateway/cmd/server/setup.go:542.18,545.5 2 0
github.com/sparkle/gateway/cmd/server/setup.go:546.4,546.31 1 0
github.com/sparkle/gateway/cmd/server/setup.go:549.3,549.68 1 0
github.com/sparkle/gateway/cmd/server/setup.go:549.68,551.92 2 0
github.com/sparkle/gateway/cmd/server/setup.go:551.92,554.5 2 0
github.com/sparkle/gateway/cmd/server/setup.go:555.4,555.55 1 0
github.com/sparkle/gateway/cmd/server/setup.go:558.3,558.68 1 0
github.com/sparkle/gateway/cmd/server/setup.go:558.68,560.92 2 0
github.com/sparkle/gateway/cmd/server/setup.go:560.92,563.5 2 0
github.com/sparkle/gateway/cmd/server/setup.go:564.4,564.52 1 0
github.com/sparkle/gateway/cmd/server/setup.go:567.3,567.69 1 0
github.com/sparkle/gateway/cmd/server/setup.go:567.69,569.93 2 0
github.com/sparkle/gateway/cmd/server/setup.go:569.93,572.5 2 0
github.com/sparkle/gateway/cmd/server/setup.go:573.4,573.53 1 0
github.com/sparkle/gateway/cmd/server/setup.go:576.3,576.65 1 0
github.com/sparkle/gateway/cmd/server/setup.go:576.65,579.18 3 0
github.com/sparkle/gateway/cmd/server/setup.go:579.18,582.5 2 0
github.com/sparkle/gateway/cmd/server/setup.go:583.4,583.48 1 0
github.com/sparkle/gateway/cmd/server/setup.go:586.3,586.70 1 0
github.com/sparkle/gateway/cmd/server/setup.go:586.70,590.16 3 0
github.com/sparkle/gateway/cmd/server/setup.go:591.32,592.44 1 0
github.com/sparkle/gateway/cmd/server/setup.go:593.27,594.44 1 0
github.com/sparkle/gateway/cmd/server/setup.go:595.29,596.53 1 0
github.com/sparkle/gateway/cmd/server/setup.go:597.12,599.11 2 0
github.com/sparkle/gateway/cmd/server/setup.go:602.4,602.14 1 0
github.com/sparkle/gateway/cmd/server/setup.go:602.14,606.19 4 0
github.com/sparkle/gateway/cmd/server/setup.go:606.19,608.6 1 0
github.com/sparkle/gateway/cmd/server/setup.go:608.11,615.6 1 0
github.com/sparkle/gateway/cmd/server/setup.go:618.4,621.6 1 0
github.com/sparkle/gateway/cmd/server/setup.go:624.3,624.79 1 0
github.com/sparkle/gateway/cmd/server/setup.go:624.79,628.16 3 0
github.com/sparkle/gateway/cmd/server/setup.go:629.32,630.44 1 0
github.com/sparkle/gateway/cmd/server/setup.go:631.27,632.44 1 0
github.com/sparkle/gateway/cmd/server/setup.go:633.29,634.53 1 0
github.com/sparkle/gateway/cmd/server/setup.go:635.12,637.11 2 0
github.com/sparkle/gateway/cmd/server/setup.go:640.4,640.14 1 0
github.com/sparkle/gateway/cmd/server/setup.go:640.14,644.19 4 0
github.com/sparkle/gateway/cmd/server/setup.go:644.19,646.6 1 0
github.com/sparkle/gateway/cmd/server/setup.go:646.11,653.6 1 0
github.com/sparkle/gateway/cmd/server/setup.go:656.4,659.6 1 0
github.com/sparkle/gateway/cmd/server/setup.go:662.3,662.71 1 0
github.com/sparkle/gateway/cmd/server/setup.go:662.71,665.18 3 0
github.com/sparkle/gateway/cmd/server/setup.go:665.18,668.5 2 0
github.com/sparkle/gateway/cmd/server/setup.go:670.4,677.105 2 0
github.com/sparkle/gateway/cmd/server/setup.go:677.105,680.5 2 0
github.com/sparkle/gateway/cmd/server/setup.go:682.4,685.6 1 0
github.com/sparkle/gateway/cmd/server/setup.go:688.3,688.53 1 0
github.com/sparkle/gateway/cmd/server/setup.go:688.53,690.18 2 0
github.com/sparkle/gateway/cmd/server/setup.go:690.18,693.5 2 0
github.com/sparkle/gateway/cmd/server/setup.go:694.4,694.32 1 0
github.com/sparkle/gateway/cmd/server/setup.go:697.3,697.56 1 0
github.com/sparkle/gateway/cmd/server/setup.go:697.56,699.18 2 0
github.com/sparkle/gateway/cmd/server/setup.go:699.18,702.5 2 0
github.com/sparkle/gateway/cmd/server/setup.go:703.4,706.6 1 0
github.com/sparkle/gateway/cmd/server/setup.go:709.3,709.66 1 0
github.com/sparkle/gateway/cmd/server/setup.go:709.66,711.85 2 0
github.com/sparkle/gateway/cmd/server/setup.go:711.85,714.5 2 0
github.com/sparkle/gateway/cmd/server/setup.go:715.4,718.6 1 0
github.com/sparkle/gateway/cmd/server/setup.go:721.3,721.62 1 0
github.com/sparkle/gateway/cmd/server/setup.go:721.62,723.86 2 0
github.com/sparkle/gateway/cmd/server/setup.go:723.86,726.5 2 0
github.com/sparkle/gateway/cmd/server/setup.go:727.4,730.6 1 0
github.com/sparkle/gateway/cmd/server/setup.go:733.3,733.56 1 0
github.com/sparkle/gateway/cmd/server/setup.go:733.56,735.18 2 0
github.com/sparkle/gateway/cmd/server/setup.go:735.18,738.5 2 0
github.com/sparkle/gateway/cmd/server/setup.go:739.4,741.6 1 0
github.com/sparkle/gateway/cmd/server/setup.go:746.2,746.33 1 0
github.com/sparkle/gateway/cmd/server/setup.go:746.33,756.35 4 0
github.com/sparkle/gateway/cmd/server/setup.go:756.35,758.21 2 0
github.com/sparkle/gateway/cmd/server/setup.go:758.21,760.5 1 0
github.com/sparkle/gateway/cmd/server/setup.go:762.4,762.37 1 0
github.com/sparkle/gateway/cmd/server/setup.go:762.37,764.22 2 0
github.com/sparkle/gateway/cmd/server/setup.go:764.22,766.6 1 0
github.com/sparkle/gateway/cmd/server/setup.go:768.4,774.10 3 0
github.com/sparkle/gateway/cmd/server/setup.go:777.3,777.65 1 0
github.com/sparkle/gateway/cmd/server/setup.go:780.2,780.10 1 0
github.com/sparkle/gateway/cmd/server/setup.go:783.47,799.44 2 1
github.com/sparkle/gateway/cmd/server/setup.go:799.44,800.38 1 1
github.com/sparkle/gateway/cmd/server/setup.go:800.38,802.4 1 1
github.com/sparkle/gateway/cmd/server/setup.go:804.2,804.14 1 1
github.com/sparkle/gateway/cmd/server/setup.go:809.48,814.36 2 0
github.com/sparkle/gateway/cmd/server/setup.go:814.36,815.38 1 0
github.com/sparkle/gateway/cmd/server/setup.go:815.38,817.4 1 0
github.com/sparkle/gateway/cmd/server/setup.go:819.2,819.14 1 0
github.com/sparkle/gateway/cmd/server/setup.go:822.79,824.22 2 0
github.com/sparkle/gateway/cmd/server/setup.go:824.22,826.3 1 0
github.com/sparkle/gateway/cmd/server/setup.go:827.2,836.16 4 0
github.com/sparkle/gateway/cmd/server/setup.go:836.16,838.3 1 0
github.com/sparkle/gateway/cmd/server/setup.go:840.2,845.43 3 0
github.com/sparkle/gateway/cmd/server/setup.go:845.43,851.72 4 0
github.com/sparkle/gateway/cmd/server/setup.go:851.72,853.19 2 0
github.com/sparkle/gateway/cmd/server/setup.go:853.19,855.5 1 0
github.com/sparkle/gateway/cmd/server/setup.go:855.10,857.5 1 0
github.com/sparkle/gateway/cmd/server/setup.go:859.3,859.48 1 0
github.com/sparkle/gateway/cmd/server/setup.go:859.48,861.4 1 0
github.com/sparkle/gateway/cmd/server/setup.go:862.3,862.47 1 0
github.com/sparkle/gateway/cmd/server/setup.go:862.47,864.4 1 0
github.com/sparkle/gateway/cmd/server/setup.go:866.3,866.91 1 0
github.com/sparkle/gateway/cmd/server/setup.go:869.2,890.8 4 0
github.com/sparkle/gateway/gen/sparkle/signals/v1/signals.pb.go:36.35,41.2 4 0
github.com/sparkle/gateway/gen/sparkle/signals/v1/signals.pb.go:43.43,45.2 1 0
github.com/sparkle/gateway/gen/sparkle/signals/v1/signals.pb.go:47.41,47.42 0 0
github.com/sparkle/gateway/gen/sparkle/signals/v1/signals.pb.go:49.63,51.14 2 0
github.com/sparkle/gateway/gen/sparkle/signals/v1/signals.pb.go:51.14,53.34 2 0
github.com/sparkle/gateway/gen/sparkle/signals/v1/signals.pb.go:53.34,55.4 1 0
github.com/sparkle/gateway/gen/sparkle/signals/v1/signals.pb.go:56.3,56.12 1 0
github.com/sparkle/gateway/gen/sparkle/signals/v1/signals.pb.go:58.2,58.24 1 0
github.com/sparkle/gateway/gen/sparkle/signals/v1/signals.pb.go:62.54,64.2 1 0
github.com/sparkle/gateway/gen/sparkle/signals/v1/signals.pb.go:66.42,67.14 1 0
github.com/sparkle/gateway/gen/sparkle/signals/v1/signals.pb.go:67.14,69.3 1 0
github.com/sparkle/gateway/gen/sparkle/signals/v1/signals.pb.go:70.2,70.11 1 0
github.com/sparkle/gateway/gen/sparkle/signals/v1/signals.pb.go:73.44,74.14 1 0
github.com/sparkle/gateway/gen/sparkle/signals/v1/signals.pb.go:74.14,76.3 1 0
github.com/sparkle/gateway/gen/sparkle/signals/v1/signals.pb.go:77.2,77.11 1 0
github.com/sparkle/gateway/gen/sparkle/signals/v1/signals.pb.go:80.47,81.14 1 0
github.com/sparkle/gateway/gen/sparkle/signals/v1/signals.pb.go:81.14,83.3 1 0
github.com/sparkle/gateway/gen/sparkle/signals/v1/signals.pb.go:84.2,84.11 1 0
github.com/sparkle/gateway/gen/sparkle/signals/v1/signals.pb.go:87.51,88.14 1 0
github.com/sparkle/gateway/gen/sparkle/signals/v1/signals.pb.go:88.14,90.3 1 0
github.com/sparkle/gateway/gen/sparkle/signals/v1/signals.pb.go:91.2,91.11 1 0
github.com/sparkle/gateway/gen/sparkle/signals/v1/signals.pb.go:94.49,95.14 1 0
github.com/sparkle/gateway/gen/sparkle/signals/v1/signals.pb.go:95.14,97.3 1 0
github.com/sparkle/gateway/gen/sparkle/signals/v1/signals.pb.go:98.2,98.10 1 0
github.com/sparkle/gateway/gen/sparkle/signals/v1/signals.pb.go:101.59,102.14 1 0
github.com/sparkle/gateway/gen/sparkle/signals/v1/signals.pb.go:102.14,104.3 1 0
github.com/sparkle/gateway/gen/sparkle/signals/v1/signals.pb.go:105.2,105.12 1 0
github.com/sparkle/gateway/gen/sparkle/signals/v1/signals.pb.go:121.43,126.2 4 0
github.com/sparkle/gateway/gen/sparkle/signals/v1/signals.pb.go:128.51,130.2 1 0
github.com/sparkle/gateway/gen/sparkle/signals/v1/signals.pb.go:132.49,132.50 0 0
github.com/sparkle/gateway/gen/sparkle/signals/v1/signals.pb.go:134.71,136.14 2 0
github.com/sparkle/gateway/gen/sparkle/signals/v1/signals.pb.go:136.14,138.34 2 0
github.com/sparkle/gateway/gen/sparkle/signals/v1/signals.pb.go:138.34,140.4 1 0
github.com/sparkle/gateway/gen/sparkle/signals/v1/signals.pb.go:141.3,141.12 1 0
github.com/sparkle/gateway/gen/sparkle/signals/v1/signals.pb.go:143.2,143.24 1 0
github.com/sparkle/gateway/gen/sparkle/signals/v1/signals.pb.go:147.62,149.2 1 0
github.com/sparkle/gateway/gen/sparkle/signals/v1/signals.pb.go:151.57,152.14 1 0
github.com/sparkle/gateway/gen/sparkle/signals/v1/signals.pb.go:152.14,154.3 1 0
github.com/sparkle/gateway/gen/sparkle/signals/v1/signals.pb.go:155.2,155.11 1 0
github.com/sparkle/gateway/gen/sparkle/signals/v1/signals.pb.go:158.55,159.14 1 0
github.com/sparkle/gateway/gen/sparkle/signals/v1/signals.pb.go:159.14,161.3 1 0
github.com/sparkle/gateway/gen/sparkle/signals/v1/signals.pb.go:162.2,162.11 1 0
github.com/sparkle/gateway/gen/sparkle/signals/v1/signals.pb.go:165.54,166.14 1 0
github.com/sparkle/gateway/gen/sparkle/signals/v1/signals.pb.go:166.14,168.3 1 0
github.com/sparkle/gateway/gen/sparkle/signals/v1/signals.pb.go:169.2,169.11 1 0
github.com/sparkle/gateway/gen/sparkle/signals/v1/signals.pb.go:172.61,173.14 1 0
github.com/sparkle/gateway/gen/sparkle/signals/v1/signals.pb.go:173.14,175.3 1 0
github.com/sparkle/gateway/gen/sparkle/signals/v1/signals.pb.go:176.2,176.11 1 0
github.com/sparkle/gateway/gen/sparkle/signals/v1/signals.pb.go:179.62,180.14 1 0
github.com/sparkle/gateway/gen/sparkle/signals/v1/signals.pb.go:180.14,182.3 1 0
github.com/sparkle/gateway/gen/sparkle/signals/v1/signals.pb.go:183.2,183.11 1 0
github.com/sparkle/gateway/gen/sparkle/signals/v1/signals.pb.go:186.70,187.14 1 0
github.com/sparkle/gateway/gen/sparkle/signals/v1/signals.pb.go:187.14,189.3 1 0
github.com/sparkle/gateway/gen/sparkle/signals/v1/signals.pb.go:190.2,190.12 1 0
github.com/sparkle/gateway/gen/sparkle/signals/v1/signals.pb.go:193.67,194.14 1 0
github.com/sparkle/gateway/gen/sparkle/signals/v1/signals.pb.go:194.14,196.3 1 0
github.com/sparkle/gateway/gen/sparkle/signals/v1/signals.pb.go:197.2,197.12 1 0
github.com/sparkle/gateway/gen/sparkle/signals/v1/signals.pb.go:214.35,219.2 4 0
github.com/sparkle/gateway/gen/sparkle/signals/v1/signals.pb.go:221.43,223.2 1 0
github.com/sparkle/gateway/gen/sparkle/signals/v1/signals.pb.go:225.41,225.42 0 0
github.com/sparkle/gateway/gen/sparkle/signals/v1/signals.pb.go:227.63,229.14 2 0
github.com/sparkle/gateway/gen/sparkle/signals/v1/signals.pb.go:229.14,231.34 2 0
github.com/sparkle/gateway/gen/sparkle/signals/v1/signals.pb.go:231.34,233.4 1 0
github.com/sparkle/gateway/gen/sparkle/signals/v1/signals.pb.go:234.3,234.12 1 0
github.com/sparkle/gateway/gen/sparkle/signals/v1/signals.pb.go:236.2,236.24 1 0
github.com/sparkle/gateway/gen/sparkle/signals/v1/signals.pb.go:240.54,242.2 1 0
github.com/sparkle/gateway/gen/sparkle/signals/v1/signals.pb.go:244.54,245.14 1 0
github.com/sparkle/gateway/gen/sparkle/signals/v1/signals.pb.go:245.14,247.3 1 0
github.com/sparkle/gateway/gen/sparkle/signals/v1/signals.pb.go:248.2,248.11 1 0
github.com/sparkle/gateway/gen/sparkle/signals/v1/signals.pb.go:251.46,252.14 1 0
github.com/sparkle/gateway/gen/sparkle/signals/v1/signals.pb.go:252.14,254.3 1 0
github.com/sparkle/gateway/gen/sparkle/signals/v1/signals.pb.go:255.2,255.11 1 0
github.com/sparkle/gateway/gen/sparkle/signals/v1/signals.pb.go:258.52,259.14 1 0
github.com/sparkle/gateway/gen/sparkle/signals/v1/signals.pb.go:259.14,261.3 1 0
github.com/sparkle/gateway/gen/sparkle/signals/v1/signals.pb.go:262.2,262.12 1 0
github.com/sparkle/gateway/gen/sparkle/signals/v1/signals.pb.go:265.68,266.14 1 0
github.com/sparkle/gateway/gen/sparkle/signals/v1/signals.pb.go:266.14,268.3 1 0
github.com/sparkle/gateway/gen/sparkle/signals/v1/signals.pb.go:269.2,269.12 1 0
github.com/sparkle/gateway/gen/sparkle/signals/v1/signals.pb.go:272.50,273.14 1 0
github.com/sparkle/gateway/gen/sparkle/signals/v1/signals.pb.go:273.14,275.3 1 0
github.com/sparkle/gateway/gen/sparkle/signals/v1/signals.pb.go:276.2,276.12 1 0
github.com/sparkle/gateway/gen/sparkle/signals/v1/signals.pb.go:279.56,280.14 1 0
github.com/sparkle/gateway/gen/sparkle/signals/v1/signals.pb.go:280.14,282.3 1 0
github.com/sparkle/gateway/gen/sparkle/signals/v1/signals.pb.go:283.2,283.12 1 0
github.com/sparkle/gateway/gen/sparkle/signals/v1/signals.pb.go:286.49,287.14 1 0
github.com/sparkle/gateway/gen/sparkle/signals/v1/signals.pb.go:287.14,289.3 1 0
github.com/sparkle/gateway/gen/sparkle/signals/v1/signals.pb.go:290.2,290.14 1 0
github.com/sparkle/gateway/gen/sparkle/signals/v1/signals.pb.go:303.32,308.2 4 0
github.com/sparkle/gateway/gen/sparkle/signals/v1/signals.pb.go:310.40,312.2 1 0
github.com/sparkle/gateway/gen/sparkle/signals/v1/signals.pb.go:314.38,314.39 0 0
github.com/sparkle/gateway/gen/sparkle/signals/v1/signals.pb.go:316.60,318.14 2 0
github.com/sparkle/gateway/gen/sparkle/signals/v1/signals.pb.go:318.14,320.34 2 0
github.com/sparkle/gateway/gen/sparkle/signals/v1/signals.pb.go:320.34,322.4 1 0
github.com/sparkle/gateway/gen/sparkle/signals/v1/signals.pb.go:323.3,323.12 1 0
github.com/sparkle/gateway/gen/sparkle/signals/v1/signals.pb.go:325.2,325.24 1 0
github.com/sparkle/gateway/gen/sparkle/signals/v1/signals.pb.go:329.51,331.2 1 0
github.com/sparkle/gateway/gen/sparkle/signals/v1/signals.pb.go:333.46,334.14 1 0
github.com/sparkle/gateway/gen/sparkle/signals/v1/signals.pb.go:334.14,336.3 1 0
github.com/sparkle/gateway/gen/sparkle/signals/v1/signals.pb.go:337.2,337.10 1 0
github.com/sparkle/gateway/gen/sparkle/signals/v1/signals.pb.go:340.45,341.14 1 0
github.com/sparkle/gateway/gen/sparkle/signals/v1/signals.pb.go:341.14,343.3 1 0
github.com/sparkle/gateway/gen/sparkle/signals/v1/signals.pb.go:344.2,344.10 1 0
github.com/sparkle/gateway/gen/sparkle/signals/v1/signals.pb.go:347.49,348.14 1 0
github.com/sparkle/gateway/gen/sparkle/signals/v1/signals.pb.go:348.14,350.3 1 0
github.com/sparkle/gateway/gen/sparkle/signals/v1/signals.pb.go:351.2,351.10 1 0
github.com/sparkle/gateway/gen/sparkle/signals/v1/signals.pb.go:354.48,355.14 1 0
github.com/sparkle/gateway/gen/sparkle/signals/v1/signals.pb.go:355.14,357.3 1 0
github.com/sparkle/gateway/gen/sparkle/signals/v1/signals.pb.go:358.2,358.10 1 0
github.com/sparkle/gateway/gen/sparkle/signals/v1/signals.pb.go:370.40,375.2 4 0
github.com/sparkle/gateway/gen/sparkle/signals/v1/signals.pb.go:377.48,379.2 1 0
github.com/sparkle/gateway/gen/sparkle/signals/v1/signals.pb.go:381.46,381.47 0 0
github.com/sparkle/gateway/gen/sparkle/signals/v1/signals.pb.go:383.68,385.14 2 0
github.com/sparkle/gateway/gen/sparkle/signals/v1/signals.pb.go:385.14,387.34 2 0
github.com/sparkle/gateway/gen/sparkle/signals/v1/signals.pb.go:387.34,389.4 1 0
github.com/sparkle/gateway/gen/sparkle/signals/v1/signals.pb.go:390.3,390.12 1 0
github.com/sparkle/gateway/gen/sparkle/signals/v1/signals.pb.go:392.2,392.24 1 0
github.com/sparkle/gateway/gen/sparkle/signals/v1/signals.pb.go:396.59,398.2 1 0
github.com/sparkle/gateway/gen/sparkle/signals/v1/signals.pb.go:400.63,401.14 1 0
github.com/sparkle/gateway/gen/sparkle/signals/v1/signals.pb.go:401.14,403.3 1 0
github.com/sparkle/gateway/gen/sparkle/signals/v1/signals.pb.go:404.2,404.10 1 0
github.com/sparkle/gateway/gen/sparkle/signals/v1/signals.pb.go:407.67,408.14 1 0
github.com/sparkle/gateway/gen/sparkle/signals/v1/signals.pb.go:408.14,410.3 1 0
github.com/sparkle/gateway/gen/sparkle/signals/v1/signals.pb.go:411.2,411.11 1 0
github.com/sparkle/gateway/gen/sparkle/signals/v1/signals.pb.go:414.61,415.14 1 0
github.com/sparkle/gateway/gen/sparkle/signals/v1/signals.pb.go:415.14,417.3 1 0
github.com/sparkle/gateway/gen/sparkle/signals/v1/signals.pb.go:418.2,418.10 1 0
github.com/sparkle/gateway/gen/sparkle/signals/v1/signals.pb.go:429.31,434.2 4 0
github.com/sparkle/gateway/gen/sparkle/signals/v1/signals.pb.go:436.39,438.2 1 0
github.com/sparkle/gateway/gen/sparkle/signals/v1/signals.pb.go:440.37,440.38 0 0
github.com/sparkle/gateway/gen/sparkle/signals/v1/signals.pb.go:442.59,444.14 2 0
github.com/sparkle/gateway/gen/sparkle/signals/v1/signals.pb.go:444.14,446.34 2 0
github.com/sparkle/gateway/gen/sparkle/signals/v1/signals.pb.go:446.34,448.4 1 0
github.com/sparkle/gateway/gen/sparkle/signals/v1/signals.pb.go:449.3,449.12 1 0
github.com/sparkle/gateway/gen/sparkle/signals/v1/signals.pb.go:451.2,451.24 1 0
github.com/sparkle/gateway/gen/sparkle/signals/v1/signals.pb.go:455.50,457.2 1 0
github.com/sparkle/gateway/gen/sparkle/signals/v1/signals.pb.go:459.44,460.14 1 0
github.com/sparkle/gateway/gen/sparkle/signals/v1/signals.pb.go:460.14,462.3 1 0
github.com/sparkle/gateway/gen/sparkle/signals/v1/signals.pb.go:463.2,463.10 1 0
github.com/sparkle/gateway/gen/sparkle/signals/v1/signals.pb.go:466.45,467.14 1 0
github.com/sparkle/gateway/gen/sparkle/signals/v1/signals.pb.go:467.14,469.3 1 0
github.com/sparkle/gateway/gen/sparkle/signals/v1/signals.pb.go:470.2,470.11 1 0
github.com/sparkle/gateway/gen/sparkle/signals/v1/signals.pb.go:481.34,486.2 4 0
github.com/sparkle/gateway/gen/sparkle/signals/v1/signals.pb.go:488.42,490.2 1 0
github.com/sparkle/gateway/gen/sparkle/signals/v1/signals.pb.go:492.40,492.41 0 0
github.com/sparkle/gateway/gen/sparkle/signals/v1/signals.pb.go:494.62,496.14 2 0
github.com/sparkle/gateway/gen/sparkle/signals/v1/signals.pb.go:496.14,498.34 2 0
github.com/sparkle/gateway/gen/sparkle/signals/v1/signals.pb.go:498.34,500.4 1 0
github.com/sparkle/gateway/gen/sparkle/signals/v1/signals.pb.go:501.3,501.12 1 0
github.com/sparkle/gateway/gen/sparkle/signals/v1/signals.pb.go:503.2,503.24 1 0
github.com/sparkle/gateway/gen/sparkle/signals/v1/signals.pb.go:507.53,509.2 1 0
github.com/sparkle/gateway/gen/sparkle/signals/v1/signals.pb.go:511.47,512.14 1 0
github.com/sparkle/gateway/gen/sparkle/signals/v1/signals.pb.go:512.14,514.3 1 0
github.com/sparkle/gateway/gen/sparkle/signals/v1/signals.pb.go:515.2,515.11 1 0
github.com/sparkle/gateway/gen/sparkle/signals/v1/signals.pb.go:518.45,519.14 1 0
github.com/sparkle/gateway/gen/sparkle/signals/v1/signals.pb.go:519.14,521.3 1 0
github.com/sparkle/gateway/gen/sparkle/signals/v1/signals.pb.go:522.2,522.11 1 0
github.com/sparkle/gateway/gen/sparkle/signals/v1/signals.pb.go:537.40,542.2 4 0
github.com/sparkle/gateway/gen/sparkle/signals/v1/signals.pb.go:544.48,546.2 1 0
github.com/sparkle/gateway/gen/sparkle/signals/v1/signals.pb.go:548.46,548.47 0 0
github.com/sparkle/gateway/gen/sparkle/signals/v1/signals.pb.go:550.68,552.14 2 0
github.com/sparkle/gateway/gen/sparkle/signals/v1/signals.pb.go:552.14,554.34 2 0
github.com/sparkle/gateway/gen/sparkle/signals/v1/signals.pb.go:554.34,556.4 1 0
github.com/sparkle/gateway/gen/sparkle/signals/v1/signals.pb.go:557.3,557.12 1 0
github.com/sparkle/gateway/gen/sparkle/signals/v1/signals.pb.go:559.2,559.24 1 0
github.com/sparkle/gateway/gen/sparkle/signals/v1/signals.pb.go:563.59,565.2 1 0
github.com/sparkle/gateway/gen/sparkle/signals/v1/signals.pb.go:567.52,568.14 1 0
github.com/sparkle/gateway/gen/sparkle/signals/v1/signals.pb.go:568.14,570.3 1 0
github.com/sparkle/gateway/gen/sparkle/signals/v1/signals.pb.go:571.2,571.11 1 0
github.com/sparkle/gateway/gen/sparkle/signals/v1/signals.pb.go:574.60,575.14 1 0
github.com/sparkle/gateway/gen/sparkle/signals/v1/signals.pb.go:575.14,577.3 1 0
github.com/sparkle/gateway/gen/sparkle/signals/v1/signals.pb.go:578.2,578.12 1 0
github.com/sparkle/gateway/gen/sparkle/signals/v1/signals.pb.go:581.69,582.14 1 0
github.com/sparkle/gateway/gen/sparkle/signals/v1/signals.pb.go:582.14,584.3 1 0
github.com/sparkle/gateway/gen/sparkle/signals/v1/signals.pb.go:585.2,585.12 1 0
github.com/sparkle/gateway/gen/sparkle/signals/v1/signals.pb.go:588.57,589.14 1 0
github.com/sparkle/gateway/gen/sparkle/signals/v1/signals.pb.go:589.14,591.3 1 0
github.com/sparkle/gateway/gen/sparkle/signals/v1/signals.pb.go:592.2,592.12 1 0
github.com/sparkle/gateway/gen/sparkle/signals/v1/signals.pb.go:595.52,596.14 1 0
github.com/sparkle/gateway/gen/sparkle/signals/v1/signals.pb.go:596.14,598.3 1 0
github.com/sparkle/gateway/gen/sparkle/signals/v1/signals.pb.go:599.2,599.12 1 0
github.com/sparkle/gateway/gen/sparkle/signals/v1/signals.pb.go:610.34,615.2 4 0
github.com/sparkle/gateway/gen/sparkle/signals/v1/signals.pb.go:617.42,619.2 1 0
github.com/sparkle/gateway/gen/sparkle/signals/v1/signals.pb.go:621.40,621.41 0 0
github.com/sparkle/gateway/gen/sparkle/signals/v1/signals.pb.go:623.62,625.14 2 0
github.com/sparkle/gateway/gen/sparkle/signals/v1/signals.pb.go:625.14,627.34 2 0
github.com/sparkle/gateway/gen/sparkle/signals/v1/signals.pb.go:627.34,629.4 1 0
github.com/sparkle/gateway/gen/sparkle/signals/v1/signals.pb.go:630.3,630.12 1 0
github.com/sparkle/gateway/gen/sparkle/signals/v1/signals.pb.go:632.2,632.24 1 0
github.com/sparkle/gateway/gen/sparkle/signals/v1/signals.pb.go:636.53,638.2 1 0
github.com/sparkle/gateway/gen/sparkle/signals/v1/signals.pb.go:640.54,641.14 1 0
github.com/sparkle/gateway/gen/sparkle/signals/v1/signals.pb.go:641.14,643.3 1 0
github.com/sparkle/gateway/gen/sparkle/signals/v1/signals.pb.go:644.2,644.14 1 0
github.com/sparkle/gateway/gen/sparkle/signals/v1/signals.pb.go:647.59,648.14 1 0
github.com/sparkle/gateway/gen/sparkle/signals/v1/signals.pb.go:648.14,650.3 1 0
github.com/sparkle/gateway/gen/sparkle/signals/v1/signals.pb.go:651.2,651.10 1 0
github.com/sparkle/gateway/gen/sparkle/signals/v1/signals.pb.go:662.41,667.2 4 0
github.com/sparkle/gateway/gen/sparkle/signals/v1/signals.pb.go:669.49,671.2 1 0
github.com/sparkle/gateway/gen/sparkle/signals/v1/signals.pb.go:673.47,673.48 0 0
github.com/sparkle/gateway/gen/sparkle/signals/v1/signals.pb.go:675.69,677.14 2 0
github.com/sparkle/gateway/gen/sparkle/signals/v1/signals.pb.go:677.14,679.34 2 0
github.com/sparkle/gateway/gen/sparkle/signals/v1/signals.pb.go:679.34,681.4 1 0
github.com/sparkle/gateway/gen/sparkle/signals/v1/signals.pb.go:682.3,682.12 1 0
github.com/sparkle/gateway/gen/sparkle/signals/v1/signals.pb.go:684.2,684.24 1 0
github.com/sparkle/gateway/gen/sparkle/signals/v1/signals.pb.go:688.60,690.2 1 0
github.com/sparkle/gateway/gen/sparkle/signals/v1/signals.pb.go:692.63,693.14 1 0
github.com/sparkle/gateway/gen/sparkle/signals/v1/signals.pb.go:693.14,695.3 1 0
github.com/sparkle/gateway/gen/sparkle/signals/v1/signals.pb.go:696.2,696.10 1 0
github.com/sparkle/gateway/gen/sparkle/signals/v1/signals.pb.go:699.65,700.14 1 0
github.com/sparkle/gateway/gen/sparkle/signals/v1/signals.pb.go:700.14,702.3 1 0
github.com/sparkle/gateway/gen/sparkle/signals/v1/signals.pb.go:703.2,703.14 1 0
github.com/sparkle/gateway/gen/sparkle/signals/v1/signals.pb.go:714.31,719.2 4 0
github.com/sparkle/gateway/gen/sparkle/signals/v1/signals.pb.go:721.39,723.2 1 0
github.com/sparkle/gateway/gen/sparkle/signals/v1/signals.pb.go:725.37,725.38 0 0
github.com/sparkle/gateway/gen/sparkle/signals/v1/signals.pb.go:727.59,729.14 2 0
github.com/sparkle/gateway/gen/sparkle/signals/v1/signals.pb.go:729.14,731.34 2 0
github.com/sparkle/gateway/gen/sparkle/signals/v1/signals.pb.go:731.34,733.4 1 0
github.com/sparkle/gateway/gen/sparkle/signals/v1/signals.pb.go:734.3,734.12 1 0
github.com/sparkle/gateway/gen/sparkle/signals/v1/signals.pb.go:736.2,736.24 1 0
github.com/sparkle/gateway/gen/sparkle/signals/v1/signals.pb.go:740.50,742.2 1 0
github.com/sparkle/gateway/gen/sparkle/signals/v1/signals.pb.go:744.50,745.14 1 0
github.com/sparkle/gateway/gen/sparkle/signals/v1/signals.pb.go:745.14,747.3 1 0
github.com/sparkle/gateway/gen/sparkle/signals/v1/signals.pb.go:748.2,748.14 1 0
github.com/sparkle/gateway/gen/sparkle/signals/v1/signals.pb.go:751.51,752.14 1 0
github.com/sparkle/gateway/gen/sparkle/signals/v1/signals.pb.go:752.14,754.3 1 0
github.com/sparkle/gateway/gen/sparkle/signals/v1/signals.pb.go:755.2,755.14 1 0
github.com/sparkle/gateway/gen/sparkle/signals/v1/signals.pb.go:766.28,771.2 4 0
github.com/sparkle/gateway/gen/sparkle/signals/v1/signals.pb.go:773.36,775.2 1 0
github.com/sparkle/gateway/gen/sparkle/signals/v1/signals.pb.go:777.34,777.35 0 0
github.com/sparkle/gateway/gen/sparkle/signals/v1/signals.pb.go:779.56,781.14 2 0
github.com/sparkle/gateway/gen/sparkle/signals/v1/signals.pb.go:781.14,783.34 2 0
github.com/sparkle/gateway/gen/sparkle/signals/v1/signals.pb.go:783.34,785.4 1 0
github.com/sparkle/gateway/gen/sparkle/signals/v1/signals.pb.go:786.3,786.12 1 0
github.com/sparkle/gateway/gen/sparkle/signals/v1/signals.pb.go:788.2,788.24 1 0
github.com/sparkle/gateway/gen/sparkle/signals/v1/signals.pb.go:792.47,794.2 1 0
github.com/sparkle/gateway/gen/sparkle/signals/v1/signals.pb.go:796.50,797.14 1 0
github.com/sparkle/gateway/gen/sparkle/signals/v1/signals.pb.go:797.14,799.3 1 0
github.com/sparkle/gateway/gen/sparkle/signals/v1/signals.pb.go:800.2,800.14 1 0
github.com/sparkle/gateway/gen/sparkle/signals/v1/signals.pb.go:803.54,804.14 1 0
github.com/sparkle/gateway/gen/sparkle/signals/v1/signals.pb.go:804.14,806.3 1 0
github.com/sparkle/gateway/gen/sparkle/signals/v1/signals.pb.go:807.2,807.14 1 0
github.com/sparkle/gateway/gen/sparkle/signals/v1/signals.pb.go:819.27,824.2 4 0
github.com/sparkle/gateway/gen/sparkle/signals/v1/signals.pb.go:826.35,828.2 1 0
github.com/sparkle/gateway/gen/sparkle/signals/v1/signals.pb.go:830.33,830.34 0 0
github.com/sparkle/gateway/gen/sparkle/signals/v1/signals.pb.go:832.55,834.14 2 0
github.com/sparkle/gateway/gen/sparkle/signals/v1/signals.pb.go:834.14,836.34 2 0
github.com/sparkle/gateway/gen/sparkle/signals/v1/signals.pb.go:836.34,838.4 1 0
github.com/sparkle/gateway/gen/sparkle/signals/v1/signals.pb.go:839.3,839.12 1 0
github.com/sparkle/gateway/gen/sparkle/signals/v1/signals.pb.go:841.2,841.24 1 0
github.com/sparkle/gateway/gen/sparkle/signals/v1/signals.pb.go:845.46,847.2 1 0
github.com/sparkle/gateway/gen/sparkle/signals/v1/signals.pb.go:849.39,850.14 1 0
github.com/sparkle/gateway/gen/sparkle/signals/v1/signals.pb.go:850.14,852.3 1 0
github.com/sparkle/gateway/gen/sparkle/signals/v1/signals.pb.go:853.2,853.11 1 0
github.com/sparkle/gateway/gen/sparkle/signals/v1/signals.pb.go:856.42,857.14 1 0
github.com/sparkle/gateway/gen/sparkle/signals/v1/signals.pb.go:857.14,859.3 1 0
github.com/sparkle/gateway/gen/sparkle/signals/v1/signals.pb.go:860.2,860.12 1 0
github.com/sparkle/gateway/gen/sparkle/signals/v1/signals.pb.go:873.26,878.2 4 0
github.com/sparkle/gateway/gen/sparkle/signals/v1/signals.pb.go:880.34,882.2 1 0
github.com/sparkle/gateway/gen/sparkle/signals/v1/signals.pb.go:884.32,884.33 0 0
github.com/sparkle/gateway/gen/sparkle/signals/v1/signals.pb.go:886.54,888.14 2 0
github.com/sparkle/gateway/gen/sparkle/signals/v1/signals.pb.go:888.14,890.34 2 0
github.com/sparkle/gateway/gen/sparkle/signals/v1/signals.pb.go:890.34,892.4 1 0
github.com/sparkle/gateway/gen/sparkle/signals/v1/signals.pb.go:893.3,893.12 1 0
github.com/sparkle/gateway/gen/sparkle/signals/v1/signals.pb.go:895.2,895.24 1 0
github.com/sparkle/gateway/gen/sparkle/signals/v1/signals.pb.go:899.45,901.2 1 0
github.com/sparkle/gateway/gen/sparkle/signals/v1/signals.pb.go:903.35,904.14 1 0
github.com/sparkle/gateway/gen/sparkle/signals/v1/signals.pb.go:904.14,906.3 1 0
github.com/sparkle/gateway/gen/sparkle/signals/v1/signals.pb.go:907.2,907.11 1 0
github.com/sparkle/gateway/gen/sparkle/signals/v1/signals.pb.go:910.42,911.14 1 0
github.com/sparkle/gateway/gen/sparkle/signals/v1/signals.pb.go:911.14,913.3 1 0
github.com/sparkle/gateway/gen/sparkle/signals/v1/signals.pb.go:914.2,914.10 1 0
github.com/sparkle/gateway/gen/sparkle/signals/v1/signals.pb.go:917.37,918.14 1 0
github.com/sparkle/gateway/gen/sparkle/signals/v1/signals.pb.go:918.14,920.3 1 0
github.com/sparkle/gateway/gen/sparkle/signals/v1/signals.pb.go:921.2,921.11 1 0
github.com/sparkle/gateway/gen/sparkle/signals/v1/signals.pb.go:924.50,925.14 1 0
github.com/sparkle/gateway/gen/sparkle/signals/v1/signals.pb.go:925.14,927.3 1 0
github.com/sparkle/gateway/gen/sparkle/signals/v1/signals.pb.go:928.2,928.12 1 0
github.com/sparkle/gateway/gen/sparkle/signals/v1/signals.pb.go:946.37,951.2 4 0
github.com/sparkle/gateway/gen/sparkle/signals/v1/signals.pb.go:953.45,955.2 1 0
github.com/sparkle/gateway/gen/sparkle/signals/v1/signals.pb.go:957.43,957.44 0 0
github.com/sparkle/gateway/gen/sparkle/signals/v1/signals.pb.go:959.65,961.14 2 0
github.com/sparkle/gateway/gen/sparkle/signals/v1/signals.pb.go:961.14,963.34 2 0
github.com/sparkle/gateway/gen/sparkle/signals/v1/signals.pb.go:963.34,965.4 1 0
github.com/sparkle/gateway/gen/sparkle/signals/v1/signals.pb.go:966.3,966.12 1 0
github.com/sparkle/gateway/gen/sparkle/signals/v1/signals.pb.go:968.2,968.24 1 0
github.com/sparkle/gateway/gen/sparkle/signals/v1/signals.pb.go:972.56,974.2 1 0
github.com/sparkle/gateway/gen/sparkle/signals/v1/signals.pb.go:976.44,977.14 1 0
github.com/sparkle/gateway/gen/sparkle/signals/v1/signals.pb.go:977.14,979.3 1 0
github.com/sparkle/gateway/gen/sparkle/signals/v1/signals.pb.go:980.2,980.11 1 0
github.com/sparkle/gateway/gen/sparkle/signals/v1/signals.pb.go:983.52,984.14 1 0
github.com/sparkle/gateway/gen/sparkle/signals/v1/signals.pb.go:984.14,986.3 1 0
github.com/sparkle/gateway/gen/sparkle/signals/v1/signals.pb.go:987.2,987.11 1 0
github.com/sparkle/gateway/gen/sparkle/signals/v1/signals.pb.go:990.47,991.14 1 0
github.com/sparkle/gateway/gen/sparkle/signals/v1/signals.pb.go:991.14,993.3 1 0
github.com/sparkle/gateway/gen/sparkle/signals/v1/signals.pb.go:994.2,994.11 1 0
github.com/sparkle/gateway/gen/sparkle/signals/v1/signals.pb.go:997.48,998.14 1 0
github.com/sparkle/gateway/gen/sparkle/signals/v1/signals.pb.go:998.14,1000.3 1 0
github.com/sparkle/gateway/gen/sparkle/signals/v1/signals.pb.go:1001.2,1001.11 1 0
github.com/sparkle/gateway/gen/sparkle/signals/v1/signals.pb.go:1004.53,1005.14 1 0
github.com/sparkle/gateway/gen/sparkle/signals/v1/signals.pb.go:1005.14,1007.3 1 0
github.com/sparkle/gateway/gen/sparkle/signals/v1/signals.pb.go:1008.2,1008.10 1 0
github.com/sparkle/gateway/gen/sparkle/signals/v1/signals.pb.go:1011.52,1012.14 1 0
github.com/sparkle/gateway/gen/sparkle/signals/v1/signals.pb.go:1012.14,1014.3 1 0
github.com/sparkle/gateway/gen/sparkle/signals/v1/signals.pb.go:1015.2,1015.11 1 0
github.com/sparkle/gateway/gen/sparkle/signals/v1/signals.pb.go:1018.53,1019.14 1 0
github.com/sparkle/gateway/gen/sparkle/signals/v1/signals.pb.go:1019.14,1021.3 1 0
github.com/sparkle/gateway/gen/sparkle/signals/v1/signals.pb.go:1022.2,1022.11 1 0
github.com/sparkle/gateway/gen/sparkle/signals/v1/signals.pb.go:1025.61,1026.14 1 0
github.com/sparkle/gateway/gen/sparkle/signals/v1/signals.pb.go:1026.14,1028.3 1 0
github.com/sparkle/gateway/gen/sparkle/signals/v1/signals.pb.go:1029.2,1029.12 1 0
github.com/sparkle/gateway/gen/sparkle/signals/v1/signals.pb.go:1237.65,1238.62 1 0
github.com/sparkle/gateway/gen/sparkle/signals/v1/signals.pb.go:1238.62,1240.3 1 0
github.com/sparkle/gateway/gen/sparkle/signals/v1/signals.pb.go:1241.2,1241.58 1 0
github.com/sparkle/gateway/gen/sparkle/signals/v1/signals.pb.go:1288.13,1288.61 1 0
github.com/sparkle/gateway/gen/sparkle/signals/v1/signals.pb.go:1289.51,1290.50 1 0
github.com/sparkle/gateway/gen/sparkle/signals/v1/signals.pb.go:1290.50,1292.3 1 0
github.com/sparkle/gateway/gen/sparkle/signals/v1/signals.pb.go:1293.2,1309.53 5 0
github.com/sparkle/gateway/gen/sparkle/rag/v1/evidence.pb.go:37.32,42.2 4 0
github.com/sparkle/gateway/gen/sparkle/rag/v1/evidence.pb.go:44.40,46.2 1 0
github.com/sparkle/gateway/gen/sparkle/rag/v1/evidence.pb.go:48.38,48.39 0 0
github.com/sparkle/gateway/gen/sparkle/rag/v1/evidence.pb.go:50.60,52.14 2 0
github.com/sparkle/gateway/gen/sparkle/rag/v1/evidence.pb.go:52.14,54.34 2 0
github.com/sparkle/gateway/gen/sparkle/rag/v1/evidence.pb.go:54.34,56.4 1 0
github.com/sparkle/gateway/gen/sparkle/rag/v1/evidence.pb.go:57.3,57.12 1 0
github.com/sparkle/gateway/gen/sparkle/rag/v1/evidence.pb.go:59.2,59.24 1 0
github.com/sparkle/gateway/gen/sparkle/rag/v1/evidence.pb.go:63.51,65.2 1 0
github.com/sparkle/gateway/gen/sparkle/rag/v1/evidence.pb.go:67.43,68.14 1 0
github.com/sparkle/gateway/gen/sparkle/rag/v1/evidence.pb.go:68.14,70.3 1 0
github.com/sparkle/gateway/gen/sparkle/rag/v1/evidence.pb.go:71.2,71.11 1 0
github.com/sparkle/gateway/gen/sparkle/rag/v1/evidence.pb.go:74.45,75.14 1 0
github.com/sparkle/gateway/gen/sparkle/rag/v1/evidence.pb.go:75.14,77.3 1 0
github.com/sparkle/gateway/gen/sparkle/rag/v1/evidence.pb.go:78.2,78.11 1 0
github.com/sparkle/gateway/gen/sparkle/rag/v1/evidence.pb.go:81.44,82.14 1 0
github.com/sparkle/gateway/gen/sparkle/rag/v1/evidence.pb.go:82.14,84.3 1 0
github.com/sparkle/gateway/gen/sparkle/rag/v1/evidence.pb.go:85.2,85.11 1 0
github.com/sparkle/gateway/gen/sparkle/rag/v1/evidence.pb.go:88.43,89.14 1 0
github.com/sparkle/gateway/gen/sparkle/rag/v1/evidence.pb.go:89.14,91.3 1 0
github.com/sparkle/gateway/gen/sparkle/rag/v1/evidence.pb.go:92.2,92.10 1 0
github.com/sparkle/gateway/gen/sparkle/rag/v1/evidence.pb.go:95.46,96.14 1 0
github.com/sparkle/gateway/gen/sparkle/rag/v1/evidence.pb.go:96.14,98.3 1 0
github.com/sparkle/gateway/gen/sparkle/rag/v1/evidence.pb.go:99.2,99.11 1 0
github.com/sparkle/gateway/gen/sparkle/rag/v1/evidence.pb.go:102.56,103.14 1 0
github.com/sparkle/gateway/gen/sparkle/rag/v1/evidence.pb.go:103.14,105.3 1 0
github.com/sparkle/gateway/gen/sparkle/rag/v1/evidence.pb.go:106.2,106.12 1 0
github.com/sparkle/gateway/gen/sparkle/rag/v1/evidence.pb.go:109.47,110.14 1 0
github.com/sparkle/gateway/gen/sparkle/rag/v1/evidence.pb.go:110.14,112.3 1 0
github.com/sparkle/gateway/gen/sparkle/rag/v1/evidence.pb.go:113.2,113.11 1 0
github.com/sparkle/gateway/gen/sparkle/rag/v1/evidence.pb.go:126.32,131.2 4 0
github.com/sparkle/gateway/gen/sparkle/rag/v1/evidence.pb.go:133.40,135.2 1 0
github.com/sparkle/gateway/gen/sparkle/rag/v1/evidence.pb.go:137.38,137.39 0 0
github.com/sparkle/gateway/gen/sparkle/rag/v1/evidence.pb.go:139.60,141.14 2 0
github.com/sparkle/gateway/gen/sparkle/rag/v1/evidence.pb.go:141.14,143.34 2 0
github.com/sparkle/gateway/gen/sparkle/rag/v1/evidence.pb.go:143.34,145.4 1 0
github.com/sparkle/gateway/gen/sparkle/rag/v1/evidence.pb.go:146.3,146.12 1 0
github.com/sparkle/gateway/gen/sparkle/rag/v1/evidence.pb.go:148.2,148.24 1 0
github.com/sparkle/gateway/gen/sparkle/rag/v1/evidence.pb.go:152.51,154.2 1 0
github.com/sparkle/gateway/gen/sparkle/rag/v1/evidence.pb.go:156.46,157.14 1 0
github.com/sparkle/gateway/gen/sparkle/rag/v1/evidence.pb.go:157.14,159.3 1 0
github.com/sparkle/gateway/gen/sparkle/rag/v1/evidence.pb.go:160.2,160.11 1 0
github.com/sparkle/gateway/gen/sparkle/rag/v1/evidence.pb.go:163.44,164.14 1 0
github.com/sparkle/gateway/gen/sparkle/rag/v1/evidence.pb.go:164.14,166.3 1 0
github.com/sparkle/gateway/gen/sparkle/rag/v1/evidence.pb.go:167.2,167.11 1 0
github.com/sparkle/gateway/gen/sparkle/rag/v1/evidence.pb.go:170.51,171.14 1 0
github.com/sparkle/gateway/gen/sparkle/rag/v1/evidence.pb.go:171.14,173.3 1 0
github.com/sparkle/gateway/gen/sparkle/rag/v1/evidence.pb.go:174.2,174.12 1 0
github.com/sparkle/gateway/gen/sparkle/rag/v1/evidence.pb.go:177.56,178.14 1 0
github.com/sparkle/gateway/gen/sparkle/rag/v1/evidence.pb.go:178.14,180.3 1 0
github.com/sparkle/gateway/gen/sparkle/rag/v1/evidence.pb.go:181.2,181.12 1 0
github.com/sparkle/gateway/gen/sparkle/rag/v1/evidence.pb.go:237.62,238.59 1 0
github.com/sparkle/gateway/gen/sparkle/rag/v1/evidence.pb.go:238.59,240.3 1 0
github.com/sparkle/gateway/gen/sparkle/rag/v1/evidence.pb.go:241.2,241.55 1 0
github.com/sparkle/gateway/gen/sparkle/rag/v1/evidence.pb.go:262.13,262.58 1 0
github.com/sparkle/gateway/gen/sparkle/rag/v1/evidence.pb.go:263.48,264.47 1 0
github.com/sparkle/gateway/gen/sparkle/rag/v1/evidence.pb.go:264.47,266.3 1 0
github.com/sparkle/gateway/gen/sparkle/rag/v1/evidence.pb.go:267.2,283.50 5 0
github.com/sparkle/gateway/cmd/test_db/main.go:12.13,19.16 5 0
github.com/sparkle/gateway/cmd/test_db/main.go:19.16,21.3 1 0
github.com/sparkle/gateway/cmd/test_db/main.go:22.2,29.16 5 0
github.com/sparkle/gateway/cmd/test_db/main.go:29.16,31.3 1 0
github.com/sparkle/gateway/cmd/test_db/main.go:33.2,37.31 3 0
github.com/sparkle/gateway/cmd/test_db/main.go:37.31,40.17 3 0
github.com/sparkle/gateway/cmd/test_db/main.go:40.17,42.4 1 0
github.com/sparkle/gateway/cmd/test_db/main.go:42.9,44.4 1 0
github.com/sparkle/gateway/cmd/test_db/main.go:47.2,47.112 1 0
github.com/sparkle/gateway/gen/galaxy/v1/galaxy_service.pb.go:35.45,40.2 4 0
github.com/sparkle/gateway/gen/galaxy/v1/galaxy_service.pb.go:42.53,44.2 1 0
github.com/sparkle/gateway/gen/galaxy/v1/galaxy_service.pb.go:46.51,46.52 0 0
github.com/sparkle/gateway/gen/galaxy/v1/galaxy_service.pb.go:48.73,50.14 2 0
github.com/sparkle/gateway/gen/galaxy/v1/galaxy_service.pb.go:50.14,52.34 2 0
github.com/sparkle/gateway/gen/galaxy/v1/galaxy_service.pb.go:52.34,54.4 1 0
github.com/sparkle/gateway/gen/galaxy/v1/galaxy_service.pb.go:55.3,55.12 1 0
github.com/sparkle/gateway/gen/galaxy/v1/galaxy_service.pb.go:57.2,57.24 1 0
github.com/sparkle/gateway/gen/galaxy/v1/galaxy_service.pb.go:61.64,63.2 1 0
github.com/sparkle/gateway/gen/galaxy/v1/galaxy_service.pb.go:65.58,66.14 1 0
github.com/sparkle/gateway/gen/galaxy/v1/galaxy_service.pb.go:66.14,68.3 1 0
github.com/sparkle/gateway/gen/galaxy/v1/galaxy_service.pb.go:69.2,69.11 1 0
github.com/sparkle/gateway/gen/galaxy/v1/galaxy_service.pb.go:72.59,73.14 1 0
github.com/sparkle/gateway/gen/galaxy/v1/galaxy_service.pb.go:73.14,75.3 1 0
github.com/sparkle/gateway/gen/galaxy/v1/galaxy_service.pb.go:76.2,76.12 1 0
github.com/sparkle/gateway/gen/galaxy/v1/galaxy_service.pb.go:79.56,80.14 1 0
github.com/sparkle/gateway/gen/galaxy/v1/galaxy_service.pb.go:80.14,82.3 1 0
github.com/sparkle/gateway/gen/galaxy/v1/galaxy_service.pb.go:83.2,83.11 1 0
github.com/sparkle/gateway/gen/galaxy/v1/galaxy_service.pb.go:86.75,87.14 1 0
github.com/sparkle/gateway/gen/galaxy/v1/galaxy_service.pb.go:87.14,89.3 1 0
github.com/sparkle/gateway/gen/galaxy/v1/galaxy_service.pb.go:90.2,90.12 1 0
github.com/sparkle/gateway/gen/galaxy/v1/galaxy_service.pb.go:102.50,107.2 4 0
github.com/sparkle/gateway/gen/galaxy/v1/galaxy_service.pb.go:109.58,111.2 1 0
github.com/sparkle/gateway/gen/galaxy/v1/galaxy_service.pb.go:113.56,113.57 0 0
github.com/sparkle/gateway/gen/galaxy/v1/galaxy_service.pb.go:115.78,117.14 2 0
github.com/sparkle/gateway/gen/galaxy/v1/galaxy_service.pb.go:117.14,119.34 2 0
github.com/sparkle/gateway/gen/galaxy/v1/galaxy_service.pb.go:119.34,121.4 1 0
github.com/sparkle/gateway/gen/galaxy/v1/galaxy_service.pb.go:122.3,122.12 1 0
github.com/sparkle/gateway/gen/galaxy/v1/galaxy_service.pb.go:124.2,124.24 1 0
github.com/sparkle/gateway/gen/galaxy/v1/galaxy_service.pb.go:128.69,130.2 1 0
github.com/sparkle/gateway/gen/galaxy/v1/galaxy_service.pb.go:132.63,133.14 1 0
github.com/sparkle/gateway/gen/galaxy/v1/galaxy_service.pb.go:133.14,135.3 1 0
github.com/sparkle/gateway/gen/galaxy/v1/galaxy_service.pb.go:136.2,136.11 1 0
github.com/sparkle/gateway/gen/galaxy/v1/galaxy_service.pb.go:139.68,140.14 1 0
github.com/sparkle/gateway/gen/galaxy/v1/galaxy_service.pb.go:140.14,142.3 1 0
github.com/sparkle/gateway/gen/galaxy/v1/galaxy_service.pb.go:143.2,143.12 1 0
github.com/sparkle/gateway/gen/galaxy/v1/galaxy_service.pb.go:146.61,147.14 1 0
github.com/sparkle/gateway/gen/galaxy/v1/galaxy_service.pb.go:147.14,149.3 1 0
github.com/sparkle/gateway/gen/galaxy/v1/galaxy_service.pb.go:150.2,150.11 1 0
github.com/sparkle/gateway/gen/galaxy/v1/galaxy_service.pb.go:161.51,166.2 4 0
github.com/sparkle/gateway/gen/galaxy/v1/galaxy_service.pb.go:168.59,170.2 1 0
github.com/sparkle/gateway/gen/galaxy/v1/galaxy_service.pb.go:172.57,172.58 0 0
github.com/sparkle/gateway/gen/galaxy/v1/galaxy_service.pb.go:174.79,176.14 2 0
github.com/sparkle/gateway/gen/galaxy/v1/galaxy_service.pb.go:176.14,178.34 2 0
github.com/sparkle/gateway/gen/galaxy/v1/galaxy_service.pb.go:178.34,180.4 1 0
github.com/sparkle/gateway/gen/galaxy/v1/galaxy_service.pb.go:181.3,181.12 1 0
github.com/sparkle/gateway/gen/galaxy/v1/galaxy_service.pb.go:183.2,183.24 1 0
github.com/sparkle/gateway/gen/galaxy/v1/galaxy_service.pb.go:187.70,189.2 1 0
github.com/sparkle/gateway/gen/galaxy/v1/galaxy_service.pb.go:191.61,192.14 1 0
github.com/sparkle/gateway/gen/galaxy/v1/galaxy_service.pb.go:192.14,194.3 1 0
github.com/sparkle/gateway/gen/galaxy/v1/galaxy_service.pb.go:195.2,195.14 1 0
github.com/sparkle/gateway/gen/galaxy/v1/galaxy_service.pb.go:198.68,199.14 1 0
github.com/sparkle/gateway/gen/galaxy/v1/galaxy_service.pb.go:199.14,201.3 1 0
github.com/sparkle/gateway/gen/galaxy/v1/galaxy_service.pb.go:202.2,202.12 1 0
github.com/sparkle/gateway/gen/galaxy/v1/galaxy_service.pb.go:217.44,222.2 4 0
github.com/sparkle/gateway/gen/galaxy/v1/galaxy_service.pb.go:224.52,226.2 1 0
github.com/sparkle/gateway/gen/galaxy/v1/galaxy_service.pb.go:228.50,228.51 0 0
github.com/sparkle/gateway/gen/galaxy/v1/galaxy_service.pb.go:230.72,232.14 2 0
github.com/sparkle/gateway/gen/galaxy/v1/galaxy_service.pb.go:232.14,234.34 2 0
github.com/sparkle/gateway/gen/galaxy/v1/galaxy_service.pb.go:234.34,236.4 1 0
github.com/sparkle/gateway/gen/galaxy/v1/galaxy_service.pb.go:237.3,237.12 1 0
github.com/sparkle/gateway/gen/galaxy/v1/galaxy_service.pb.go:239.2,239.24 1 0
github.com/sparkle/gateway/gen/galaxy/v1/galaxy_service.pb.go:243.63,245.2 1 0
github.com/sparkle/gateway/gen/galaxy/v1/galaxy_service.pb.go:247.55,248.14 1 0
github.com/sparkle/gateway/gen/galaxy/v1/galaxy_service.pb.go:248.14,250.3 1 0
github.com/sparkle/gateway/gen/galaxy/v1/galaxy_service.pb.go:251.2,251.11 1 0
github.com/sparkle/gateway/gen/galaxy/v1/galaxy_service.pb.go:254.55,255.14 1 0
github.com/sparkle/gateway/gen/galaxy/v1/galaxy_service.pb.go:255.14,257.3 1 0
github.com/sparkle/gateway/gen/galaxy/v1/galaxy_service.pb.go:258.2,258.11 1 0
github.com/sparkle/gateway/gen/galaxy/v1/galaxy_service.pb.go:261.55,262.14 1 0
github.com/sparkle/gateway/gen/galaxy/v1/galaxy_service.pb.go:262.14,264.3 1 0
github.com/sparkle/gateway/gen/galaxy/v1/galaxy_service.pb.go:265.2,265.10 1 0
github.com/sparkle/gateway/gen/galaxy/v1/galaxy_service.pb.go:268.55,269.14 1 0
github.com/sparkle/gateway/gen/galaxy/v1/galaxy_service.pb.go:269.14,271.3 1 0
github.com/sparkle/gateway/gen/galaxy/v1/galaxy_service.pb.go:272.2,272.11 1 0
github.com/sparkle/gateway/gen/galaxy/v1/galaxy_service.pb.go:275.58,276.14 1 0
github.com/sparkle/gateway/gen/galaxy/v1/galaxy_service.pb.go:276.14,278.3 1 0
github.com/sparkle/gateway/gen/galaxy/v1/galaxy_service.pb.go:279.2,279.11 1 0
github.com/sparkle/gateway/gen/galaxy/v1/galaxy_service.pb.go:282.56,283.14 1 0
github.com/sparkle/gateway/gen/galaxy/v1/galaxy_service.pb.go:283.14,285.3 1 0
github.com/sparkle/gateway/gen/galaxy/v1/galaxy_service.pb.go:286.2,286.10 1 0
github.com/sparkle/gateway/gen/galaxy/v1/galaxy_service.pb.go:301.45,306.2 4 0
github.com/sparkle/gateway/gen/galaxy/v1/galaxy_service.pb.go:308.53,310.2 1 0
github.com/sparkle/gateway/gen/galaxy/v1/galaxy_service.pb.go:312.51,312.52 0 0
github.com/sparkle/gateway/gen/galaxy/v1/galaxy_service.pb.go:314.73,316.14 2 0
github.com/sparkle/gateway/gen/galaxy/v1/galaxy_service.pb.go:316.14,318.34 2 0
github.com/sparkle/gateway/gen/galaxy/v1/galaxy_service.pb.go:318.34,320.4 1 0
github.com/sparkle/gateway/gen/galaxy/v1/galaxy_service.pb.go:321.3,321.12 1 0
github.com/sparkle/gateway/gen/galaxy/v1/galaxy_service.pb.go:323.2,323.24 1 0
github.com/sparkle/gateway/gen/galaxy/v1/galaxy_service.pb.go:327.64,329.2 1 0
github.com/sparkle/gateway/gen/galaxy/v1/galaxy_service.pb.go:331.55,332.14 1 0
github.com/sparkle/gateway/gen/galaxy/v1/galaxy_service.pb.go:332.14,334.3 1 0
github.com/sparkle/gateway/gen/galaxy/v1/galaxy_service.pb.go:335.2,335.14 1 0
github.com/sparkle/gateway/gen/galaxy/v1/galaxy_service.pb.go:338.59,339.14 1 0
github.com/sparkle/gateway/gen/galaxy/v1/galaxy_service.pb.go:339.14,341.3 1 0
github.com/sparkle/gateway/gen/galaxy/v1/galaxy_service.pb.go:342.2,342.10 1 0
github.com/sparkle/gateway/gen/galaxy/v1/galaxy_service.pb.go:345.59,346.14 1 0
github.com/sparkle/gateway/gen/galaxy/v1/galaxy_service.pb.go:346.14,348.3 1 0
github.com/sparkle/gateway/gen/galaxy/v1/galaxy_service.pb.go:349.2,349.10 1 0
github.com/sparkle/gateway/gen/galaxy/v1/galaxy_service.pb.go:352.56,353.14 1 0
github.com/sparkle/gateway/gen/galaxy/v1/galaxy_service.pb.go:353.14,355.3 1 0
github.com/sparkle/gateway/gen/galaxy/v1/galaxy_service.pb.go:356.2,356.11 1 0
github.com/sparkle/gateway/gen/galaxy/v1/galaxy_service.pb.go:359.59,360.14 1 0
github.com/sparkle/gateway/gen/galaxy/v1/galaxy_service.pb.go:360.14,362.3 1 0
github.com/sparkle/gateway/gen/galaxy/v1/galaxy_service.pb.go:363.2,363.11 1 0
github.com/sparkle/gateway/gen/galaxy/v1/galaxy_service.pb.go:366.64,367.14 1 0
github.com/sparkle/gateway/gen/galaxy/v1/galaxy_service.pb.go:367.14,369.3 1 0
github.com/sparkle/gateway/gen/galaxy/v1/galaxy_service.pb.go:370.2,370.10 1 0
github.com/sparkle/gateway/gen/galaxy/v1/galaxy_service.pb.go:458.53,459.50 1 0
github.com/sparkle/gateway/gen/galaxy/v1/galaxy_service.pb.go:459.50,461.3 1 0
github.com/sparkle/gateway/gen/galaxy/v1/galaxy_service.pb.go:462.2,462.46 1 0
github.com/sparkle/gateway/gen/galaxy/v1/galaxy_service.pb.go:487.13,487.49 1 0
github.com/sparkle/gateway/gen/galaxy/v1/galaxy_service.pb.go:488.39,489.38 1 0
github.com/sparkle/gateway/gen/galaxy/v1/galaxy_service.pb.go:489.38,491.3 1 0
github.com/sparkle/gateway/gen/galaxy/v1/galaxy_service.pb.go:492.2,508.41 5 0
github.com/sparkle/gateway/gen/galaxy/v1/galaxy_service_grpc.pb.go:42.78,44.2 1 0
github.com/sparkle/gateway/gen/galaxy/v1/galaxy_service_grpc.pb.go:46.161,50.16 4 0
github.com/sparkle/gateway/gen/galaxy/v1/galaxy_service_grpc.pb.go:50.16,52.3 1 0
github.com/sparkle/gateway/gen/galaxy/v1/galaxy_service_grpc.pb.go:53.2,53.17 1 0
github.com/sparkle/gateway/gen/galaxy/v1/galaxy_service_grpc.pb.go:56.179,60.16 4 0
github.com/sparkle/gateway/gen/galaxy/v1/galaxy_service_grpc.pb.go:60.16,62.3 1 0
github.com/sparkle/gateway/gen/galaxy/v1/galaxy_service_grpc.pb.go:63.2,63.17 1 0
github.com/sparkle/gateway/gen/galaxy/v1/galaxy_service_grpc.pb.go:86.139,88.2 1 0
github.com/sparkle/gateway/gen/galaxy/v1/galaxy_service_grpc.pb.go:89.157,91.2 1 0
github.com/sparkle/gateway/gen/galaxy/v1/galaxy_service_grpc.pb.go:92.86,92.87 0 0
github.com/sparkle/gateway/gen/galaxy/v1/galaxy_service_grpc.pb.go:93.86,93.87 0 0
github.com/sparkle/gateway/gen/galaxy/v1/galaxy_service_grpc.pb.go:102.84,107.59 1 0
github.com/sparkle/gateway/gen/galaxy/v1/galaxy_service_grpc.pb.go:107.59,109.3 1 0
github.com/sparkle/gateway/gen/galaxy/v1/galaxy_service_grpc.pb.go:110.2,110.52 1 0
github.com/sparkle/gateway/gen/galaxy/v1/galaxy_service_grpc.pb.go:113.176,115.32 2 0
github.com/sparkle/gateway/gen/galaxy/v1/galaxy_service_grpc.pb.go:115.32,117.3 1 0
github.com/sparkle/gateway/gen/galaxy/v1/galaxy_service_grpc.pb.go:118.2,118.24 1 0
github.com/sparkle/gateway/gen/galaxy/v1/galaxy_service_grpc.pb.go:118.24,120.3 1 0
github.com/sparkle/gateway/gen/galaxy/v1/galaxy_service_grpc.pb.go:121.2,125.77 2 0
github.com/sparkle/gateway/gen/galaxy/v1/galaxy_service_grpc.pb.go:125.77,127.3 1 0
github.com/sparkle/gateway/gen/galaxy/v1/galaxy_service_grpc.pb.go:128.2,128.44 1 0
github.com/sparkle/gateway/gen/galaxy/v1/galaxy_service_grpc.pb.go:131.182,133.32 2 0
github.com/sparkle/gateway/gen/galaxy/v1/galaxy_service_grpc.pb.go:133.32,135.3 1 0
github.com/sparkle/gateway/gen/galaxy/v1/galaxy_service_grpc.pb.go:136.2,136.24 1 0
github.com/sparkle/gateway/gen/galaxy/v1/galaxy_service_grpc.pb.go:136.24,138.3 1 0
github.com/sparkle/gateway/gen/galaxy/v1/galaxy_service_grpc.pb.go:139.2,143.77 2 0
github.com/sparkle/gateway/gen/galaxy/v1/galaxy_service_grpc.pb.go:143.77,145.3 1 0
github.com/sparkle/gateway/gen/galaxy/v1/galaxy_service_grpc.pb.go:146.2,146.44 1 0
github.com/sparkle/gateway/gen/sparkle/inference/v1/inference.pb.go:68.36,72.2 3 0
github.com/sparkle/gateway/gen/sparkle/inference/v1/inference.pb.go:74.35,76.2 1 0
github.com/sparkle/gateway/gen/sparkle/inference/v1/inference.pb.go:78.58,80.2 1 0
github.com/sparkle/gateway/gen/sparkle/inference/v1/inference.pb.go:82.46,84.2 1 0
github.com/sparkle/gateway/gen/sparkle/inference/v1/inference.pb.go:86.52,88.2 1 0
github.com/sparkle/gateway/gen/sparkle/inference/v1/inference.pb.go:91.50,93.2 1 0
github.com/sparkle/gateway/gen/sparkle/inference/v1/inference.pb.go:120.36,124.2 3 0
github.com/sparkle/gateway/gen/sparkle/inference/v1/inference.pb.go:126.35,128.2 1 0
github.com/sparkle/gateway/gen/sparkle/inference/v1/inference.pb.go:130.58,132.2 1 0
github.com/sparkle/gateway/gen/sparkle/inference/v1/inference.pb.go:134.46,136.2 1 0
github.com/sparkle/gateway/gen/sparkle/inference/v1/inference.pb.go:138.52,140.2 1 0
github.com/sparkle/gateway/gen/sparkle/inference/v1/inference.pb.go:143.50,145.2 1 0
github.com/sparkle/gateway/gen/sparkle/inference/v1/inference.pb.go:169.48,173.2 3 0
github.com/sparkle/gateway/gen/sparkle/inference/v1/inference.pb.go:175.41,177.2 1 0
github.com/sparkle/gateway/gen/sparkle/inference/v1/inference.pb.go:179.64,181.2 1 0
github.com/sparkle/gateway/gen/sparkle/inference/v1/inference.pb.go:183.52,185.2 1 0
github.com/sparkle/gateway/gen/sparkle/inference/v1/inference.pb.go:187.58,189.2 1 0
github.com/sparkle/gateway/gen/sparkle/inference/v1/inference.pb.go:192.56,194.2 1 0
github.com/sparkle/gateway/gen/sparkle/inference/v1/inference.pb.go:227.42,231.2 3 0
github.com/sparkle/gateway/gen/sparkle/inference/v1/inference.pb.go:233.38,235.2 1 0
github.com/sparkle/gateway/gen/sparkle/inference/v1/inference.pb.go:237.61,239.2 1 0
github.com/sparkle/gateway/gen/sparkle/inference/v1/inference.pb.go:241.49,243.2 1 0
github.com/sparkle/gateway/gen/sparkle/inference/v1/inference.pb.go:245.55,247.2 1 0
github.com/sparkle/gateway/gen/sparkle/inference/v1/inference.pb.go:250.53,252.2 1 0
github.com/sparkle/gateway/gen/sparkle/inference/v1/inference.pb.go:279.46,283.2 3 0
github.com/sparkle/gateway/gen/sparkle/inference/v1/inference.pb.go:285.40,287.2 1 0
github.com/sparkle/gateway/gen/sparkle/inference/v1/inference.pb.go:289.63,291.2 1 0
github.com/sparkle/gateway/gen/sparkle/inference/v1/inference.pb.go:293.51,295.2 1 0
github.com/sparkle/gateway/gen/sparkle/inference/v1/inference.pb.go:297.57,299.2 1 0
github.com/sparkle/gateway/gen/sparkle/inference/v1/inference.pb.go:302.55,304.2 1 0
github.com/sparkle/gateway/gen/sparkle/inference/v1/inference.pb.go:314.27,319.2 4 0
github.com/sparkle/gateway/gen/sparkle/inference/v1/inference.pb.go:321.35,323.2 1 0
github.com/sparkle/gateway/gen/sparkle/inference/v1/inference.pb.go:325.33,325.34 0 0
github.com/sparkle/gateway/gen/sparkle/inference/v1/inference.pb.go:327.55,329.14 2 0
github.com/sparkle/gateway/gen/sparkle/inference/v1/inference.pb.go:329.14,331.34 2 0
github.com/sparkle/gateway/gen/sparkle/inference/v1/inference.pb.go:331.34,333.4 1 0
github.com/sparkle/gateway/gen/sparkle/inference/v1/inference.pb.go:334.3,334.12 1 0
github.com/sparkle/gateway/gen/sparkle/inference/v1/inference.pb.go:336.2,336.24 1 0
github.com/sparkle/gateway/gen/sparkle/inference/v1/inference.pb.go:340.46,342.2 1 0
github.com/sparkle/gateway/gen/sparkle/inference/v1/inference.pb.go:344.36,345.14 1 0
github.com/sparkle/gateway/gen/sparkle/inference/v1/inference.pb.go:345.14,347.3 1 0
github.com/sparkle/gateway/gen/sparkle/inference/v1/inference.pb.go:348.2,348.11 1 0
github.com/sparkle/gateway/gen/sparkle/inference/v1/inference.pb.go:351.39,352.14 1 0
github.com/sparkle/gateway/gen/sparkle/inference/v1/inference.pb.go:352.14,354.3 1 0
github.com/sparkle/gateway/gen/sparkle/inference/v1/inference.pb.go:355.2,355.11 1 0
github.com/sparkle/gateway/gen/sparkle/inference/v1/inference.pb.go:367.34,372.2 4 0
github.com/sparkle/gateway/gen/sparkle/inference/v1/inference.pb.go:374.42,376.2 1 0
github.com/sparkle/gateway/gen/sparkle/inference/v1/inference.pb.go:378.40,378.41 0 0
github.com/sparkle/gateway/gen/sparkle/inference/v1/inference.pb.go:380.62,382.14 2 0
github.com/sparkle/gateway/gen/sparkle/inference/v1/inference.pb.go:382.14,384.34 2 0
github.com/sparkle/gateway/gen/sparkle/inference/v1/inference.pb.go:384.34,386.4 1 0
github.com/sparkle/gateway/gen/sparkle/inference/v1/inference.pb.go:387.3,387.12 1 0
github.com/sparkle/gateway/gen/sparkle/inference/v1/inference.pb.go:389.2,389.24 1 0
github.com/sparkle/gateway/gen/sparkle/inference/v1/inference.pb.go:393.53,395.2 1 0
github.com/sparkle/gateway/gen/sparkle/inference/v1/inference.pb.go:397.43,398.14 1 0
github.com/sparkle/gateway/gen/sparkle/inference/v1/inference.pb.go:398.14,400.3 1 0
github.com/sparkle/gateway/gen/sparkle/inference/v1/inference.pb.go:401.2,401.11 1 0
github.com/sparkle/gateway/gen/sparkle/inference/v1/inference.pb.go:404.50,405.14 1 0
github.com/sparkle/gateway/gen/sparkle/inference/v1/inference.pb.go:405.14,407.3 1 0
github.com/sparkle/gateway/gen/sparkle/inference/v1/inference.pb.go:408.2,408.11 1 0
github.com/sparkle/gateway/gen/sparkle/inference/v1/inference.pb.go:411.49,412.14 1 0
github.com/sparkle/gateway/gen/sparkle/inference/v1/inference.pb.go:412.14,414.3 1 0
github.com/sparkle/gateway/gen/sparkle/inference/v1/inference.pb.go:415.2,415.11 1 0
github.com/sparkle/gateway/gen/sparkle/inference/v1/inference.pb.go:427.27,432.2 4 0
github.com/sparkle/gateway/gen/sparkle/inference/v1/inference.pb.go:434.35,436.2 1 0
github.com/sparkle/gateway/gen/sparkle/inference/v1/inference.pb.go:438.33,438.34 0 0
github.com/sparkle/gateway/gen/sparkle/inference/v1/inference.pb.go:440.55,442.14 2 0
github.com/sparkle/gateway/gen/sparkle/inference/v1/inference.pb.go:442.14,444.34 2 0
github.com/sparkle/gateway/gen/sparkle/inference/v1/inference.pb.go:444.34,446.4 1 0
github.com/sparkle/gateway/gen/sparkle/inference/v1/inference.pb.go:447.3,447.12 1 0
github.com/sparkle/gateway/gen/sparkle/inference/v1/inference.pb.go:449.2,449.24 1 0
github.com/sparkle/gateway/gen/sparkle/inference/v1/inference.pb.go:453.46,455.2 1 0
github.com/sparkle/gateway/gen/sparkle/inference/v1/inference.pb.go:457.47,458.14 1 0
github.com/sparkle/gateway/gen/sparkle/inference/v1/inference.pb.go:458.14,460.3 1 0
github.com/sparkle/gateway/gen/sparkle/inference/v1/inference.pb.go:461.2,461.10 1 0
github.com/sparkle/gateway/gen/sparkle/inference/v1/inference.pb.go:464.46,465.14 1 0
github.com/sparkle/gateway/gen/sparkle/inference/v1/inference.pb.go:465.14,467.3 1 0
github.com/sparkle/gateway/gen/sparkle/inference/v1/inference.pb.go:468.2,468.10 1 0
github.com/sparkle/gateway/gen/sparkle/inference/v1/inference.pb.go:471.44,472.14 1 0
github.com/sparkle/gateway/gen/sparkle/inference/v1/inference.pb.go:472.14,474.3 1 0
github.com/sparkle/gateway/gen/sparkle/inference/v1/inference.pb.go:475.2,475.11 1 0
github.com/sparkle/gateway/gen/sparkle/inference/v1/inference.pb.go:500.36,505.2 4 0
github.com/sparkle/gateway/gen/sparkle/inference/v1/inference.pb.go:507.44,509.2 1 0
github.com/sparkle/gateway/gen/sparkle/inference/v1/inference.pb.go:511.42,511.43 0 0
github.com/sparkle/gateway/gen/sparkle/inference/v1/inference.pb.go:513.64,515.14 2 0
github.com/sparkle/gateway/gen/sparkle/inference/v1/inference.pb.go:515.14,517.34 2 0
github.com/sparkle/gateway/gen/sparkle/inference/v1/inference.pb.go:517.34,519.4 1 0
github.com/sparkle/gateway/gen/sparkle/inference/v1/inference.pb.go:520.3,520.12 1 0
github.com/sparkle/gateway/gen/sparkle/inference/v1/inference.pb.go:522.2,522.24 1 0
github.com/sparkle/gateway/gen/sparkle/inference/v1/inference.pb.go:526.55,528.2 1 0
github.com/sparkle/gateway/gen/sparkle/inference/v1/inference.pb.go:530.50,531.14 1 0
github.com/sparkle/gateway/gen/sparkle/inference/v1/inference.pb.go:531.14,533.3 1 0
github.com/sparkle/gateway/gen/sparkle/inference/v1/inference.pb.go:534.2,534.11 1 0
github.com/sparkle/gateway/gen/sparkle/inference/v1/inference.pb.go:537.48,538.14 1 0
github.com/sparkle/gateway/gen/sparkle/inference/v1/inference.pb.go:538.14,540.3 1 0
github.com/sparkle/gateway/gen/sparkle/inference/v1/inference.pb.go:541.2,541.11 1 0
github.com/sparkle/gateway/gen/sparkle/inference/v1/inference.pb.go:544.47,545.14 1 0
github.com/sparkle/gateway/gen/sparkle/inference/v1/inference.pb.go:545.14,547.3 1 0
github.com/sparkle/gateway/gen/sparkle/inference/v1/inference.pb.go:548.2,548.11 1 0
github.com/sparkle/gateway/gen/sparkle/inference/v1/inference.pb.go:551.51,552.14 1 0
github.com/sparkle/gateway/gen/sparkle/inference/v1/inference.pb.go:552.14,554.3 1 0
github.com/sparkle/gateway/gen/sparkle/inference/v1/inference.pb.go:555.2,555.39 1 0
github.com/sparkle/gateway/gen/sparkle/inference/v1/inference.pb.go:558.51,559.14 1 0
github.com/sparkle/gateway/gen/sparkle/inference/v1/inference.pb.go:559.14,561.3 1 0
github.com/sparkle/gateway/gen/sparkle/inference/v1/inference.pb.go:562.2,562.38 1 0
github.com/sparkle/gateway/gen/sparkle/inference/v1/inference.pb.go:565.54,566.14 1 0
github.com/sparkle/gateway/gen/sparkle/inference/v1/inference.pb.go:566.14,568.3 1 0
github.com/sparkle/gateway/gen/sparkle/inference/v1/inference.pb.go:569.2,569.11 1 0
github.com/sparkle/gateway/gen/sparkle/inference/v1/inference.pb.go:572.53,573.14 1 0
github.com/sparkle/gateway/gen/sparkle/inference/v1/inference.pb.go:573.14,575.3 1 0
github.com/sparkle/gateway/gen/sparkle/inference/v1/inference.pb.go:576.2,576.11 1 0
github.com/sparkle/gateway/gen/sparkle/inference/v1/inference.pb.go:579.54,580.14 1 0
github.com/sparkle/gateway/gen/sparkle/inference/v1/inference.pb.go:580.14,582.3 1 0
github.com/sparkle/gateway/gen/sparkle/inference/v1/inference.pb.go:583.2,583.11 1 0
github.com/sparkle/gateway/gen/sparkle/inference/v1/inference.pb.go:586.55,587.14 1 0
github.com/sparkle/gateway/gen/sparkle/inference/v1/inference.pb.go:587.14,589.3 1 0
github.com/sparkle/gateway/gen/sparkle/inference/v1/inference.pb.go:590.2,590.11 1 0
github.com/sparkle/gateway/gen/sparkle/inference/v1/inference.pb.go:593.50,594.14 1 0
github.com/sparkle/gateway/gen/sparkle/inference/v1/inference.pb.go:594.14,596.3 1 0
github.com/sparkle/gateway/gen/sparkle/inference/v1/inference.pb.go:597.2,597.12 1 0
github.com/sparkle/gateway/gen/sparkle/inference/v1/inference.pb.go:600.53,601.14 1 0
github.com/sparkle/gateway/gen/sparkle/inference/v1/inference.pb.go:601.14,603.3 1 0
github.com/sparkle/gateway/gen/sparkle/inference/v1/inference.pb.go:604.2,604.12 1 0
github.com/sparkle/gateway/gen/sparkle/inference/v1/inference.pb.go:607.57,608.14 1 0
github.com/sparkle/gateway/gen/sparkle/inference/v1/inference.pb.go:608.14,610.3 1 0
github.com/sparkle/gateway/gen/sparkle/inference/v1/inference.pb.go:611.2,611.12 1 0
github.com/sparkle/gateway/gen/sparkle/inference/v1/inference.pb.go:614.63,615.14 1 0
github.com/sparkle/gateway/gen/sparkle/inference/v1/inference.pb.go:615.14,617.3 1 0
github.com/sparkle/gateway/gen/sparkle/inference/v1/inference.pb.go:618.2,618.51 1 0
github.com/sparkle/gateway/gen/sparkle/inference/v1/inference.pb.go:621.60,622.14 1 0
github.com/sparkle/gateway/gen/sparkle/inference/v1/inference.pb.go:622.14,624.3 1 0
github.com/sparkle/gateway/gen/sparkle/inference/v1/inference.pb.go:625.2,625.12 1 0
github.com/sparkle/gateway/gen/sparkle/inference/v1/inference.pb.go:628.50,629.14 1 0
github.com/sparkle/gateway/gen/sparkle/inference/v1/inference.pb.go:629.14,631.3 1 0
github.com/sparkle/gateway/gen/sparkle/inference/v1/inference.pb.go:632.2,632.12 1 0
github.com/sparkle/gateway/gen/sparkle/inference/v1/inference.pb.go:635.61,636.14 1 0
github.com/sparkle/gateway/gen/sparkle/inference/v1/inference.pb.go:636.14,638.3 1 0
github.com/sparkle/gateway/gen/sparkle/inference/v1/inference.pb.go:639.2,639.49 1 0
github.com/sparkle/gateway/gen/sparkle/inference/v1/inference.pb.go:658.37,663.2 4 0
github.com/sparkle/gateway/gen/sparkle/inference/v1/inference.pb.go:665.45,667.2 1 0
github.com/sparkle/gateway/gen/sparkle/inference/v1/inference.pb.go:669.43,669.44 0 0
github.com/sparkle/gateway/gen/sparkle/inference/v1/inference.pb.go:671.65,673.14 2 0
github.com/sparkle/gateway/gen/sparkle/inference/v1/inference.pb.go:673.14,675.34 2 0
github.com/sparkle/gateway/gen/sparkle/inference/v1/inference.pb.go:675.34,677.4 1 0
github.com/sparkle/gateway/gen/sparkle/inference/v1/inference.pb.go:678.3,678.12 1 0
github.com/sparkle/gateway/gen/sparkle/inference/v1/inference.pb.go:680.2,680.24 1 0
github.com/sparkle/gateway/gen/sparkle/inference/v1/inference.pb.go:684.56,686.2 1 0
github.com/sparkle/gateway/gen/sparkle/inference/v1/inference.pb.go:688.51,689.14 1 0
github.com/sparkle/gateway/gen/sparkle/inference/v1/inference.pb.go:689.14,691.3 1 0
github.com/sparkle/gateway/gen/sparkle/inference/v1/inference.pb.go:692.2,692.11 1 0
github.com/sparkle/gateway/gen/sparkle/inference/v1/inference.pb.go:695.49,696.14 1 0
github.com/sparkle/gateway/gen/sparkle/inference/v1/inference.pb.go:696.14,698.3 1 0
github.com/sparkle/gateway/gen/sparkle/inference/v1/inference.pb.go:699.2,699.11 1 0
github.com/sparkle/gateway/gen/sparkle/inference/v1/inference.pb.go:702.42,703.14 1 0
github.com/sparkle/gateway/gen/sparkle/inference/v1/inference.pb.go:703.14,705.3 1 0
github.com/sparkle/gateway/gen/sparkle/inference/v1/inference.pb.go:706.2,706.14 1 0
github.com/sparkle/gateway/gen/sparkle/inference/v1/inference.pb.go:709.50,710.14 1 0
github.com/sparkle/gateway/gen/sparkle/inference/v1/inference.pb.go:710.14,712.3 1 0
github.com/sparkle/gateway/gen/sparkle/inference/v1/inference.pb.go:713.2,713.11 1 0
github.com/sparkle/gateway/gen/sparkle/inference/v1/inference.pb.go:716.49,717.14 1 0
github.com/sparkle/gateway/gen/sparkle/inference/v1/inference.pb.go:717.14,719.3 1 0
github.com/sparkle/gateway/gen/sparkle/inference/v1/inference.pb.go:720.2,720.11 1 0
github.com/sparkle/gateway/gen/sparkle/inference/v1/inference.pb.go:723.49,724.14 1 0
github.com/sparkle/gateway/gen/sparkle/inference/v1/inference.pb.go:724.14,726.3 1 0
github.com/sparkle/gateway/gen/sparkle/inference/v1/inference.pb.go:727.2,727.11 1 0
github.com/sparkle/gateway/gen/sparkle/inference/v1/inference.pb.go:730.58,731.14 1 0
github.com/sparkle/gateway/gen/sparkle/inference/v1/inference.pb.go:731.14,733.3 1 0
github.com/sparkle/gateway/gen/sparkle/inference/v1/inference.pb.go:734.2,734.45 1 0
github.com/sparkle/gateway/gen/sparkle/inference/v1/inference.pb.go:737.54,738.14 1 0
github.com/sparkle/gateway/gen/sparkle/inference/v1/inference.pb.go:738.14,740.3 1 0
github.com/sparkle/gateway/gen/sparkle/inference/v1/inference.pb.go:741.2,741.11 1 0
github.com/sparkle/gateway/gen/sparkle/inference/v1/inference.pb.go:744.54,745.14 1 0
github.com/sparkle/gateway/gen/sparkle/inference/v1/inference.pb.go:745.14,747.3 1 0
github.com/sparkle/gateway/gen/sparkle/inference/v1/inference.pb.go:748.2,748.10 1 0
github.com/sparkle/gateway/gen/sparkle/inference/v1/inference.pb.go:751.58,752.14 1 0
github.com/sparkle/gateway/gen/sparkle/inference/v1/inference.pb.go:752.14,754.3 1 0
github.com/sparkle/gateway/gen/sparkle/inference/v1/inference.pb.go:755.2,755.10 1 0
github.com/sparkle/gateway/gen/sparkle/inference/v1/inference.pb.go:766.38,771.2 4 0
github.com/sparkle/gateway/gen/sparkle/inference/v1/inference.pb.go:773.46,775.2 1 0
github.com/sparkle/gateway/gen/sparkle/inference/v1/inference.pb.go:777.44,777.45 0 0
github.com/sparkle/gateway/gen/sparkle/inference/v1/inference.pb.go:779.66,781.14 2 0
github.com/sparkle/gateway/gen/sparkle/inference/v1/inference.pb.go:781.14,783.34 2 0
github.com/sparkle/gateway/gen/sparkle/inference/v1/inference.pb.go:783.34,785.4 1 0
github.com/sparkle/gateway/gen/sparkle/inference/v1/inference.pb.go:786.3,786.12 1 0
github.com/sparkle/gateway/gen/sparkle/inference/v1/inference.pb.go:788.2,788.24 1 0
github.com/sparkle/gateway/gen/sparkle/inference/v1/inference.pb.go:792.57,794.2 1 0
github.com/sparkle/gateway/gen/sparkle/inference/v1/inference.pb.go:796.45,797.14 1 0
github.com/sparkle/gateway/gen/sparkle/inference/v1/inference.pb.go:797.14,799.3 1 0
github.com/sparkle/gateway/gen/sparkle/inference/v1/inference.pb.go:800.2,800.11 1 0
github.com/sparkle/gateway/gen/sparkle/inference/v1/inference.pb.go:803.47,804.14 1 0
github.com/sparkle/gateway/gen/sparkle/inference/v1/inference.pb.go:804.14,806.3 1 0
github.com/sparkle/gateway/gen/sparkle/inference/v1/inference.pb.go:807.2,807.11 1 0
github.com/sparkle/gateway/gen/sparkle/inference/v1/inference.pb.go:823.36,828.2 4 0
github.com/sparkle/gateway/gen/sparkle/inference/v1/inference.pb.go:830.44,832.2 1 0
github.com/sparkle/gateway/gen/sparkle/inference/v1/inference.pb.go:834.42,834.43 0 0
github.com/sparkle/gateway/gen/sparkle/inference/v1/inference.pb.go:836.64,838.14 2 0
github.com/sparkle/gateway/gen/sparkle/inference/v1/inference.pb.go:838.14,840.34 2 0
github.com/sparkle/gateway/gen/sparkle/inference/v1/inference.pb.go:840.34,842.4 1 0
github.com/sparkle/gateway/gen/sparkle/inference/v1/inference.pb.go:843.3,843.12 1 0
github.com/sparkle/gateway/gen/sparkle/inference/v1/inference.pb.go:845.2,845.24 1 0
github.com/sparkle/gateway/gen/sparkle/inference/v1/inference.pb.go:849.55,851.2 1 0
github.com/sparkle/gateway/gen/sparkle/inference/v1/inference.pb.go:853.64,854.14 1 0
github.com/sparkle/gateway/gen/sparkle/inference/v1/inference.pb.go:854.14,856.3 1 0
github.com/sparkle/gateway/gen/sparkle/inference/v1/inference.pb.go:857.2,857.12 1 0
github.com/sparkle/gateway/gen/sparkle/inference/v1/inference.pb.go:860.51,861.14 1 0
github.com/sparkle/gateway/gen/sparkle/inference/v1/inference.pb.go:861.14,863.3 1 0
github.com/sparkle/gateway/gen/sparkle/inference/v1/inference.pb.go:864.2,864.11 1 0
github.com/sparkle/gateway/gen/sparkle/inference/v1/inference.pb.go:867.51,868.14 1 0
github.com/sparkle/gateway/gen/sparkle/inference/v1/inference.pb.go:868.14,870.3 1 0
github.com/sparkle/gateway/gen/sparkle/inference/v1/inference.pb.go:871.2,871.11 1 0
github.com/sparkle/gateway/gen/sparkle/inference/v1/inference.pb.go:874.47,875.14 1 0
github.com/sparkle/gateway/gen/sparkle/inference/v1/inference.pb.go:875.14,877.3 1 0
github.com/sparkle/gateway/gen/sparkle/inference/v1/inference.pb.go:878.2,878.11 1 0
github.com/sparkle/gateway/gen/sparkle/inference/v1/inference.pb.go:881.46,882.14 1 0
github.com/sparkle/gateway/gen/sparkle/inference/v1/inference.pb.go:882.14,884.3 1 0
github.com/sparkle/gateway/gen/sparkle/inference/v1/inference.pb.go:885.2,885.11 1 0
github.com/sparkle/gateway/gen/sparkle/inference/v1/inference.pb.go:888.51,889.14 1 0
github.com/sparkle/gateway/gen/sparkle/inference/v1/inference.pb.go:889.14,891.3 1 0
github.com/sparkle/gateway/gen/sparkle/inference/v1/inference.pb.go:892.2,892.11 1 0
github.com/sparkle/gateway/gen/sparkle/inference/v1/inference.pb.go:895.57,896.14 1 0
github.com/sparkle/gateway/gen/sparkle/inference/v1/inference.pb.go:896.14,898.3 1 0
github.com/sparkle/gateway/gen/sparkle/inference/v1/inference.pb.go:899.2,899.11 1 0
github.com/sparkle/gateway/gen/sparkle/inference/v1/inference.pb.go:913.33,918.2 4 0
github.com/sparkle/gateway/gen/sparkle/inference/v1/inference.pb.go:920.41,922.2 1 0
github.com/sparkle/gateway/gen/sparkle/inference/v1/inference.pb.go:924.39,924.40 0 0
github.com/sparkle/gateway/gen/sparkle/inference/v1/inference.pb.go:926.61,928.14 2 0
github.com/sparkle/gateway/gen/sparkle/inference/v1/inference.pb.go:928.14,930.34 2 0
github.com/sparkle/gateway/gen/sparkle/inference/v1/inference.pb.go:930.34,932.4 1 0
github.com/sparkle/gateway/gen/sparkle/inference/v1/inference.pb.go:933.3,933.12 1 0
github.com/sparkle/gateway/gen/sparkle/inference/v1/inference.pb.go:935.2,935.24 1 0
github.com/sparkle/gateway/gen/sparkle/inference/v1/inference.pb.go:939.52,941.2 1 0
github.com/sparkle/gateway/gen/sparkle/inference/v1/inference.pb.go:943.48,944.14 1 0
github.com/sparkle/gateway/gen/sparkle/inference/v1/inference.pb.go:944.14,946.3 1 0
github.com/sparkle/gateway/gen/sparkle/inference/v1/inference.pb.go:947.2,947.10 1 0
github.com/sparkle/gateway/gen/sparkle/inference/v1/inference.pb.go:950.46,951.14 1 0
github.com/sparkle/gateway/gen/sparkle/inference/v1/inference.pb.go:951.14,953.3 1 0
github.com/sparkle/gateway/gen/sparkle/inference/v1/inference.pb.go:954.2,954.10 1 0
github.com/sparkle/gateway/gen/sparkle/inference/v1/inference.pb.go:957.48,958.14 1 0
github.com/sparkle/gateway/gen/sparkle/inference/v1/inference.pb.go:958.14,960.3 1 0
github.com/sparkle/gateway/gen/sparkle/inference/v1/inference.pb.go:961.2,961.10 1 0
github.com/sparkle/gateway/gen/sparkle/inference/v1/inference.pb.go:964.46,965.14 1 0
github.com/sparkle/gateway/gen/sparkle/inference/v1/inference.pb.go:965.14,967.3 1 0
github.com/sparkle/gateway/gen/sparkle/inference/v1/inference.pb.go:968.2,968.10 1 0
github.com/sparkle/gateway/gen/sparkle/inference/v1/inference.pb.go:971.42,972.14 1 0
github.com/sparkle/gateway/gen/sparkle/inference/v1/inference.pb.go:972.14,974.3 1 0
github.com/sparkle/gateway/gen/sparkle/inference/v1/inference.pb.go:975.2,975.11 1 0
github.com/sparkle/gateway/gen/sparkle/inference/v1/inference.pb.go:988.37,993.2 4 0
github.com/sparkle/gateway/gen/sparkle/inference/v1/inference.pb.go:995.45,997.2 1 0
github.com/sparkle/gateway/gen/sparkle/inference/v1/inference.pb.go:999.43,999.44 0 0
github.com/sparkle/gateway/gen/sparkle/inference/v1/inference.pb.go:1001.65,1003.14 2 0
github.com/sparkle/gateway/gen/sparkle/inference/v1/inference.pb.go:1003.14,1005.34 2 0
github.com/sparkle/gateway/gen/sparkle/inference/v1/inference.pb.go:1005.34,1007.4 1 0
github.com/sparkle/gateway/gen/sparkle/inference/v1/inference.pb.go:1008.3,1008.12 1 0
github.com/sparkle/gateway/gen/sparkle/inference/v1/inference.pb.go:1010.2,1010.24 1 0
github.com/sparkle/gateway/gen/sparkle/inference/v1/inference.pb.go:1014.56,1016.2 1 0
github.com/sparkle/gateway/gen/sparkle/inference/v1/inference.pb.go:1018.44,1019.14 1 0
github.com/sparkle/gateway/gen/sparkle/inference/v1/inference.pb.go:1019.14,1021.3 1 0
github.com/sparkle/gateway/gen/sparkle/inference/v1/inference.pb.go:1022.2,1022.11 1 0
github.com/sparkle/gateway/gen/sparkle/inference/v1/inference.pb.go:1025.53,1026.14 1 0
github.com/sparkle/gateway/gen/sparkle/inference/v1/inference.pb.go:1026.14,1028.3 1 0
github.com/sparkle/gateway/gen/sparkle/inference/v1/inference.pb.go:1029.2,1029.11 1 0
github.com/sparkle/gateway/gen/sparkle/inference/v1/inference.pb.go:1032.49,1033.14 1 0
github.com/sparkle/gateway/gen/sparkle/inference/v1/inference.pb.go:1033.14,1035.3 1 0
github.com/sparkle/gateway/gen/sparkle/inference/v1/inference.pb.go:1036.2,1036.12 1 0
github.com/sparkle/gateway/gen/sparkle/inference/v1/inference.pb.go:1039.57,1040.14 1 0
github.com/sparkle/gateway/gen/sparkle/inference/v1/inference.pb.go:1040.14,1042.3 1 0
github.com/sparkle/gateway/gen/sparkle/inference/v1/inference.pb.go:1043.2,1043.12 1 0
github.com/sparkle/gateway/gen/sparkle/inference/v1/inference.pb.go:1057.37,1062.2 4 0
github.com/sparkle/gateway/gen/sparkle/inference/v1/inference.pb.go:1064.45,1066.2 1 0
github.com/sparkle/gateway/gen/sparkle/inference/v1/inference.pb.go:1068.43,1068.44 0 0
github.com/sparkle/gateway/gen/sparkle/inference/v1/inference.pb.go:1070.65,1072.14 2 0
github.com/sparkle/gateway/gen/sparkle/inference/v1/inference.pb.go:1072.14,1074.34 2 0
github.com/sparkle/gateway/gen/sparkle/inference/v1/inference.pb.go:1074.34,1076.4 1 0
github.com/sparkle/gateway/gen/sparkle/inference/v1/inference.pb.go:1077.3,1077.12 1 0
github.com/sparkle/gateway/gen/sparkle/inference/v1/inference.pb.go:1079.2,1079.24 1 0
github.com/sparkle/gateway/gen/sparkle/inference/v1/inference.pb.go:1083.56,1085.2 1 0
github.com/sparkle/gateway/gen/sparkle/inference/v1/inference.pb.go:1087.64,1088.14 1 0
[...]
github.com/sparkle/gateway/internal/handler/stt_handler.go:96.2,97.16 2 0
github.com/sparkle/gateway/internal/handler/stt_handler.go:97.16,104.3 3 0
github.com/sparkle/gateway/internal/handler/stt_handler.go:105.2,115.22 6 0
github.com/sparkle/gateway/internal/handler/stt_handler.go:115.22,116.23 1 0
github.com/sparkle/gateway/internal/handler/stt_handler.go:116.23,118.4 1 0
github.com/sparkle/gateway/internal/handler/stt_handler.go:122.2,122.12 1 0
github.com/sparkle/gateway/internal/handler/stt_handler.go:122.12,124.7 2 0
github.com/sparkle/gateway/internal/handler/stt_handler.go:124.7,125.11 1 0
github.com/sparkle/gateway/internal/handler/stt_handler.go:126.16,127.11 1 0
github.com/sparkle/gateway/internal/handler/stt_handler.go:128.12,130.19 2 0
github.com/sparkle/gateway/internal/handler/stt_handler.go:130.19,131.110 1 0
github.com/sparkle/gateway/internal/handler/stt_handler.go:131.110,133.7 1 0
github.com/sparkle/gateway/internal/handler/stt_handler.go:133.12,135.7 1 0
github.com/sparkle/gateway/internal/handler/stt_handler.go:136.6,136.12 1 0
github.com/sparkle/gateway/internal/handler/stt_handler.go:140.5,140.70 1 0
github.com/sparkle/gateway/internal/handler/stt_handler.go:140.70,143.6 2 0
github.com/sparkle/gateway/internal/handler/stt_handler.go:149.2,149.12 1 0
github.com/sparkle/gateway/internal/handler/stt_handler.go:149.12,151.7 2 0
github.com/sparkle/gateway/internal/handler/stt_handler.go:151.7,152.11 1 0
github.com/sparkle/gateway/internal/handler/stt_handler.go:153.16,154.11 1 0
github.com/sparkle/gateway/internal/handler/stt_handler.go:155.12,157.19 2 0
github.com/sparkle/gateway/internal/handler/stt_handler.go:157.19,158.110 1 0
github.com/sparkle/gateway/internal/handler/stt_handler.go:158.110,160.7 1 0
github.com/sparkle/gateway/internal/handler/stt_handler.go:160.12,162.7 1 0
github.com/sparkle/gateway/internal/handler/stt_handler.go:163.6,163.12 1 0
github.com/sparkle/gateway/internal/handler/stt_handler.go:167.5,167.70 1 0
github.com/sparkle/gateway/internal/handler/stt_handler.go:167.70,170.6 2 0
github.com/sparkle/gateway/internal/handler/stt_handler.go:176.2,177.16 2 0
github.com/sparkle/gateway/internal/handler/stt_handler.go:177.16,181.3 1 0
github.com/sparkle/gateway/internal/handler/stt_handler.go:184.2,186.76 2 0
github.com/sparkle/gateway/internal/handler/stt_handler.go:198.65,200.2 1 0
github.com/sparkle/gateway/internal/handler/stt_handler.go:203.56,205.51 2 0
github.com/sparkle/gateway/internal/handler/stt_handler.go:205.51,207.3 1 0
github.com/sparkle/gateway/internal/handler/stt_handler.go:208.2,208.18 1 0
github.com/sparkle/gateway/internal/handler/websocket_factory.go:22.64,24.2 1 1
github.com/sparkle/gateway/internal/handler/websocket_factory.go:27.64,34.2 1 1
github.com/sparkle/gateway/internal/handler/websocket_factory.go:37.62,41.18 2 1
github.com/sparkle/gateway/internal/handler/websocket_factory.go:41.18,43.3 1 1
github.com/sparkle/gateway/internal/handler/websocket_factory.go:45.2,46.14 2 1
github.com/sparkle/gateway/internal/handler/websocket_factory.go:46.14,48.3 1 1
github.com/sparkle/gateway/internal/handler/websocket_factory.go:49.2,49.16 1 1
github.com/sparkle/gateway/internal/handler/websocket_factory.go:54.43,58.43 1 1
github.com/sparkle/gateway/internal/handler/websocket_factory.go:58.43,60.4 1 1
github.com/sparkle/gateway/internal/handler/websocket_factory.go:64.30,67.2 2 1
github.com/sparkle/gateway/internal/handler/websocket_factory.go:69.57,71.18 2 1
github.com/sparkle/gateway/internal/handler/websocket_factory.go:71.18,73.3 1 1
github.com/sparkle/gateway/internal/handler/websocket_factory.go:75.2,76.29 2 0
github.com/sparkle/gateway/internal/handler/websocket_factory.go:76.29,85.39 3 0
github.com/sparkle/gateway/internal/handler/websocket_factory.go:85.39,87.4 1 0
github.com/sparkle/gateway/internal/handler/websocket_factory.go:90.2,90.20 1 0
github.com/sparkle/gateway/internal/handler/websocket_factory.go:90.20,92.3 1 0
github.com/sparkle/gateway/internal/handler/websocket_factory.go:93.2,93.11 1 0
github.com/sparkle/gateway/internal/handler/websocket_proxy.go:37.99,45.44 1 1
github.com/sparkle/gateway/internal/handler/websocket_proxy.go:45.44,48.21 2 0
github.com/sparkle/gateway/internal/handler/websocket_proxy.go:48.21,50.6 1 0
github.com/sparkle/gateway/internal/handler/websocket_proxy.go:51.5,52.17 2 0
github.com/sparkle/gateway/internal/handler/websocket_proxy.go:52.17,55.6 1 0
github.com/sparkle/gateway/internal/handler/websocket_proxy.go:56.5,56.19 1 0
github.com/sparkle/gateway/internal/handler/websocket_proxy.go:67.60,72.18 3 0
github.com/sparkle/gateway/internal/handler/websocket_proxy.go:72.18,75.3 2 0
github.com/sparkle/gateway/internal/handler/websocket_proxy.go:77.2,85.17 4 0
github.com/sparkle/gateway/internal/handler/websocket_proxy.go:85.17,88.3 2 0
github.com/sparkle/gateway/internal/handler/websocket_proxy.go:91.2,91.84 1 0
github.com/sparkle/gateway/internal/handler/websocket_proxy.go:96.59,100.18 2 0
github.com/sparkle/gateway/internal/handler/websocket_proxy.go:100.18,103.3 2 0
github.com/sparkle/gateway/internal/handler/websocket_proxy.go:105.2,109.17 3 0
github.com/sparkle/gateway/internal/handler/websocket_proxy.go:109.17,112.3 2 0
github.com/sparkle/gateway/internal/handler/websocket_proxy.go:114.2,117.57 2 0
github.com/sparkle/gateway/internal/handler/websocket_proxy.go:117.57,122.3 2 0
github.com/sparkle/gateway/internal/handler/websocket_proxy.go:124.2,124.82 1 0
github.com/sparkle/gateway/internal/handler/websocket_proxy.go:128.141,129.35 1 0
github.com/sparkle/gateway/internal/handler/websocket_proxy.go:129.35,132.3 2 0
github.com/sparkle/gateway/internal/handler/websocket_proxy.go:133.2,136.16 3 0
github.com/sparkle/gateway/internal/handler/websocket_proxy.go:136.16,142.3 3 0
github.com/sparkle/gateway/internal/handler/websocket_proxy.go:145.2,146.70 2 0
github.com/sparkle/gateway/internal/handler/websocket_proxy.go:146.70,148.3 1 0
github.com/sparkle/gateway/internal/handler/websocket_proxy.go:149.2,150.16 2 0
github.com/sparkle/gateway/internal/handler/websocket_proxy.go:150.16,156.3 3 0
github.com/sparkle/gateway/internal/handler/websocket_proxy.go:157.2,161.81 3 0
github.com/sparkle/gateway/internal/handler/websocket_proxy.go:161.81,163.3 1 0
github.com/sparkle/gateway/internal/handler/websocket_proxy.go:164.2,165.16 2 0
github.com/sparkle/gateway/internal/handler/websocket_proxy.go:165.16,169.3 2 0
github.com/sparkle/gateway/internal/handler/websocket_proxy.go:170.2,173.20 3 0
github.com/sparkle/gateway/internal/handler/websocket_proxy.go:173.20,175.3 1 0
github.com/sparkle/gateway/internal/handler/websocket_proxy.go:176.2,177.19 2 0
github.com/sparkle/gateway/internal/handler/websocket_proxy.go:177.19,179.3 1 0
github.com/sparkle/gateway/internal/handler/websocket_proxy.go:180.2,181.51 2 0
github.com/sparkle/gateway/internal/handler/websocket_proxy.go:181.51,183.3 1 0
github.com/sparkle/gateway/internal/handler/websocket_proxy.go:184.2,185.20 2 0
github.com/sparkle/gateway/internal/handler/websocket_proxy.go:185.20,187.3 1 0
github.com/sparkle/gateway/internal/handler/websocket_proxy.go:188.2,192.47 5 0
github.com/sparkle/gateway/internal/handler/websocket_proxy.go:192.47,194.3 1 0
github.com/sparkle/gateway/internal/handler/websocket_proxy.go:195.2,195.48 1 0
github.com/sparkle/gateway/internal/handler/websocket_proxy.go:195.48,197.3 1 0
github.com/sparkle/gateway/internal/handler/websocket_proxy.go:199.2,208.23 5 0
github.com/sparkle/gateway/internal/handler/websocket_proxy.go:208.23,209.22 1 0
github.com/sparkle/gateway/internal/handler/websocket_proxy.go:209.22,211.4 1 0
github.com/sparkle/gateway/internal/handler/websocket_proxy.go:213.2,215.97 3 0
github.com/sparkle/gateway/internal/handler/websocket_proxy.go:215.97,220.3 4 0
github.com/sparkle/gateway/internal/handler/websocket_proxy.go:223.2,223.12 1 0
github.com/sparkle/gateway/internal/handler/websocket_proxy.go:223.12,225.7 2 0
github.com/sparkle/gateway/internal/handler/websocket_proxy.go:225.7,227.18 2 0
github.com/sparkle/gateway/internal/handler/websocket_proxy.go:227.18,228.104 1 0
github.com/sparkle/gateway/internal/handler/websocket_proxy.go:228.104,232.6 1 0
github.com/sparkle/gateway/internal/handler/websocket_proxy.go:233.5,234.11 2 0
github.com/sparkle/gateway/internal/handler/websocket_proxy.go:237.4,237.40 1 0
github.com/sparkle/gateway/internal/handler/websocket_proxy.go:237.40,242.13 2 0
github.com/sparkle/gateway/internal/handler/websocket_proxy.go:245.4,245.86 1 0
github.com/sparkle/gateway/internal/handler/websocket_proxy.go:245.86,246.13 1 0
github.com/sparkle/gateway/internal/handler/websocket_proxy.go:248.4,248.88 1 0
github.com/sparkle/gateway/internal/handler/websocket_proxy.go:248.88,254.5 3 0
github.com/sparkle/gateway/internal/handler/websocket_proxy.go:259.2,259.12 1 0
github.com/sparkle/gateway/internal/handler/websocket_proxy.go:259.12,261.7 2 0
github.com/sparkle/gateway/internal/handler/websocket_proxy.go:261.7,263.18 2 0
github.com/sparkle/gateway/internal/handler/websocket_proxy.go:263.18,264.104 1 0
github.com/sparkle/gateway/internal/handler/websocket_proxy.go:264.104,268.6 1 0
github.com/sparkle/gateway/internal/handler/websocket_proxy.go:269.5,270.11 2 0
github.com/sparkle/gateway/internal/handler/websocket_proxy.go:273.4,273.34 1 0
github.com/sparkle/gateway/internal/handler/websocket_proxy.go:273.34,278.13 2 0
github.com/sparkle/gateway/internal/handler/websocket_proxy.go:280.4,280.86 1 0
github.com/sparkle/gateway/internal/handler/websocket_proxy.go:280.86,286.5 3 0
github.com/sparkle/gateway/internal/handler/websocket_proxy.go:290.2,290.12 1 0
github.com/sparkle/gateway/internal/handler/websocket_proxy.go:290.12,293.7 3 0
github.com/sparkle/gateway/internal/handler/websocket_proxy.go:293.7,294.11 1 0
github.com/sparkle/gateway/internal/handler/websocket_proxy.go:295.16,296.11 1 0
github.com/sparkle/gateway/internal/handler/websocket_proxy.go:297.20,298.96 1 0
github.com/sparkle/gateway/internal/handler/websocket_proxy.go:298.96,302.6 3 0
github.com/sparkle/gateway/internal/handler/websocket_proxy.go:303.5,303.98 1 0
github.com/sparkle/gateway/internal/handler/websocket_proxy.go:303.98,307.6 3 0
github.com/sparkle/gateway/internal/handler/websocket_proxy.go:313.2,314.9 2 0
github.com/sparkle/gateway/internal/handler/websocket_proxy.go:315.24,316.79 1 0
github.com/sparkle/gateway/internal/handler/websocket_proxy.go:316.79,320.4 1 0
github.com/sparkle/gateway/internal/handler/websocket_proxy.go:321.10,321.10 0 0
github.com/sparkle/gateway/internal/handler/websocket_proxy.go:324.2,326.37 1 0
github.com/sparkle/gateway/internal/handler/websocket_proxy.go:329.65,333.19 3 1
github.com/sparkle/gateway/internal/handler/websocket_proxy.go:333.19,335.3 1 0
github.com/sparkle/gateway/internal/handler/websocket_proxy.go:337.2,339.40 3 1
github.com/sparkle/gateway/internal/handler/websocket_proxy.go:339.40,342.3 2 1
github.com/sparkle/gateway/internal/handler/websocket_proxy.go:343.2,344.13 2 1
github.com/sparkle/gateway/internal/handler/websocket_proxy.go:347.62,351.19 3 1
github.com/sparkle/gateway/internal/handler/websocket_proxy.go:351.19,353.3 1 0
github.com/sparkle/gateway/internal/handler/websocket_proxy.go:355.2,357.33 3 1
github.com/sparkle/gateway/internal/handler/websocket_proxy.go:357.33,360.3 2 1
github.com/sparkle/gateway/internal/handler/websocket_proxy.go:361.2,361.26 1 0
github.com/sparkle/gateway/internal/handler/websocket_proxy.go:364.69,366.2 1 1
github.com/sparkle/gateway/internal/handler/websocket_proxy.go:368.54,370.2 1 1
github.com/sparkle/gateway/internal/handler/websocket_proxy.go:372.72,374.16 2 0
github.com/sparkle/gateway/internal/handler/websocket_proxy.go:374.16,376.3 1 0
github.com/sparkle/gateway/internal/handler/websocket_proxy.go:378.2,378.23 1 0
github.com/sparkle/gateway/internal/handler/websocket_proxy.go:379.14,380.23 1 0
github.com/sparkle/gateway/internal/handler/websocket_proxy.go:381.15,382.24 1 0
github.com/sparkle/gateway/internal/handler/websocket_proxy.go:383.19,383.19 0 0
github.com/sparkle/gateway/internal/handler/websocket_proxy.go:384.10,385.23 1 0
github.com/sparkle/gateway/internal/handler/websocket_proxy.go:388.2,388.29 1 0
github.com/sparkle/gateway/internal/handler/websocket_proxy.go:391.82,393.21 2 1
github.com/sparkle/gateway/internal/handler/websocket_proxy.go:393.21,395.3 1 1
github.com/sparkle/gateway/internal/handler/websocket_proxy.go:396.2,396.52 1 1
github.com/sparkle/gateway/internal/handler/websocket_proxy.go:396.52,398.3 1 1
github.com/sparkle/gateway/internal/handler/websocket_proxy.go:399.2,399.73 1 1
github.com/sparkle/gateway/internal/handler/websocket_proxy.go:399.73,401.3 1 1
github.com/sparkle/gateway/internal/handler/websocket_proxy.go:402.2,402.55 1 1
github.com/sparkle/gateway/internal/handler/websocket_proxy.go:402.55,404.3 1 1
github.com/sparkle/gateway/internal/handler/websocket_proxy.go:405.2,405.16 1 1
github.com/sparkle/gateway/internal/handler/websocket_proxy.go:409.40,411.2 1 0
github.com/sparkle/gateway/internal/handler/ws_registry.go:27.146,35.2 1 1
github.com/sparkle/gateway/internal/handler/ws_registry.go:37.113,39.21 2 1
github.com/sparkle/gateway/internal/handler/ws_registry.go:39.21,41.41 2 1
github.com/sparkle/gateway/internal/handler/ws_registry.go:41.41,43.4 1 1
github.com/sparkle/gateway/internal/handler/ws_registry.go:44.3,44.33 1 1
github.com/sparkle/gateway/internal/handler/ws_registry.go:44.33,47.4 2 0
github.com/sparkle/gateway/internal/handler/ws_registry.go:49.2,49.22 1 1
github.com/sparkle/gateway/internal/handler/ws_registry.go:49.22,50.49 1 1
github.com/sparkle/gateway/internal/handler/ws_registry.go:50.49,53.4 2 1
github.com/sparkle/gateway/internal/handler/ws_registry.go:55.2,55.34 1 1
github.com/sparkle/gateway/internal/handler/ws_registry.go:55.34,57.3 1 1
github.com/sparkle/gateway/internal/handler/ws_registry.go:58.2,61.41 3 1
github.com/sparkle/gateway/internal/handler/ws_registry.go:61.41,63.3 1 0
github.com/sparkle/gateway/internal/handler/ws_registry.go:64.2,64.26 1 1
github.com/sparkle/gateway/internal/handler/ws_registry.go:64.26,65.13 1 1
github.com/sparkle/gateway/internal/handler/ws_registry.go:65.13,68.4 2 1
github.com/sparkle/gateway/internal/handler/ws_registry.go:70.2,70.13 1 1
github.com/sparkle/gateway/internal/handler/ws_registry.go:73.78,76.24 3 1
github.com/sparkle/gateway/internal/handler/ws_registry.go:76.24,79.3 2 0
github.com/sparkle/gateway/internal/handler/ws_registry.go:80.2,81.18 2 1
github.com/sparkle/gateway/internal/handler/ws_registry.go:81.18,84.3 2 0
github.com/sparkle/gateway/internal/handler/ws_registry.go:85.2,86.27 2 1
github.com/sparkle/gateway/internal/handler/ws_registry.go:86.27,88.3 1 1
github.com/sparkle/gateway/internal/handler/ws_registry.go:89.2,91.47 2 1
github.com/sparkle/gateway/internal/handler/ws_registry.go:91.47,93.3 1 0
github.com/sparkle/gateway/internal/handler/ws_registry.go:94.2,94.26 1 1
github.com/sparkle/gateway/internal/handler/ws_registry.go:94.26,95.13 1 1
github.com/sparkle/gateway/internal/handler/ws_registry.go:95.13,98.4 2 1
github.com/sparkle/gateway/internal/handler/ws_registry.go:102.73,106.30 4 1
github.com/sparkle/gateway/internal/handler/ws_registry.go:106.30,108.3 1 1
github.com/sparkle/gateway/internal/handler/ws_registry.go:109.2,109.28 1 1
github.com/sparkle/gateway/internal/handler/ws_registry.go:109.28,111.3 1 1
github.com/sparkle/gateway/internal/handler/ws_registry.go:112.2,112.19 1 0
github.com/sparkle/gateway/internal/handler/ws_registry.go:115.87,119.30 4 0
github.com/sparkle/gateway/internal/handler/ws_registry.go:119.30,121.3 1 0
github.com/sparkle/gateway/internal/handler/ws_registry.go:122.2,122.32 1 0
github.com/sparkle/gateway/internal/handler/ws_registry.go:122.32,123.42 1 0
github.com/sparkle/gateway/internal/handler/ws_registry.go:123.42,125.4 1 0
github.com/sparkle/gateway/internal/handler/ws_registry.go:127.2,127.19 1 0
github.com/sparkle/gateway/internal/handler/ws_registry.go:133.101,136.30 3 0
github.com/sparkle/gateway/internal/handler/ws_registry.go:136.30,139.3 2 0
github.com/sparkle/gateway/internal/handler/ws_registry.go:141.2,146.35 3 0
github.com/sparkle/gateway/internal/handler/ws_registry.go:146.35,147.42 1 0
github.com/sparkle/gateway/internal/handler/ws_registry.go:147.42,149.4 1 0
github.com/sparkle/gateway/internal/handler/ws_registry.go:151.2,155.28 4 0
github.com/sparkle/gateway/internal/handler/ws_registry.go:155.28,156.47 1 0
github.com/sparkle/gateway/internal/handler/ws_registry.go:156.47,158.4 1 0
github.com/sparkle/gateway/internal/handler/ws_registry.go:158.9,160.4 1 0
github.com/sparkle/gateway/internal/handler/ws_registry.go:162.2,162.21 1 0
github.com/sparkle/gateway/internal/handler/ws_registry.go:166.42,170.40 4 1
github.com/sparkle/gateway/internal/handler/ws_registry.go:170.40,172.3 1 1
github.com/sparkle/gateway/internal/handler/ws_registry.go:173.2,173.14 1 1
github.com/sparkle/gateway/internal/handler/ws_registry.go:178.62,181.45 3 0
github.com/sparkle/gateway/internal/handler/ws_registry.go:181.45,182.33 1 0
github.com/sparkle/gateway/internal/handler/ws_registry.go:182.33,183.41 1 0
github.com/sparkle/gateway/internal/handler/ws_registry.go:183.41,185.5 1 0
github.com/sparkle/gateway/internal/handler/ws_registry.go:188.2,191.38 3 0
github.com/sparkle/gateway/internal/handler/ws_registry.go:191.38,192.30 1 0
github.com/sparkle/gateway/internal/handler/ws_registry.go:192.30,194.22 2 0
github.com/sparkle/gateway/internal/handler/ws_registry.go:194.22,196.13 2 0
github.com/sparkle/gateway/internal/handler/ws_registry.go:198.4,203.20 2 0
github.com/sparkle/gateway/internal/handler/ws_registry.go:205.3,207.16 3 0
github.com/sparkle/gateway/internal/handler/ws_safe_writer.go:17.83,25.2 3 1
github.com/sparkle/gateway/internal/handler/ws_safe_writer.go:27.56,28.9 1 1
github.com/sparkle/gateway/internal/handler/ws_safe_writer.go:29.19,29.19 0 1
github.com/sparkle/gateway/internal/handler/ws_safe_writer.go:30.33,31.68 1 1
github.com/sparkle/gateway/internal/handler/ws_safe_writer.go:33.2,33.15 1 1
github.com/sparkle/gateway/internal/handler/ws_safe_writer.go:33.15,35.3 1 1
github.com/sparkle/gateway/internal/handler/ws_safe_writer.go:36.2,36.13 1 1
github.com/sparkle/gateway/internal/handler/ws_safe_writer.go:39.61,41.16 2 1
github.com/sparkle/gateway/internal/handler/ws_safe_writer.go:41.16,43.3 1 0
github.com/sparkle/gateway/internal/handler/ws_safe_writer.go:44.2,44.52 1 1
github.com/sparkle/gateway/internal/handler/ws_safe_writer.go:47.73,48.33 1 1
github.com/sparkle/gateway/internal/handler/ws_safe_writer.go:48.33,50.16 2 1
github.com/sparkle/gateway/internal/handler/ws_safe_writer.go:50.16,52.4 1 1
github.com/sparkle/gateway/internal/handler/ws_safe_writer.go:53.3,53.48 1 1
github.com/sparkle/gateway/internal/handler/ws_safe_writer.go:57.73,58.33 1 0
github.com/sparkle/gateway/internal/handler/ws_safe_writer.go:58.33,60.3 1 0
github.com/sparkle/gateway/internal/handler/ws_safe_writer.go:63.38,64.33 1 0
github.com/sparkle/gateway/internal/handler/ws_safe_writer.go:64.33,66.3 1 0
github.com/sparkle/gateway/internal/handler/ws_ticket.go:24.81,26.2 1 1
github.com/sparkle/gateway/internal/handler/ws_ticket.go:28.49,30.18 2 1
github.com/sparkle/gateway/internal/handler/ws_ticket.go:30.18,33.3 2 1
github.com/sparkle/gateway/internal/handler/ws_ticket.go:34.2,44.21 8 1
github.com/sparkle/gateway/internal/handler/ws_ticket.go:44.21,46.3 1 1
github.com/sparkle/gateway/internal/handler/ws_ticket.go:47.2,48.16 2 1
github.com/sparkle/gateway/internal/handler/ws_ticket.go:48.16,52.3 3 0
github.com/sparkle/gateway/internal/handler/ws_ticket.go:53.2,53.18 1 1
github.com/sparkle/gateway/internal/handler/ws_ticket.go:53.18,57.3 3 1
github.com/sparkle/gateway/internal/handler/ws_ticket.go:58.2,58.72 1 0
github.com/sparkle/gateway/internal/handler/ws_ticket.go:58.72,62.3 3 0
github.com/sparkle/gateway/internal/handler/ws_ticket.go:64.2,69.4 2 0
